#
# A fatal error has been detected by the Java Runtime Environment:
#
#  EXCEPTION_ACCESS_VIOLATION (0xc0000005) at pc=0x00007ffd390c5536, pid=1108, tid=0x00000000000021d4
#
# JRE version: Java(TM) SE Runtime Environment (8.0_121-b13) (build 1.8.0_121-b13)
# Java VM: Java HotSpot(TM) 64-Bit Server VM (25.121-b13 mixed mode windows-amd64 compressed oops)
# Problematic frame:
# C  [KinectPV2.dll+0x5536]
#
# Failed to write core dump. Minidumps are not enabled by default on client versions of Windows
#
# If you would like to submit a bug report, please visit:
#   http://bugreport.java.com/bugreport/crash.jsp
# The crash happened outside the Java Virtual Machine in native code.
# See problematic frame for where to report the bug.
#

---------------  T H R E A D  ---------------

Current thread (0x0000000026b3b800):  JavaThread "main-FPSAWTAnimator#00-Timer0" [_thread_in_native, id=8660, stack(0x0000000028880000,0x0000000028980000)]

siginfo: ExceptionCode=0xc0000005, reading address 0xffffffffffffffff

Registers:
RAX=0x0000000000000001, RBX=0x0000000023c3d280, RCX=0x006c006f00420020, RDX=0x0000000000000000
RSP=0x000000002897e080, RBP=0x0000000000000000, RSI=0x0000000000000006, RDI=0x0000000023c3d4b0
R8 =0x000000002897dd68, R9 =0x0000000000008000, R10=0x0000000000000000, R11=0x000000002897dfb0
R12=0x0000000000000000, R13=0x0000000029d95f40, R14=0x000000002897e170, R15=0x0000000026b3b800
RIP=0x00007ffd390c5536, EFLAGS=0x0000000000010202

Top of Stack: (sp=0x000000002897e080)
0x000000002897e080:   0000000023c3d280 0000000029d95f40
0x000000002897e090:   0000000000000000 000000001d9dbb40
0x000000002897e0a0:   000000001d9dbb40 00007ffd390c177a
0x000000002897e0b0:   000000002897e170 000000002897e150
0x000000002897e0c0:   0000000026b3b9f8 0000000026b3b800
0x000000002897e0d0:   0000000002dd835d 0000000002de7f74
0x000000002897e0e0:   0000000029d95f40 0000000026b3b800
0x000000002897e0f0:   0000000026b3b800 0000000026b3b800
0x000000002897e100:   000000002897e1c8 0000000002de7ca2
0x000000002897e110:   000000002897e110 0000000029d95f40
0x000000002897e120:   000000002897e170 0000000029d97bd8
0x000000002897e130:   0000000000000000 0000000029d95f40
0x000000002897e140:   0000000000000000 000000002897e170
0x000000002897e150:   000000002897e1b8 0000000002dd7b30
0x000000002897e160:   0000000000000000 0000000002de19c0
0x000000002897e170:   0000000778f98178 000000002897e178 

Instructions: (pc=0x00007ffd390c5536)
0x00007ffd390c5516:   8f 90 00 00 00 48 85 c9 74 0d 48 8b 01 ff 50 10
0x00007ffd390c5526:   48 89 af 90 00 00 00 48 8b 4f 30 48 85 c9 74 0a
0x00007ffd390c5536:   48 8b 01 ff 50 10 48 89 6f 30 48 8b 4f 60 48 85
0x00007ffd390c5546:   c9 74 0a 48 8b 01 ff 50 10 48 89 6f 60 48 8b 8f 


Register to memory mapping:

RAX=0x0000000000000001 is an unknown value
RBX=0x0000000023c3d280 is an unknown value
RCX=0x006c006f00420020 is an unknown value
RDX=0x0000000000000000 is an unknown value
RSP=0x000000002897e080 is pointing into the stack for thread: 0x0000000026b3b800
RBP=0x0000000000000000 is an unknown value
RSI=0x0000000000000006 is an unknown value
RDI=0x0000000023c3d4b0 is an unknown value
R8 =0x000000002897dd68 is pointing into the stack for thread: 0x0000000026b3b800
R9 =0x0000000000008000 is an unknown value
R10=0x0000000000000000 is an unknown value
R11=0x000000002897dfb0 is pointing into the stack for thread: 0x0000000026b3b800
R12=0x0000000000000000 is an unknown value
R13={method} {0x0000000029d95f48} 'jniStopSignal' '()Z' in 'KinectPV2/Device'
R14=0x000000002897e170 is pointing into the stack for thread: 0x0000000026b3b800
R15=0x0000000026b3b800 is a thread


Stack: [0x0000000028880000,0x0000000028980000],  sp=0x000000002897e080,  free space=1016k
Native frames: (J=compiled Java code, j=interpreted, Vv=VM code, C=native code)

Java frames: (J=compiled Java code, j=interpreted, Vv=VM code)
j  KinectPV2.Device.jniStopSignal()Z+0
j  KinectPV2.Device.cleanDevice()Z+1
j  KinectPV2.KinectPV2.dispose()V+10
v  ~StubRoutines::call_stub
j  sun.reflect.NativeMethodAccessorImpl.invoke0(Ljava/lang/reflect/Method;Ljava/lang/Object;[Ljava/lang/Object;)Ljava/lang/Object;+0
j  sun.reflect.NativeMethodAccessorImpl.invoke(Ljava/lang/Object;[Ljava/lang/Object;)Ljava/lang/Object;+100
j  sun.reflect.DelegatingMethodAccessorImpl.invoke(Ljava/lang/Object;[Ljava/lang/Object;)Ljava/lang/Object;+6
j  java.lang.reflect.Method.invoke(Ljava/lang/Object;[Ljava/lang/Object;)Ljava/lang/Object;+56
j  processing.core.PApplet$RegisteredMethods.handle([Ljava/lang/Object;)V+18
J 1194 C1 processing.core.PApplet.handleMethods(Ljava/lang/String;)V (21 bytes) @ 0x000000000324a61c [0x000000000324a360+0x2bc]
j  processing.core.PApplet.dispose()V+35
J 1356 C1 processing.opengl.PSurfaceJOGL$DrawListener.display(Lcom/jogamp/opengl/GLAutoDrawable;)V (194 bytes) @ 0x00000000032cbcf4 [0x00000000032cb1a0+0xb54]
J 1355 C1 jogamp.opengl.GLDrawableHelper.displayImpl(Lcom/jogamp/opengl/GLAutoDrawable;)V (86 bytes) @ 0x00000000032c9d4c [0x00000000032c9420+0x92c]
J 1303 C1 jogamp.opengl.GLAutoDrawableBase$2.run()V (73 bytes) @ 0x000000000328dcd4 [0x000000000328d8e0+0x3f4]
J 1354 C1 jogamp.opengl.GLDrawableHelper.invokeGLImpl(Lcom/jogamp/opengl/GLDrawable;Lcom/jogamp/opengl/GLContext;Ljava/lang/Runnable;Ljava/lang/Runnable;)V (579 bytes) @ 0x00000000032c633c [0x00000000032c54e0+0xe5c]
J 1383 C1 jogamp.opengl.GLDrawableHelper.invokeGL(Lcom/jogamp/opengl/GLDrawable;Lcom/jogamp/opengl/GLContext;Ljava/lang/Runnable;Ljava/lang/Runnable;)V (76 bytes) @ 0x00000000032e9704 [0x00000000032e9640+0xc4]
J 1351 C1 com.jogamp.newt.opengl.GLWindow.display()V (144 bytes) @ 0x00000000032c2294 [0x00000000032c19a0+0x8f4]
J 1350 C1 com.jogamp.opengl.util.AWTAnimatorImpl.display(Ljava/util/ArrayList;ZZ)V (170 bytes) @ 0x00000000032ba83c [0x00000000032ba140+0x6fc]
J 1348 C1 com.jogamp.opengl.util.FPSAnimator$MainTask.run()V (805 bytes) @ 0x00000000032bd514 [0x00000000032bc780+0xd94]
j  java.util.TimerThread.mainLoop()V+221
j  java.util.TimerThread.run()V+1
v  ~StubRoutines::call_stub

---------------  P R O C E S S  ---------------

Java Threads: ( => current thread )
  0x000000001ee05800 JavaThread "Thread-6" [_thread_blocked, id=14308, stack(0x0000000037880000,0x0000000037980000)]
  0x0000000002cd2800 JavaThread "DestroyJavaVM" [_thread_blocked, id=6016, stack(0x0000000002ae0000,0x0000000002be0000)]
=>0x0000000026b3b800 JavaThread "main-FPSAWTAnimator#00-Timer0" [_thread_in_native, id=8660, stack(0x0000000028880000,0x0000000028980000)]
  0x0000000026b3a000 JavaThread "Thread-3" [_thread_blocked, id=11760, stack(0x0000000028780000,0x0000000028880000)]
  0x000000001edaf800 JavaThread "main-SharedResourceRunner" daemon [_thread_blocked, id=7416, stack(0x00000000243b0000,0x00000000244b0000)]
  0x000000001ec9f000 JavaThread "main-Display-.windows_nil-1-EDT-1" daemon [_thread_blocked, id=1844, stack(0x00000000242b0000,0x00000000243b0000)]
  0x000000001e81a800 JavaThread "AWT-Windows" daemon [_thread_in_native, id=9600, stack(0x000000001f0f0000,0x000000001f1f0000)]
  0x000000001e863800 JavaThread "Java2D Disposer" daemon [_thread_blocked, id=11848, stack(0x000000001eef0000,0x000000001eff0000)]
  0x000000001d8d4000 JavaThread "Monitor Ctrl-Break" daemon [_thread_in_native, id=1324, stack(0x000000001e4c0000,0x000000001e5c0000)]
  0x000000001d6b1800 JavaThread "Service Thread" daemon [_thread_blocked, id=9172, stack(0x000000001e1d0000,0x000000001e2d0000)]
  0x000000001d61b800 JavaThread "C1 CompilerThread3" daemon [_thread_blocked, id=11716, stack(0x000000001e0d0000,0x000000001e1d0000)]
  0x000000001d617800 JavaThread "C2 CompilerThread2" daemon [_thread_blocked, id=6404, stack(0x000000001dfd0000,0x000000001e0d0000)]
  0x000000001d610000 JavaThread "C2 CompilerThread1" daemon [_thread_blocked, id=7268, stack(0x000000001ded0000,0x000000001dfd0000)]
  0x000000001d608800 JavaThread "C2 CompilerThread0" daemon [_thread_blocked, id=13500, stack(0x000000001ddd0000,0x000000001ded0000)]
  0x000000001d607800 JavaThread "Attach Listener" daemon [_thread_blocked, id=9688, stack(0x000000001dcd0000,0x000000001ddd0000)]
  0x000000001d606000 JavaThread "Signal Dispatcher" daemon [_thread_blocked, id=2692, stack(0x000000001dbd0000,0x000000001dcd0000)]
  0x000000001d600800 JavaThread "Finalizer" daemon [_thread_blocked, id=96, stack(0x000000001d9e0000,0x000000001dae0000)]
  0x000000001b71c800 JavaThread "Reference Handler" daemon [_thread_blocked, id=11024, stack(0x000000001d4e0000,0x000000001d5e0000)]

Other Threads:
  0x000000001b718800 VMThread [stack: 0x000000001d3e0000,0x000000001d4e0000] [id=13948]
  0x000000001d6cf000 WatcherThread [stack: 0x000000001e2d0000,0x000000001e3d0000] [id=13640]

VM state:not at safepoint (normal execution)

VM Mutex/Monitor currently owned by a thread: None

Heap:
 PSYoungGen      total 67584K, used 39034K [0x0000000774d80000, 0x000000077d180000, 0x00000007c0000000)
  eden space 58368K, 51% used [0x0000000774d80000,0x0000000776aa3fc8,0x0000000778680000)
  from space 9216K, 99% used [0x0000000778f80000,0x000000077987a930,0x0000000779880000)
  to   space 9216K, 0% used [0x0000000778680000,0x0000000778680000,0x0000000778f80000)
 ParOldGen       total 154624K, used 57690K [0x00000006de800000, 0x00000006e7f00000, 0x0000000774d80000)
  object space 154624K, 37% used [0x00000006de800000,0x00000006e20569b8,0x00000006e7f00000)
 Metaspace       used 17048K, capacity 17240K, committed 17536K, reserved 1064960K
  class space    used 1548K, capacity 1616K, committed 1664K, reserved 1048576K

Card table byte_map: [0x0000000012190000,0x00000000128a0000] byte_map_base: 0x000000000ea9c000

Marking Bits: (ParMarkBitMap*) 0x000000005707b6d0
 Begin Bits: [0x0000000013560000, 0x0000000016dc0000)
 End Bits:   [0x0000000016dc0000, 0x000000001a620000)

Polling page: 0x0000000001370000

CodeCache: size=245760Kb used=6183Kb max_used=6195Kb free=239576Kb
 bounds [0x0000000002dd0000, 0x00000000033f0000, 0x0000000011dd0000]
 total_blobs=2541 nmethods=1656 adapters=798
 compilation: enabled

Compilation events (10 events):
Event: 57.112 Thread 0x000000001d608800 1652       4       jogamp.newt.driver.windows.DisplayDriver::dispatchMessagesNative (4 bytes)
Event: 57.113 Thread 0x000000001d608800 nmethod 1652 0x00000000033d8210 code [0x00000000033d8360, 0x00000000033d83e8]
Event: 57.164 Thread 0x000000001d617800 1653       4       jogamp.newt.DisplayImpl$7::run (8 bytes)
Event: 57.168 Thread 0x000000001d617800 nmethod 1653 0x00000000033dad90 code [0x00000000033daf20, 0x00000000033db508]
Event: 57.272 Thread 0x000000001d610000 1654       4       resources.KinectLink::drawJoint (44 bytes)
Event: 57.276 Thread 0x000000001d610000 nmethod 1654 0x00000000033e0690 code [0x00000000033e0840, 0x00000000033e0bf8]
Event: 57.738 Thread 0x000000001d608800 1655       4       processing.opengl.PJOGL::depthMask (11 bytes)
Event: 57.739 Thread 0x000000001d617800 1656       4       jogamp.opengl.gl4.GL4bcImpl::glDepthMask (43 bytes)
Event: 57.739 Thread 0x000000001d608800 nmethod 1655 0x00000000033b4010 code [0x00000000033b4160, 0x00000000033b4268]
Event: 57.741 Thread 0x000000001d617800 nmethod 1656 0x00000000033ddcd0 code [0x00000000033dde20, 0x00000000033ddee8]

GC Heap History (4 events):
Event: 3.044 GC heap before
{Heap before GC invocations=1 (full 0):
 PSYoungGen      total 67584K, used 56837K [0x0000000774d80000, 0x0000000779880000, 0x00000007c0000000)
  eden space 58368K, 97% used [0x0000000774d80000,0x0000000778501480,0x0000000778680000)
  from space 9216K, 0% used [0x0000000778f80000,0x0000000778f80000,0x0000000779880000)
  to   space 9216K, 0% used [0x0000000778680000,0x0000000778680000,0x0000000778f80000)
 ParOldGen       total 154624K, used 0K [0x00000006de800000, 0x00000006e7f00000, 0x0000000774d80000)
  object space 154624K, 0% used [0x00000006de800000,0x00000006de800000,0x00000006e7f00000)
 Metaspace       used 16232K, capacity 16372K, committed 16768K, reserved 1064960K
  class space    used 1527K, capacity 1584K, committed 1664K, reserved 1048576K
Event: 3.052 GC heap after
Heap after GC invocations=1 (full 0):
 PSYoungGen      total 67584K, used 7285K [0x0000000774d80000, 0x0000000779880000, 0x00000007c0000000)
  eden space 58368K, 0% used [0x0000000774d80000,0x0000000774d80000,0x0000000778680000)
  from space 9216K, 79% used [0x0000000778680000,0x0000000778d9d630,0x0000000778f80000)
  to   space 9216K, 0% used [0x0000000778f80000,0x0000000778f80000,0x0000000779880000)
 ParOldGen       total 154624K, used 8116K [0x00000006de800000, 0x00000006e7f00000, 0x0000000774d80000)
  object space 154624K, 5% used [0x00000006de800000,0x00000006defed010,0x00000006e7f00000)
 Metaspace       used 16232K, capacity 16372K, committed 16768K, reserved 1064960K
  class space    used 1527K, capacity 1584K, committed 1664K, reserved 1048576K
}
Event: 4.063 GC heap before
{Heap before GC invocations=2 (full 0):
 PSYoungGen      total 67584K, used 65653K [0x0000000774d80000, 0x0000000779880000, 0x00000007c0000000)
  eden space 58368K, 100% used [0x0000000774d80000,0x0000000778680000,0x0000000778680000)
  from space 9216K, 79% used [0x0000000778680000,0x0000000778d9d630,0x0000000778f80000)
  to   space 9216K, 0% used [0x0000000778f80000,0x0000000778f80000,0x0000000779880000)
 ParOldGen       total 154624K, used 8116K [0x00000006de800000, 0x00000006e7f00000, 0x0000000774d80000)
  object space 154624K, 5% used [0x00000006de800000,0x00000006defed010,0x00000006e7f00000)
 Metaspace       used 16667K, capacity 16856K, committed 17024K, reserved 1064960K
  class space    used 1547K, capacity 1616K, committed 1664K, reserved 1048576K
Event: 4.083 GC heap after
Heap after GC invocations=2 (full 0):
 PSYoungGen      total 67584K, used 9194K [0x0000000774d80000, 0x000000077d180000, 0x00000007c0000000)
  eden space 58368K, 0% used [0x0000000774d80000,0x0000000774d80000,0x0000000778680000)
  from space 9216K, 99% used [0x0000000778f80000,0x000000077987a930,0x0000000779880000)
  to   space 9216K, 0% used [0x0000000778680000,0x0000000778680000,0x0000000778f80000)
 ParOldGen       total 154624K, used 57690K [0x00000006de800000, 0x00000006e7f00000, 0x0000000774d80000)
  object space 154624K, 37% used [0x00000006de800000,0x00000006e20569b8,0x00000006e7f00000)
 Metaspace       used 16667K, capacity 16856K, committed 17024K, reserved 1064960K
  class space    used 1547K, capacity 1616K, committed 1664K, reserved 1048576K
}

Deoptimization events (10 events):
Event: 2.867 Thread 0x0000000002cd2800 Uncommon trap: reason=unstable_if action=reinterpret pc=0x00000000030e7bc8 method=java.util.HashMap.containsKey(Ljava/lang/Object;)Z @ 9
Event: 44.448 Thread 0x0000000026b3b800 Uncommon trap: reason=unstable_if action=reinterpret pc=0x0000000003356dac method=KinectPV2.Device.getSkeleton3d()Ljava/util/ArrayList; @ 40
Event: 44.448 Thread 0x0000000026b3b800 Uncommon trap: reason=unstable_if action=reinterpret pc=0x00000000031f4c24 method=processing.opengl.PGraphicsOpenGL$InGeometry.addVertex(FFFIFFFFFIFIIIFIZ)I @ 379
Event: 44.448 Thread 0x0000000026b3b800 Uncommon trap: reason=unstable_if action=reinterpret pc=0x00000000032672dc method=processing.opengl.PGraphicsOpenGL.tessellate(I)V @ 153
Event: 44.448 Thread 0x0000000026b3b800 Uncommon trap: reason=unstable_if action=reinterpret pc=0x000000000325d78c method=processing.opengl.PGraphicsOpenGL$Tessellator.setLastTexIndex(II)V @ 15
Event: 44.449 Thread 0x0000000026b3b800 Uncommon trap: reason=unstable_if action=reinterpret pc=0x000000000334814c method=processing.opengl.PGraphicsOpenGL.flush()V @ 59
Event: 44.456 Thread 0x0000000026b3b800 Uncommon trap: reason=unstable_if action=reinterpret pc=0x0000000003351f28 method=com.jogamp.common.util.IntObjectHashMap.get(I)Ljava/lang/Object; @ 19
Event: 44.456 Thread 0x0000000026b3b800 Uncommon trap: reason=unstable_if action=reinterpret pc=0x000000000333feec method=com.jogamp.common.util.IntObjectHashMap.get(I)Ljava/lang/Object; @ 19
Event: 44.457 Thread 0x0000000026b3b800 Uncommon trap: reason=predicate action=maybe_recompile pc=0x000000000335b6d4 method=java.util.regex.Pattern$Slice.match(Ljava/util/regex/Matcher;ILjava/lang/CharSequence;)Z @ 21
Event: 44.465 Thread 0x0000000026b3b800 Uncommon trap: reason=unstable_if action=reinterpret pc=0x000000000325cbd8 method=processing.opengl.PGraphicsOpenGL$Tessellator.setLastTexIndex(II)V @ 15

Internal exceptions (10 events):
Event: 0.174 Thread 0x0000000002cd2800 Exception <a 'java/security/PrivilegedActionException'> (0x0000000775148328) thrown at [C:\re\workspace\8-2-build-windows-amd64-cygwin\jdk8u121\8372\hotspot\src\share\vm\prims\jvm.cpp, line 1390]
Event: 0.174 Thread 0x0000000002cd2800 Exception <a 'java/security/PrivilegedActionException'> (0x0000000775148538) thrown at [C:\re\workspace\8-2-build-windows-amd64-cygwin\jdk8u121\8372\hotspot\src\share\vm\prims\jvm.cpp, line 1390]
Event: 0.174 Thread 0x0000000002cd2800 Exception <a 'java/security/PrivilegedActionException'> (0x000000077514c630) thrown at [C:\re\workspace\8-2-build-windows-amd64-cygwin\jdk8u121\8372\hotspot\src\share\vm\prims\jvm.cpp, line 1390]
Event: 0.174 Thread 0x0000000002cd2800 Exception <a 'java/security/PrivilegedActionException'> (0x000000077514c840) thrown at [C:\re\workspace\8-2-build-windows-amd64-cygwin\jdk8u121\8372\hotspot\src\share\vm\prims\jvm.cpp, line 1390]
Event: 0.179 Thread 0x0000000002cd2800 Exception <a 'java/io/FileNotFoundException'> (0x000000077514eab8) thrown at [C:\re\workspace\8-2-build-windows-amd64-cygwin\jdk8u121\8372\hotspot\src\share\vm\prims\jni.cpp, line 709]
Event: 0.211 Thread 0x0000000002cd2800 Exception <a 'java/lang/NoSuchFieldError': method resolution failed> (0x000000077521beb0) thrown at [C:\re\workspace\8-2-build-windows-amd64-cygwin\jdk8u121\8372\hotspot\src\share\vm\prims\methodHandles.cpp, line 1146]
Event: 0.213 Thread 0x0000000002cd2800 Exception <a 'java/lang/NoSuchFieldError': method resolution failed> (0x00000007752293e8) thrown at [C:\re\workspace\8-2-build-windows-amd64-cygwin\jdk8u121\8372\hotspot\src\share\vm\prims\methodHandles.cpp, line 1146]
Event: 0.259 Thread 0x0000000002cd2800 Exception <a 'java/io/FileNotFoundException'> (0x00000007752c4ec8) thrown at [C:\re\workspace\8-2-build-windows-amd64-cygwin\jdk8u121\8372\hotspot\src\share\vm\prims\jni.cpp, line 709]
Event: 44.456 Thread 0x0000000026b3b800 Implicit null exception at 0x00000000033516ba to 0x0000000003351ef9
Event: 44.456 Thread 0x0000000026b3b800 Implicit null exception at 0x000000000333fe6a to 0x000000000333fed5

Events (10 events):
Event: 44.456 Thread 0x0000000026b3b800 DEOPT PACKING pc=0x000000000333feec sp=0x000000002897e550
Event: 44.456 Thread 0x0000000026b3b800 DEOPT UNPACKING pc=0x0000000002e1582a sp=0x000000002897e4f0 mode 2
Event: 44.457 Thread 0x0000000026b3b800 Uncommon trap: trap_request=0xffffff86 fr.pc=0x000000000335b6d4
Event: 44.457 Thread 0x0000000026b3b800 DEOPT PACKING pc=0x000000000335b6d4 sp=0x000000002897e480
Event: 44.457 Thread 0x0000000026b3b800 DEOPT UNPACKING pc=0x0000000002e1582a sp=0x000000002897e428 mode 2
Event: 44.465 Thread 0x0000000026b3b800 Uncommon trap: trap_request=0xffffff65 fr.pc=0x000000000325cbd8
Event: 44.465 Thread 0x0000000026b3b800 DEOPT PACKING pc=0x000000000325cbd8 sp=0x000000002897e600
Event: 44.465 Thread 0x0000000026b3b800 DEOPT UNPACKING pc=0x0000000002e1582a sp=0x000000002897e4b8 mode 2
Event: 44.882 Thread 0x0000000026b3b800 DEOPT PACKING pc=0x000000000337e9a6 sp=0x000000002897e410
Event: 44.882 Thread 0x0000000026b3b800 DEOPT UNPACKING pc=0x0000000002e1787f sp=0x000000002897e128 mode 0


Dynamic libraries:
0x00007ff79f3f0000 - 0x00007ff79f427000 	C:\Program Files\Java\jdk1.8.0_121\bin\java.exe
0x00007ffd51fa0000 - 0x00007ffd52171000 	C:\Windows\SYSTEM32\ntdll.dll
0x00007ffd506b0000 - 0x00007ffd5075b000 	C:\Windows\System32\KERNEL32.DLL
0x00007ffd4ef00000 - 0x00007ffd4f11d000 	C:\Windows\System32\KERNELBASE.dll
0x00007ffd4ff40000 - 0x00007ffd4ffe2000 	C:\Windows\System32\ADVAPI32.dll
0x00007ffd50760000 - 0x00007ffd507fe000 	C:\Windows\System32\msvcrt.dll
0x00007ffd4fcf0000 - 0x00007ffd4fd49000 	C:\Windows\System32\sechost.dll
0x00007ffd4f810000 - 0x00007ffd4f931000 	C:\Windows\System32\RPCRT4.dll
0x00007ffd4f9b0000 - 0x00007ffd4fb15000 	C:\Windows\System32\USER32.dll
0x00007ffd4e5e0000 - 0x00007ffd4e5fe000 	C:\Windows\System32\win32u.dll
0x00007ffd509f0000 - 0x00007ffd50a24000 	C:\Windows\System32\GDI32.dll
0x00007ffd4f1d0000 - 0x00007ffd4f352000 	C:\Windows\System32\gdi32full.dll
0x00007ffd3f8e0000 - 0x00007ffd3fb59000 	C:\Windows\WinSxS\amd64_microsoft.windows.common-controls_6595b64144ccf1df_6.0.14393.0_none_2d0f50fcbdb171b8\COMCTL32.dll
0x00007ffd4f530000 - 0x00007ffd4f7f7000 	C:\Windows\System32\combase.dll
0x00007ffd4e600000 - 0x00007ffd4e6f5000 	C:\Windows\System32\ucrtbase.dll
0x00007ffd4e700000 - 0x00007ffd4e76a000 	C:\Windows\System32\bcryptPrimitives.dll
0x00007ffd4fb20000 - 0x00007ffd4fb4e000 	C:\Windows\System32\IMM32.DLL
0x0000000057100000 - 0x00000000571d2000 	C:\Program Files\Java\jdk1.8.0_121\jre\bin\msvcr100.dll
0x0000000056860000 - 0x00000000570fb000 	C:\Program Files\Java\jdk1.8.0_121\jre\bin\server\jvm.dll
0x00007ffd4f800000 - 0x00007ffd4f808000 	C:\Windows\System32\PSAPI.DLL
0x00007ffd4b360000 - 0x00007ffd4b369000 	C:\Windows\SYSTEM32\WSOCK32.dll
0x00007ffd49510000 - 0x00007ffd4951a000 	C:\Windows\SYSTEM32\VERSION.dll
0x00007ffd4c090000 - 0x00007ffd4c0b3000 	C:\Windows\SYSTEM32\WINMM.dll
0x00007ffd50210000 - 0x00007ffd5027a000 	C:\Windows\System32\WS2_32.dll
0x00007ffd4bc90000 - 0x00007ffd4bcbb000 	C:\Windows\SYSTEM32\WINMMBASE.dll
0x00007ffd4eeb0000 - 0x00007ffd4eef2000 	C:\Windows\System32\cfgmgr32.dll
0x0000000056850000 - 0x000000005685f000 	C:\Program Files\Java\jdk1.8.0_121\jre\bin\verify.dll
0x0000000056820000 - 0x0000000056849000 	C:\Program Files\Java\jdk1.8.0_121\jre\bin\java.dll
0x0000000056800000 - 0x0000000056816000 	C:\Program Files\Java\jdk1.8.0_121\jre\bin\zip.dll
0x00007ffd50a90000 - 0x00007ffd51f98000 	C:\Windows\System32\SHELL32.dll
0x00007ffd4e7d0000 - 0x00007ffd4eeaa000 	C:\Windows\System32\windows.storage.dll
0x00007ffd4e4c0000 - 0x00007ffd4e50c000 	C:\Windows\System32\powrprof.dll
0x00007ffd50050000 - 0x00007ffd500a2000 	C:\Windows\System32\shlwapi.dll
0x00007ffd4e510000 - 0x00007ffd4e51f000 	C:\Windows\System32\kernel.appcore.dll
0x00007ffd4f120000 - 0x00007ffd4f1c9000 	C:\Windows\System32\shcore.dll
0x00007ffd4e4a0000 - 0x00007ffd4e4b4000 	C:\Windows\System32\profapi.dll
0x00007ffd4b1b0000 - 0x00007ffd4b1c0000 	C:\Program Files (x86)\JetBrains\IntelliJ IDEA 2016.3.4\bin\breakgen64.dll
0x00000000567e0000 - 0x00000000567fa000 	C:\Program Files\Java\jdk1.8.0_121\jre\bin\net.dll
0x00007ffd4ddd0000 - 0x00007ffd4de2c000 	C:\Windows\system32\mswsock.dll
0x0000000056640000 - 0x00000000567d8000 	C:\Program Files\Java\jdk1.8.0_121\jre\bin\awt.dll
0x00007ffd4fd70000 - 0x00007ffd4fe2c000 	C:\Windows\System32\OLEAUT32.dll
0x00007ffd4c6f0000 - 0x00007ffd4c76a000 	C:\Windows\SYSTEM32\apphelp.dll
0x00007ffd4cb80000 - 0x00007ffd4cc15000 	C:\Windows\system32\uxtheme.dll
0x00007ffd500b0000 - 0x00007ffd5020b000 	C:\Windows\System32\MSCTF.dll
0x00007ffd4b9e0000 - 0x00007ffd4ba06000 	C:\Windows\system32\dwmapi.dll
0x00007ffd50800000 - 0x00007ffd50937000 	C:\Windows\System32\ole32.dll
0x00007ffd18e40000 - 0x00007ffd18f63000 	C:\Windows\system32\opengl32.dll
0x00007ffd37d80000 - 0x00007ffd37dad000 	C:\Windows\SYSTEM32\GLU32.dll
0x00007ffd17d70000 - 0x00007ffd17e67000 	C:\Windows\SYSTEM32\DDRAW.dll
0x00007ffd4c7c0000 - 0x00007ffd4c7c8000 	C:\Windows\SYSTEM32\DCIMAN32.dll
0x00007ffd1ba60000 - 0x00007ffd1bbed000 	C:\Windows\system32\d3d9.dll
0x00007ffd0d540000 - 0x00007ffd0e54f000 	C:\Windows\System32\DriverStore\FileRepository\nvami.inf_amd64_fba2180c780ad9c0\nvd3dumx.dll
0x00007ffd403e0000 - 0x00007ffd405b1000 	C:\Windows\system32\nvspcap64.dll
0x00007ffd50280000 - 0x00007ffd506a9000 	C:\Windows\System32\SETUPAPI.dll
0x00007ffd45690000 - 0x00007ffd4575c000 	C:\Windows\SYSTEM32\WINHTTP.dll
0x00007ffd4b800000 - 0x00007ffd4b813000 	C:\Windows\SYSTEM32\WTSAPI32.dll
0x00007ffd46250000 - 0x00007ffd4666e000 	C:\Windows\system32\nvapi64.dll
0x00007ffd4d430000 - 0x00007ffd4d4cf000 	C:\Windows\SYSTEM32\dxgi.dll
0x00007ffd4d170000 - 0x00007ffd4d198000 	C:\Windows\SYSTEM32\DEVOBJ.dll
0x00007ffd4e770000 - 0x00007ffd4e7c5000 	C:\Windows\System32\WINTRUST.dll
0x00007ffd4e520000 - 0x00007ffd4e530000 	C:\Windows\System32\MSASN1.dll
0x00007ffd4f360000 - 0x00007ffd4f528000 	C:\Windows\System32\CRYPT32.dll
0x00007ffd477c0000 - 0x00007ffd478a7000 	C:\Program Files (x86)\NVIDIA Corporation\3D Vision\nvSCPAPI64.dll
0x00007ffd4df70000 - 0x00007ffd4df87000 	C:\Windows\SYSTEM32\CRYPTSP.dll
0x00007ffd4da60000 - 0x00007ffd4da93000 	C:\Windows\system32\rsaenh.dll
0x00007ffd4e3e0000 - 0x00007ffd4e40b000 	C:\Windows\SYSTEM32\bcrypt.dll
0x00007ffd4dc50000 - 0x00007ffd4dc6f000 	C:\Windows\SYSTEM32\USERENV.dll
0x00007ffd4df90000 - 0x00007ffd4df9b000 	C:\Windows\SYSTEM32\CRYPTBASE.dll
0x00007ffd4db60000 - 0x00007ffd4db98000 	C:\Windows\SYSTEM32\IPHLPAPI.DLL
0x00007ffd50940000 - 0x00007ffd50948000 	C:\Windows\System32\NSI.dll
0x00007ffd49530000 - 0x00007ffd49546000 	C:\Windows\SYSTEM32\dhcpcsvc6.DLL
0x00007ffd499d0000 - 0x00007ffd499ea000 	C:\Windows\SYSTEM32\dhcpcsvc.DLL
0x0000000056620000 - 0x0000000056631000 	C:\Program Files\Java\jdk1.8.0_121\jre\bin\nio.dll
0x00000000637c0000 - 0x00000000637cd000 	C:\Users\andre\AppData\Local\Temp\jogamp_0000\file_cache\jln2028806746065769648\jln826319241330806212\natives\windows-amd64\gluegen-rt.dll
0x0000000056610000 - 0x0000000056617000 	C:\Program Files\Java\jdk1.8.0_121\jre\bin\jawt.dll
0x000000006a440000 - 0x000000006a44d000 	C:\Users\andre\AppData\Local\Temp\jogamp_0000\file_cache\jln2028806746065769648\jln826319241330806212\natives\windows-amd64\nativewindow_awt.dll
0x000000006c100000 - 0x000000006c10f000 	C:\Users\andre\AppData\Local\Temp\jogamp_0000\file_cache\jln2028806746065769648\jln826319241330806212\natives\windows-amd64\nativewindow_win32.dll
0x000000006cbc0000 - 0x000000006cbd3000 	C:\Users\andre\AppData\Local\Temp\jogamp_0000\file_cache\jln2028806746065769648\jln826319241330806212\natives\windows-amd64\newt.dll
0x00007ffd3a410000 - 0x00007ffd3a4a1000 	C:\Windows\SYSTEM32\mscms.dll
0x00007ffd28d60000 - 0x00007ffd28da2000 	C:\Windows\SYSTEM32\icm32.dll
0x0000000064500000 - 0x00000000645b1000 	C:\Users\andre\AppData\Local\Temp\jogamp_0000\file_cache\jln2028806746065769648\jln826319241330806212\natives\windows-amd64\jogl_desktop.dll
0x0000000064340000 - 0x00000000643a2000 	C:\Users\andre\AppData\Local\Temp\jogamp_0000\file_cache\jln2028806746065769648\jln826319241330806212\natives\windows-amd64\jogl_mobile.dll
0x0000000057210000 - 0x00000000593a4000 	C:\Windows\SYSTEM32\nvoglv64.DLL
0x00007ffd4d8b0000 - 0x00007ffd4d8e2000 	C:\Windows\SYSTEM32\ntmarta.dll
0x00007ffd4d610000 - 0x00007ffd4d666000 	C:\Windows\SYSTEM32\WINSTA.dll
0x00000000565c0000 - 0x0000000056607000 	C:\Program Files\Java\jdk1.8.0_121\jre\bin\fontmanager.dll
0x0000000056570000 - 0x00000000565b2000 	C:\Program Files\Java\jdk1.8.0_121\jre\bin\t2k.dll
0x00007ffd16ad0000 - 0x00007ffd16c6c000 	C:\Users\andre\IdeaProjects\ambientes2.0\libs\kinectPV2\Kinect20.Face.dll
0x00007ffd446c0000 - 0x00007ffd44767000 	C:\Windows\SYSTEM32\MSVCP110.dll
0x00007ffd44cd0000 - 0x00007ffd44da4000 	C:\Windows\SYSTEM32\MSVCR110.dll
0x00007ffd390c0000 - 0x00007ffd390d1000 	C:\Users\andre\IdeaProjects\ambientes2.0\libs\kinectPV2\KinectPV2.dll
0x00007ffd19080000 - 0x00007ffd1913a000 	C:\Windows\SYSTEM32\Kinect20.dll
0x00007ffd4aac0000 - 0x00007ffd4ac28000 	C:\Windows\SYSTEM32\MFPlat.DLL
0x00007ffd4a9a0000 - 0x00007ffd4a9ce000 	C:\Windows\SYSTEM32\RTWorkQ.DLL
0x00007ffd4a800000 - 0x00007ffd4a992000 	C:\Windows\SYSTEM32\dbghelp.dll

VM Arguments:
jvm_args: -Djava.library.path=C:\Users\andre\IdeaProjects\ambientes2.0\libs\kinectPV2 -Didea.launcher.port=7533 -Didea.launcher.bin.path=C:\Program Files (x86)\JetBrains\IntelliJ IDEA 2016.3.4\bin -Dfile.encoding=UTF-8 
java_command: com.intellij.rt.execution.application.AppMain root.Main
java_class_path (initial): C:\Program Files\Java\jdk1.8.0_121\jre\lib\charsets.jar;C:\Program Files\Java\jdk1.8.0_121\jre\lib\deploy.jar;C:\Program Files\Java\jdk1.8.0_121\jre\lib\ext\access-bridge-64.jar;C:\Program Files\Java\jdk1.8.0_121\jre\lib\ext\cldrdata.jar;C:\Program Files\Java\jdk1.8.0_121\jre\lib\ext\dnsns.jar;C:\Program Files\Java\jdk1.8.0_121\jre\lib\ext\jaccess.jar;C:\Program Files\Java\jdk1.8.0_121\jre\lib\ext\jfxrt.jar;C:\Program Files\Java\jdk1.8.0_121\jre\lib\ext\localedata.jar;C:\Program Files\Java\jdk1.8.0_121\jre\lib\ext\nashorn.jar;C:\Program Files\Java\jdk1.8.0_121\jre\lib\ext\sunec.jar;C:\Program Files\Java\jdk1.8.0_121\jre\lib\ext\sunjce_provider.jar;C:\Program Files\Java\jdk1.8.0_121\jre\lib\ext\sunmscapi.jar;C:\Program Files\Java\jdk1.8.0_121\jre\lib\ext\sunpkcs11.jar;C:\Program Files\Java\jdk1.8.0_121\jre\lib\ext\zipfs.jar;C:\Program Files\Java\jdk1.8.0_121\jre\lib\javaws.jar;C:\Program Files\Java\jdk1.8.0_121\jre\lib\jce.jar;C:\Program Files\Java\jdk1.8.0_121\jre\lib\jfr.jar;C:\Program Files\Java\jdk1.8.0_121\jre\lib\jfxswt.jar;C:\Program Files\Java\jdk1.8.0_121\jre\lib\jsse.jar;C:\Program Files\Java\jdk1.8.0_121\jre\lib\management-agent.jar;C:\Program Files\Java\jdk1.8.0_121\jre\lib\plugin.jar;C:\Program Files\Java\jdk1.8.0_121\jre\lib\resources.jar;C:\Program Files\Java\jdk1.8.0_121\jre\lib\rt.jar;C:\Users\andre\IdeaProjects\ambientes2.0\out\production\ambientes2.0;C:\Users\andre\IdeaProjects\ambientes2.0\libs\p3.01\core.jar;C:\Users\andre\IdeaProjects\ambientes2.0\libs\p3.01\jogl-all.jar;C:\Users\andre\IdeaProjects\ambientes2.0\libs\p3.01\gluegen-rt.jar;C:\Users\andre\IdeaProjects\ambientes2.0\libs\p3.01\jogl-all-natives-linux-i586.jar;C:\Users\andre\IdeaProjects\ambientes2.0\libs\p3.01\jogl-all-natives-linux-amd64.jar;C:\Users\andre\IdeaProjects\ambientes2.0\libs\p3.01\gluegen-rt-natives-linux-i586.jar;C:\Users\andre\IdeaProjects\ambientes2.0\libs\p3.01\jogl-all-natives-windows-i586.jar;C:\Users\andre\IdeaProjects\ambientes2.0\libs\
Launcher Type: SUN_STANDARD

Environment Variables:
PATH=C:\ProgramData\Oracle\Java\javapath;C:\Program Files (x86)\Intel\iCLS Client\;C:\Program Files\Intel\iCLS Client\;C:\Windows\system32;C:\Windows;C:\Windows\System32\Wbem;C:\Windows\System32\WindowsPowerShell\v1.0\;C:\Program Files (x86)\NVIDIA Corporation\PhysX\Common;C:\Program Files (x86)\Intel\Intel(R) Management Engine Components\DAL;C:\Program Files\Intel\Intel(R) Management Engine Components\DAL;C:\Program Files (x86)\Intel\Intel(R) Management Engine Components\IPT;C:\Program Files\Intel\Intel(R) Management Engine Components\IPT;C:\Program Files\Intel\WiFi\bin\;C:\Program Files\Common Files\Intel\WirelessCommon\;C:\Windows\system32;C:\Windows;C:\Windows\System32\Wbem;C:\Windows\System32\WindowsPowerShell\v1.0\;C:\Program Files\Git\cmd;C:\Program Files (x86)\Brackets\command;C:\Program Files\nodejs\;C:\Users\andre\AppData\Local\Microsoft\WindowsApps;C:\Users\andre\AppData\Roaming\npm
USERNAME=andre
OS=Windows_NT
PROCESSOR_IDENTIFIER=Intel64 Family 6 Model 94 Stepping 3, GenuineIntel



---------------  S Y S T E M  ---------------

OS: Windows 10.0 , 64 bit Build 14393 (10.0.14393.0)

CPU:total 8 (4 cores per cpu, 2 threads per core) family 6 model 94 stepping 3, cmov, cx8, fxsr, mmx, sse, sse2, sse3, ssse3, sse4.1, sse4.2, popcnt, avx, avx2, aes, clmul, erms, rtm, 3dnowpref, lzcnt, ht, tsc, tscinvbit, bmi1, bmi2, adx

Memory: 4k page, physical 14770404k(7672548k free), swap 16998628k(7607080k free)

vm_info: Java HotSpot(TM) 64-Bit Server VM (25.121-b13) for windows-amd64 JRE (1.8.0_121-b13), built on Dec 12 2016 18:21:36 by "java_re" with MS VC++ 10.0 (VS2010)

time: Sun Mar 05 12:18:21 2017
elapsed time: 61 seconds (0d 0h 1m 1s)

