#
# A fatal error has been detected by the Java Runtime Environment:
#
#  EXCEPTION_ACCESS_VIOLATION (0xc0000005) at pc=0x00007ffd479a5536, pid=13904, tid=0x0000000000003418
#
# JRE version: Java(TM) SE Runtime Environment (8.0_121-b13) (build 1.8.0_121-b13)
# Java VM: Java HotSpot(TM) 64-Bit Server VM (25.121-b13 mixed mode windows-amd64 compressed oops)
# Problematic frame:
# C  [KinectPV2.dll+0x5536]
#
# Failed to write core dump. Minidumps are not enabled by default on client versions of Windows
#
# If you would like to submit a bug report, please visit:
#   http://bugreport.java.com/bugreport/crash.jsp
# The crash happened outside the Java Virtual Machine in native code.
# See problematic frame for where to report the bug.
#

---------------  T H R E A D  ---------------

Current thread (0x000000001d813800):  JavaThread "main-FPSAWTAnimator#00-Timer0" [_thread_in_native, id=13336, stack(0x0000000028940000,0x0000000028a40000)]

siginfo: ExceptionCode=0xc0000005, reading address 0xffffffffffffffff

Registers:
RAX=0x0000000000000001, RBX=0x0000000025abfaa0, RCX=0x0068006700690055, RDX=0x0000000000000000
RSP=0x0000000028a3e3a0, RBP=0x0000000000000000, RSI=0x0000000000000006, RDI=0x0000000025abfcd0
R8 =0x0000000028a3e088, R9 =0x0000000000008000, R10=0x0000000000000000, R11=0x0000000028a3e2d0
R12=0x0000000000000000, R13=0x0000000029dc4e78, R14=0x0000000028a3e490, R15=0x000000001d813800
RIP=0x00007ffd479a5536, EFLAGS=0x0000000000010206

Top of Stack: (sp=0x0000000028a3e3a0)
0x0000000028a3e3a0:   0000000025abfaa0 0000000029dc4e78
0x0000000028a3e3b0:   0000000000000000 000000001e8fe150
0x0000000028a3e3c0:   000000001e8fe150 00007ffd479a177a
0x0000000028a3e3d0:   0000000028a3e490 0000000028a3e470
0x0000000028a3e3e0:   000000001d8139f8 000000001d813800
0x0000000028a3e3f0:   0000000002e8835d 0000000002e97f74
0x0000000028a3e400:   0000000029dc4e78 000000001d813800
0x0000000028a3e410:   000000001d813800 000000001d813800
0x0000000028a3e420:   0000000028a3e4e8 0000000002e97ca2
0x0000000028a3e430:   0000000028a3e430 0000000029dc4e78
0x0000000028a3e440:   0000000028a3e490 0000000029dc6b10
0x0000000028a3e450:   0000000000000000 0000000029dc4e78
0x0000000028a3e460:   0000000000000000 0000000028a3e490
0x0000000028a3e470:   0000000028a3e4d8 0000000002e87b30
0x0000000028a3e480:   0000000000000000 0000000002e919c0
0x0000000028a3e490:   0000000778f90178 0000000028a3e498 

Instructions: (pc=0x00007ffd479a5536)
0x00007ffd479a5516:   8f 90 00 00 00 48 85 c9 74 0d 48 8b 01 ff 50 10
0x00007ffd479a5526:   48 89 af 90 00 00 00 48 8b 4f 30 48 85 c9 74 0a
0x00007ffd479a5536:   48 8b 01 ff 50 10 48 89 6f 30 48 8b 4f 60 48 85
0x00007ffd479a5546:   c9 74 0a 48 8b 01 ff 50 10 48 89 6f 60 48 8b 8f 


Register to memory mapping:

RAX=0x0000000000000001 is an unknown value
RBX=0x0000000025abfaa0 is an unknown value
RCX=0x0068006700690055 is an unknown value
RDX=0x0000000000000000 is an unknown value
RSP=0x0000000028a3e3a0 is pointing into the stack for thread: 0x000000001d813800
RBP=0x0000000000000000 is an unknown value
RSI=0x0000000000000006 is an unknown value
RDI=0x0000000025abfcd0 is an unknown value
R8 =0x0000000028a3e088 is pointing into the stack for thread: 0x000000001d813800
R9 =0x0000000000008000 is an unknown value
R10=0x0000000000000000 is an unknown value
R11=0x0000000028a3e2d0 is pointing into the stack for thread: 0x000000001d813800
R12=0x0000000000000000 is an unknown value
R13={method} {0x0000000029dc4e80} 'jniStopSignal' '()Z' in 'KinectPV2/Device'
R14=0x0000000028a3e490 is pointing into the stack for thread: 0x000000001d813800
R15=0x000000001d813800 is a thread


Stack: [0x0000000028940000,0x0000000028a40000],  sp=0x0000000028a3e3a0,  free space=1016k
Native frames: (J=compiled Java code, j=interpreted, Vv=VM code, C=native code)

Java frames: (J=compiled Java code, j=interpreted, Vv=VM code)
j  KinectPV2.Device.jniStopSignal()Z+0
j  KinectPV2.Device.cleanDevice()Z+1
j  KinectPV2.KinectPV2.dispose()V+10
v  ~StubRoutines::call_stub
j  sun.reflect.NativeMethodAccessorImpl.invoke0(Ljava/lang/reflect/Method;Ljava/lang/Object;[Ljava/lang/Object;)Ljava/lang/Object;+0
j  sun.reflect.NativeMethodAccessorImpl.invoke(Ljava/lang/Object;[Ljava/lang/Object;)Ljava/lang/Object;+100
j  sun.reflect.DelegatingMethodAccessorImpl.invoke(Ljava/lang/Object;[Ljava/lang/Object;)Ljava/lang/Object;+6
j  java.lang.reflect.Method.invoke(Ljava/lang/Object;[Ljava/lang/Object;)Ljava/lang/Object;+56
j  processing.core.PApplet$RegisteredMethods.handle([Ljava/lang/Object;)V+18
J 1110 C1 processing.core.PApplet.handleMethods(Ljava/lang/String;)V (21 bytes) @ 0x00000000032b4e5c [0x00000000032b4ba0+0x2bc]
j  processing.core.PApplet.dispose()V+35
J 1437 C1 processing.opengl.PSurfaceJOGL$DrawListener.display(Lcom/jogamp/opengl/GLAutoDrawable;)V (194 bytes) @ 0x00000000033d6974 [0x00000000033d5e20+0xb54]
J 1436 C1 jogamp.opengl.GLDrawableHelper.displayImpl(Lcom/jogamp/opengl/GLAutoDrawable;)V (86 bytes) @ 0x00000000033d2adc [0x00000000033d2180+0x95c]
J 1434 C1 jogamp.opengl.GLAutoDrawableBase$2.run()V (73 bytes) @ 0x00000000033d5014 [0x00000000033d4c20+0x3f4]
J 1432 C1 jogamp.opengl.GLDrawableHelper.invokeGLImpl(Lcom/jogamp/opengl/GLDrawable;Lcom/jogamp/opengl/GLContext;Ljava/lang/Runnable;Ljava/lang/Runnable;)V (579 bytes) @ 0x00000000033cf07c [0x00000000033ce220+0xe5c]
J 1471 C1 jogamp.opengl.GLDrawableHelper.invokeGL(Lcom/jogamp/opengl/GLDrawable;Lcom/jogamp/opengl/GLContext;Ljava/lang/Runnable;Ljava/lang/Runnable;)V (76 bytes) @ 0x00000000033f3684 [0x00000000033f35c0+0xc4]
J 1430 C1 com.jogamp.newt.opengl.GLWindow.display()V (144 bytes) @ 0x00000000033c7254 [0x00000000033c6960+0x8f4]
J 1429 C1 com.jogamp.opengl.util.AWTAnimatorImpl.display(Ljava/util/ArrayList;ZZ)V (170 bytes) @ 0x00000000033bf0fc [0x00000000033bea00+0x6fc]
J 1427 C1 com.jogamp.opengl.util.FPSAnimator$MainTask.run()V (805 bytes) @ 0x00000000033c24d4 [0x00000000033c1740+0xd94]
j  java.util.TimerThread.mainLoop()V+221
j  java.util.TimerThread.run()V+1
v  ~StubRoutines::call_stub

---------------  P R O C E S S  ---------------

Java Threads: ( => current thread )
  0x000000001d814800 JavaThread "DestroyJavaVM" [_thread_blocked, id=12372, stack(0x0000000002c40000,0x0000000002d40000)]
=>0x000000001d813800 JavaThread "main-FPSAWTAnimator#00-Timer0" [_thread_in_native, id=13336, stack(0x0000000028940000,0x0000000028a40000)]
  0x000000001d810800 JavaThread "Thread-3" [_thread_blocked, id=8224, stack(0x0000000028840000,0x0000000028940000)]
  0x000000001d812000 JavaThread "main-SharedResourceRunner" daemon [_thread_blocked, id=3116, stack(0x0000000024460000,0x0000000024560000)]
  0x000000001d811000 JavaThread "main-Display-.windows_nil-1-EDT-1" daemon [_thread_blocked, id=13424, stack(0x0000000024360000,0x0000000024460000)]
  0x000000001d80f000 JavaThread "AWT-Windows" daemon [_thread_in_native, id=3412, stack(0x000000001f1a0000,0x000000001f2a0000)]
  0x000000001d80e000 JavaThread "Java2D Disposer" daemon [_thread_blocked, id=13764, stack(0x000000001efa0000,0x000000001f0a0000)]
  0x000000001d813000 JavaThread "Monitor Ctrl-Break" daemon [_thread_in_native, id=11076, stack(0x000000001e4d0000,0x000000001e5d0000)]
  0x000000001d726800 JavaThread "Service Thread" daemon [_thread_blocked, id=5140, stack(0x000000001e290000,0x000000001e390000)]
  0x000000001d6dd000 JavaThread "C1 CompilerThread3" daemon [_thread_blocked, id=4188, stack(0x000000001e190000,0x000000001e290000)]
  0x000000001d6d6000 JavaThread "C2 CompilerThread2" daemon [_thread_blocked, id=13596, stack(0x000000001e090000,0x000000001e190000)]
  0x000000001d6ce000 JavaThread "C2 CompilerThread1" daemon [_thread_blocked, id=13964, stack(0x000000001df90000,0x000000001e090000)]
  0x000000001d6ca000 JavaThread "C2 CompilerThread0" daemon [_thread_blocked, id=14220, stack(0x000000001de90000,0x000000001df90000)]
  0x000000001d6c8800 JavaThread "Attach Listener" daemon [_thread_blocked, id=14264, stack(0x000000001dd90000,0x000000001de90000)]
  0x000000001b7de000 JavaThread "Signal Dispatcher" daemon [_thread_blocked, id=14072, stack(0x000000001dc90000,0x000000001dd90000)]
  0x000000001d6c0800 JavaThread "Finalizer" daemon [_thread_blocked, id=14260, stack(0x000000001daa0000,0x000000001dba0000)]
  0x0000000002e77800 JavaThread "Reference Handler" daemon [_thread_blocked, id=9888, stack(0x000000001d5a0000,0x000000001d6a0000)]

Other Threads:
  0x000000001b7c9800 VMThread [stack: 0x000000001d4a0000,0x000000001d5a0000] [id=14088]
  0x000000001d72b000 WatcherThread [stack: 0x000000001e390000,0x000000001e490000] [id=5420]

VM state:not at safepoint (normal execution)

VM Mutex/Monitor currently owned by a thread: None

Heap:
 PSYoungGen      total 67584K, used 16727K [0x0000000774d80000, 0x000000077d180000, 0x00000007c0000000)
  eden space 58368K, 12% used [0x0000000774d80000,0x00000007754dd718,0x0000000778680000)
  from space 9216K, 99% used [0x0000000778f80000,0x0000000779878600,0x0000000779880000)
  to   space 9216K, 0% used [0x0000000778680000,0x0000000778680000,0x0000000778f80000)
 ParOldGen       total 154624K, used 57777K [0x00000006de800000, 0x00000006e7f00000, 0x0000000774d80000)
  object space 154624K, 37% used [0x00000006de800000,0x00000006e206c5c8,0x00000006e7f00000)
 Metaspace       used 17038K, capacity 17240K, committed 17536K, reserved 1064960K
  class space    used 1546K, capacity 1616K, committed 1664K, reserved 1048576K

Card table byte_map: [0x0000000012240000,0x0000000012950000] byte_map_base: 0x000000000eb4c000

Marking Bits: (ParMarkBitMap*) 0x000000005707b6d0
 Begin Bits: [0x0000000013610000, 0x0000000016e70000)
 End Bits:   [0x0000000016e70000, 0x000000001a6d0000)

Polling page: 0x0000000002b60000

CodeCache: size=245760Kb used=5649Kb max_used=5658Kb free=240110Kb
 bounds [0x0000000002e80000, 0x0000000003410000, 0x0000000011e80000]
 total_blobs=2380 nmethods=1495 adapters=798
 compilation: enabled

Compilation events (10 events):
Event: 11.652 Thread 0x000000001d6dd000 1492       3       processing.core.PApplet::scale (24 bytes)
Event: 11.652 Thread 0x000000001d6dd000 nmethod 1492 0x0000000003405410 code [0x0000000003405580, 0x00000000034058b8]
Event: 11.652 Thread 0x000000001d6dd000 1493       3       processing.opengl.PGraphicsOpenGL::invRotate (133 bytes)
Event: 11.653 Thread 0x000000001d6dd000 nmethod 1493 0x00000000034059d0 code [0x0000000003405ba0, 0x00000000034066a8]
Event: 11.850 Thread 0x000000001d6dd000 1494       3       processing.opengl.Texture::unbind (87 bytes)
Event: 11.850 Thread 0x000000001d6dd000 nmethod 1494 0x0000000003406810 code [0x00000000034069e0, 0x00000000034071a8]
Event: 12.016 Thread 0x000000001d6d6000 1495       4       com.jogamp.common.nio.Buffers::isDirect (69 bytes)
Event: 12.018 Thread 0x000000001d6d6000 nmethod 1495 0x0000000003397d90 code [0x0000000003397ee0, 0x0000000003397f78]
Event: 12.033 Thread 0x000000001d6ca000 1496       4       com.jogamp.common.nio.Buffers::getDirectBufferByteOffset (160 bytes)
Event: 12.034 Thread 0x000000001d6ca000 nmethod 1496 0x0000000003408910 code [0x0000000003408a60, 0x0000000003408b78]

GC Heap History (4 events):
Event: 3.004 GC heap before
{Heap before GC invocations=1 (full 0):
 PSYoungGen      total 67584K, used 56979K [0x0000000774d80000, 0x0000000779880000, 0x00000007c0000000)
  eden space 58368K, 97% used [0x0000000774d80000,0x0000000778524d20,0x0000000778680000)
  from space 9216K, 0% used [0x0000000778f80000,0x0000000778f80000,0x0000000779880000)
  to   space 9216K, 0% used [0x0000000778680000,0x0000000778680000,0x0000000778f80000)
 ParOldGen       total 154624K, used 0K [0x00000006de800000, 0x00000006e7f00000, 0x0000000774d80000)
  object space 154624K, 0% used [0x00000006de800000,0x00000006de800000,0x00000006e7f00000)
 Metaspace       used 16239K, capacity 16372K, committed 16768K, reserved 1064960K
  class space    used 1526K, capacity 1584K, committed 1664K, reserved 1048576K
Event: 3.013 GC heap after
Heap after GC invocations=1 (full 0):
 PSYoungGen      total 67584K, used 7361K [0x0000000774d80000, 0x0000000779880000, 0x00000007c0000000)
  eden space 58368K, 0% used [0x0000000774d80000,0x0000000774d80000,0x0000000778680000)
  from space 9216K, 79% used [0x0000000778680000,0x0000000778db0438,0x0000000778f80000)
  to   space 9216K, 0% used [0x0000000778f80000,0x0000000778f80000,0x0000000779880000)
 ParOldGen       total 154624K, used 8116K [0x00000006de800000, 0x00000006e7f00000, 0x0000000774d80000)
  object space 154624K, 5% used [0x00000006de800000,0x00000006defed010,0x00000006e7f00000)
 Metaspace       used 16239K, capacity 16372K, committed 16768K, reserved 1064960K
  class space    used 1526K, capacity 1584K, committed 1664K, reserved 1048576K
}
Event: 3.686 GC heap before
{Heap before GC invocations=2 (full 0):
 PSYoungGen      total 67584K, used 65729K [0x0000000774d80000, 0x0000000779880000, 0x00000007c0000000)
  eden space 58368K, 100% used [0x0000000774d80000,0x0000000778680000,0x0000000778680000)
  from space 9216K, 79% used [0x0000000778680000,0x0000000778db0438,0x0000000778f80000)
  to   space 9216K, 0% used [0x0000000778f80000,0x0000000778f80000,0x0000000779880000)
 ParOldGen       total 154624K, used 8116K [0x00000006de800000, 0x00000006e7f00000, 0x0000000774d80000)
  object space 154624K, 5% used [0x00000006de800000,0x00000006defed010,0x00000006e7f00000)
 Metaspace       used 16647K, capacity 16792K, committed 17024K, reserved 1064960K
  class space    used 1545K, capacity 1616K, committed 1664K, reserved 1048576K
Event: 3.702 GC heap after
Heap after GC invocations=2 (full 0):
 PSYoungGen      total 67584K, used 9185K [0x0000000774d80000, 0x000000077d180000, 0x00000007c0000000)
  eden space 58368K, 0% used [0x0000000774d80000,0x0000000774d80000,0x0000000778680000)
  from space 9216K, 99% used [0x0000000778f80000,0x0000000779878600,0x0000000779880000)
  to   space 9216K, 0% used [0x0000000778680000,0x0000000778680000,0x0000000778f80000)
 ParOldGen       total 154624K, used 57777K [0x00000006de800000, 0x00000006e7f00000, 0x0000000774d80000)
  object space 154624K, 37% used [0x00000006de800000,0x00000006e206c5c8,0x00000006e7f00000)
 Metaspace       used 16647K, capacity 16792K, committed 17024K, reserved 1064960K
  class space    used 1545K, capacity 1616K, committed 1664K, reserved 1048576K
}

Deoptimization events (6 events):
Event: 1.350 Thread 0x0000000002d82800 Uncommon trap: reason=unstable_if action=reinterpret pc=0x0000000003035924 method=java.lang.String.indexOf([CII[CIII)I @ 3
Event: 2.807 Thread 0x0000000002d82800 Uncommon trap: reason=unstable_if action=reinterpret pc=0x000000000318de74 method=java.lang.reflect.AccessibleObject.setAccessible0(Ljava/lang/reflect/AccessibleObject;Z)V @ 4
Event: 2.811 Thread 0x0000000002d82800 Uncommon trap: reason=unstable_if action=reinterpret pc=0x0000000003190648 method=java.util.HashMap.containsKey(Ljava/lang/Object;)Z @ 9
Event: 8.094 Thread 0x000000001d813800 Uncommon trap: reason=unstable_if action=reinterpret pc=0x0000000003293464 method=processing.opengl.PGraphicsOpenGL$InGeometry.addVertex(FFFIFFFFFIFIIIFIZ)I @ 379
Event: 8.094 Thread 0x000000001d813800 Uncommon trap: reason=unstable_if action=reinterpret pc=0x00000000032f2d9c method=processing.opengl.PGraphicsOpenGL.tessellate(I)V @ 153
Event: 8.101 Thread 0x000000001d813800 Uncommon trap: reason=predicate action=maybe_recompile pc=0x0000000003351fd4 method=java.util.regex.Pattern$Slice.match(Ljava/util/regex/Matcher;ILjava/lang/CharSequence;)Z @ 21

Internal exceptions (10 events):
Event: 0.038 Thread 0x0000000002d82800 Exception <a 'java/lang/NoSuchMethodError': Method sun.misc.Unsafe.defineClass(Ljava/lang/String;[BII)Ljava/lang/Class; name or signature does not match> (0x0000000774d87ca8) thrown at [C:\re\workspace\8-2-build-windows-amd64-cygwin\jdk8u121\8372\hotspot\
Event: 0.038 Thread 0x0000000002d82800 Exception <a 'java/lang/NoSuchMethodError': Method sun.misc.Unsafe.prefetchRead(Ljava/lang/Object;J)V name or signature does not match> (0x0000000774d87f90) thrown at [C:\re\workspace\8-2-build-windows-amd64-cygwin\jdk8u121\8372\hotspot\src\share\vm\prims
Event: 0.169 Thread 0x0000000002d82800 Exception <a 'java/security/PrivilegedActionException'> (0x00000007751482b0) thrown at [C:\re\workspace\8-2-build-windows-amd64-cygwin\jdk8u121\8372\hotspot\src\share\vm\prims\jvm.cpp, line 1390]
Event: 0.169 Thread 0x0000000002d82800 Exception <a 'java/security/PrivilegedActionException'> (0x00000007751484c0) thrown at [C:\re\workspace\8-2-build-windows-amd64-cygwin\jdk8u121\8372\hotspot\src\share\vm\prims\jvm.cpp, line 1390]
Event: 0.170 Thread 0x0000000002d82800 Exception <a 'java/security/PrivilegedActionException'> (0x000000077514c5b8) thrown at [C:\re\workspace\8-2-build-windows-amd64-cygwin\jdk8u121\8372\hotspot\src\share\vm\prims\jvm.cpp, line 1390]
Event: 0.170 Thread 0x0000000002d82800 Exception <a 'java/security/PrivilegedActionException'> (0x000000077514c7c8) thrown at [C:\re\workspace\8-2-build-windows-amd64-cygwin\jdk8u121\8372\hotspot\src\share\vm\prims\jvm.cpp, line 1390]
Event: 0.174 Thread 0x0000000002d82800 Exception <a 'java/io/FileNotFoundException'> (0x000000077514ea40) thrown at [C:\re\workspace\8-2-build-windows-amd64-cygwin\jdk8u121\8372\hotspot\src\share\vm\prims\jni.cpp, line 709]
Event: 0.211 Thread 0x0000000002d82800 Exception <a 'java/lang/NoSuchFieldError': method resolution failed> (0x000000077521be38) thrown at [C:\re\workspace\8-2-build-windows-amd64-cygwin\jdk8u121\8372\hotspot\src\share\vm\prims\methodHandles.cpp, line 1146]
Event: 0.213 Thread 0x0000000002d82800 Exception <a 'java/lang/NoSuchFieldError': method resolution failed> (0x0000000775229370) thrown at [C:\re\workspace\8-2-build-windows-amd64-cygwin\jdk8u121\8372\hotspot\src\share\vm\prims\methodHandles.cpp, line 1146]
Event: 0.260 Thread 0x0000000002d82800 Exception <a 'java/io/FileNotFoundException'> (0x00000007752c4ec8) thrown at [C:\re\workspace\8-2-build-windows-amd64-cygwin\jdk8u121\8372\hotspot\src\share\vm\prims\jni.cpp, line 709]

Events (10 events):
Event: 8.094 Thread 0x000000001d813800 Uncommon trap: trap_request=0xffffff65 fr.pc=0x00000000032f2d9c
Event: 8.094 Thread 0x000000001d813800 DEOPT PACKING pc=0x00000000032f2d9c sp=0x0000000028a3ebb0
Event: 8.094 Thread 0x000000001d813800 DEOPT UNPACKING pc=0x0000000002ec582a sp=0x0000000028a3eb60 mode 2
Event: 8.101 Thread 0x000000001d813800 Uncommon trap: trap_request=0xffffff86 fr.pc=0x0000000003351fd4
Event: 8.101 Thread 0x000000001d813800 DEOPT PACKING pc=0x0000000003351fd4 sp=0x0000000028a3e920
Event: 8.101 Thread 0x000000001d813800 DEOPT UNPACKING pc=0x0000000002ec582a sp=0x0000000028a3e8c8 mode 2
Event: 8.528 Thread 0x000000001d813800 DEOPT PACKING pc=0x0000000003366516 sp=0x0000000028a3e9e0
Event: 8.528 Thread 0x000000001d813800 DEOPT UNPACKING pc=0x0000000002ec787f sp=0x0000000028a3e6f8 mode 0
Event: 12.047 loading class com/jogamp/newt/event/KeyEvent$NonPrintableRange
Event: 12.047 loading class com/jogamp/newt/event/KeyEvent$NonPrintableRange done


Dynamic libraries:
0x00007ff79f3f0000 - 0x00007ff79f427000 	C:\Program Files\Java\jdk1.8.0_121\bin\java.exe
0x00007ffd51fa0000 - 0x00007ffd52171000 	C:\Windows\SYSTEM32\ntdll.dll
0x00007ffd506b0000 - 0x00007ffd5075b000 	C:\Windows\System32\KERNEL32.DLL
0x00007ffd4ef00000 - 0x00007ffd4f11d000 	C:\Windows\System32\KERNELBASE.dll
0x00007ffd4ff40000 - 0x00007ffd4ffe2000 	C:\Windows\System32\ADVAPI32.dll
0x00007ffd50760000 - 0x00007ffd507fe000 	C:\Windows\System32\msvcrt.dll
0x00007ffd4fcf0000 - 0x00007ffd4fd49000 	C:\Windows\System32\sechost.dll
0x00007ffd4f810000 - 0x00007ffd4f931000 	C:\Windows\System32\RPCRT4.dll
0x00007ffd4f9b0000 - 0x00007ffd4fb15000 	C:\Windows\System32\USER32.dll
0x00007ffd4e5e0000 - 0x00007ffd4e5fe000 	C:\Windows\System32\win32u.dll
0x00007ffd509f0000 - 0x00007ffd50a24000 	C:\Windows\System32\GDI32.dll
0x00007ffd4f1d0000 - 0x00007ffd4f352000 	C:\Windows\System32\gdi32full.dll
0x00007ffd3f8e0000 - 0x00007ffd3fb59000 	C:\Windows\WinSxS\amd64_microsoft.windows.common-controls_6595b64144ccf1df_6.0.14393.0_none_2d0f50fcbdb171b8\COMCTL32.dll
0x00007ffd4f530000 - 0x00007ffd4f7f7000 	C:\Windows\System32\combase.dll
0x00007ffd4e600000 - 0x00007ffd4e6f5000 	C:\Windows\System32\ucrtbase.dll
0x00007ffd4e700000 - 0x00007ffd4e76a000 	C:\Windows\System32\bcryptPrimitives.dll
0x00007ffd4fb20000 - 0x00007ffd4fb4e000 	C:\Windows\System32\IMM32.DLL
0x0000000057100000 - 0x00000000571d2000 	C:\Program Files\Java\jdk1.8.0_121\jre\bin\msvcr100.dll
0x0000000056860000 - 0x00000000570fb000 	C:\Program Files\Java\jdk1.8.0_121\jre\bin\server\jvm.dll
0x00007ffd4f800000 - 0x00007ffd4f808000 	C:\Windows\System32\PSAPI.DLL
0x00007ffd4b360000 - 0x00007ffd4b369000 	C:\Windows\SYSTEM32\WSOCK32.dll
0x00007ffd4c090000 - 0x00007ffd4c0b3000 	C:\Windows\SYSTEM32\WINMM.dll
0x00007ffd49510000 - 0x00007ffd4951a000 	C:\Windows\SYSTEM32\VERSION.dll
0x00007ffd50210000 - 0x00007ffd5027a000 	C:\Windows\System32\WS2_32.dll
0x00007ffd4bc90000 - 0x00007ffd4bcbb000 	C:\Windows\SYSTEM32\WINMMBASE.dll
0x00007ffd4eeb0000 - 0x00007ffd4eef2000 	C:\Windows\System32\cfgmgr32.dll
0x0000000056850000 - 0x000000005685f000 	C:\Program Files\Java\jdk1.8.0_121\jre\bin\verify.dll
0x0000000056820000 - 0x0000000056849000 	C:\Program Files\Java\jdk1.8.0_121\jre\bin\java.dll
0x0000000056800000 - 0x0000000056816000 	C:\Program Files\Java\jdk1.8.0_121\jre\bin\zip.dll
0x00007ffd50a90000 - 0x00007ffd51f98000 	C:\Windows\System32\SHELL32.dll
0x00007ffd4e7d0000 - 0x00007ffd4eeaa000 	C:\Windows\System32\windows.storage.dll
0x00007ffd4e4c0000 - 0x00007ffd4e50c000 	C:\Windows\System32\powrprof.dll
0x00007ffd50050000 - 0x00007ffd500a2000 	C:\Windows\System32\shlwapi.dll
0x00007ffd4e510000 - 0x00007ffd4e51f000 	C:\Windows\System32\kernel.appcore.dll
0x00007ffd4f120000 - 0x00007ffd4f1c9000 	C:\Windows\System32\shcore.dll
0x00007ffd4e4a0000 - 0x00007ffd4e4b4000 	C:\Windows\System32\profapi.dll
0x00007ffd4b1b0000 - 0x00007ffd4b1c0000 	C:\Program Files (x86)\JetBrains\IntelliJ IDEA 2016.3.4\bin\breakgen64.dll
0x00000000567e0000 - 0x00000000567fa000 	C:\Program Files\Java\jdk1.8.0_121\jre\bin\net.dll
0x00007ffd4ddd0000 - 0x00007ffd4de2c000 	C:\Windows\system32\mswsock.dll
0x0000000056640000 - 0x00000000567d8000 	C:\Program Files\Java\jdk1.8.0_121\jre\bin\awt.dll
0x00007ffd4fd70000 - 0x00007ffd4fe2c000 	C:\Windows\System32\OLEAUT32.dll
0x00007ffd4c6f0000 - 0x00007ffd4c76a000 	C:\Windows\SYSTEM32\apphelp.dll
0x00007ffd4cb80000 - 0x00007ffd4cc15000 	C:\Windows\system32\uxtheme.dll
0x00007ffd500b0000 - 0x00007ffd5020b000 	C:\Windows\System32\MSCTF.dll
0x00007ffd4b9e0000 - 0x00007ffd4ba06000 	C:\Windows\system32\dwmapi.dll
0x00007ffd50800000 - 0x00007ffd50937000 	C:\Windows\System32\ole32.dll
0x00007ffd18e40000 - 0x00007ffd18f63000 	C:\Windows\system32\opengl32.dll
0x00007ffd37d80000 - 0x00007ffd37dad000 	C:\Windows\SYSTEM32\GLU32.dll
0x00007ffd17d70000 - 0x00007ffd17e67000 	C:\Windows\SYSTEM32\DDRAW.dll
0x00007ffd4c7c0000 - 0x00007ffd4c7c8000 	C:\Windows\SYSTEM32\DCIMAN32.dll
0x00007ffd1ba60000 - 0x00007ffd1bbed000 	C:\Windows\system32\d3d9.dll
0x00007ffd0d540000 - 0x00007ffd0e54f000 	C:\Windows\System32\DriverStore\FileRepository\nvami.inf_amd64_fba2180c780ad9c0\nvd3dumx.dll
0x00007ffd403e0000 - 0x00007ffd405b1000 	C:\Windows\system32\nvspcap64.dll
0x00007ffd50280000 - 0x00007ffd506a9000 	C:\Windows\System32\SETUPAPI.dll
0x00007ffd45690000 - 0x00007ffd4575c000 	C:\Windows\SYSTEM32\WINHTTP.dll
0x00007ffd4b800000 - 0x00007ffd4b813000 	C:\Windows\SYSTEM32\WTSAPI32.dll
0x00007ffd46250000 - 0x00007ffd4666e000 	C:\Windows\system32\nvapi64.dll
0x00007ffd4d430000 - 0x00007ffd4d4cf000 	C:\Windows\SYSTEM32\dxgi.dll
0x00007ffd4d170000 - 0x00007ffd4d198000 	C:\Windows\SYSTEM32\DEVOBJ.dll
0x00007ffd4e770000 - 0x00007ffd4e7c5000 	C:\Windows\System32\WINTRUST.dll
0x00007ffd4e520000 - 0x00007ffd4e530000 	C:\Windows\System32\MSASN1.dll
0x00007ffd4f360000 - 0x00007ffd4f528000 	C:\Windows\System32\CRYPT32.dll
0x00007ffd477c0000 - 0x00007ffd478a7000 	C:\Program Files (x86)\NVIDIA Corporation\3D Vision\nvSCPAPI64.dll
0x00007ffd4df70000 - 0x00007ffd4df87000 	C:\Windows\SYSTEM32\CRYPTSP.dll
0x00007ffd4da60000 - 0x00007ffd4da93000 	C:\Windows\system32\rsaenh.dll
0x00007ffd4e3e0000 - 0x00007ffd4e40b000 	C:\Windows\SYSTEM32\bcrypt.dll
0x00007ffd4dc50000 - 0x00007ffd4dc6f000 	C:\Windows\SYSTEM32\USERENV.dll
0x00007ffd4df90000 - 0x00007ffd4df9b000 	C:\Windows\SYSTEM32\CRYPTBASE.dll
0x00007ffd4db60000 - 0x00007ffd4db98000 	C:\Windows\SYSTEM32\IPHLPAPI.DLL
0x00007ffd50940000 - 0x00007ffd50948000 	C:\Windows\System32\NSI.dll
0x00007ffd49530000 - 0x00007ffd49546000 	C:\Windows\SYSTEM32\dhcpcsvc6.DLL
0x00007ffd499d0000 - 0x00007ffd499ea000 	C:\Windows\SYSTEM32\dhcpcsvc.DLL
0x0000000056620000 - 0x0000000056631000 	C:\Program Files\Java\jdk1.8.0_121\jre\bin\nio.dll
0x00000000637c0000 - 0x00000000637cd000 	C:\Users\andre\AppData\Local\Temp\jogamp_0000\file_cache\jln634608650859314836\jln7876747939841194067\natives\windows-amd64\gluegen-rt.dll
0x0000000056610000 - 0x0000000056617000 	C:\Program Files\Java\jdk1.8.0_121\jre\bin\jawt.dll
0x000000006a440000 - 0x000000006a44d000 	C:\Users\andre\AppData\Local\Temp\jogamp_0000\file_cache\jln634608650859314836\jln7876747939841194067\natives\windows-amd64\nativewindow_awt.dll
0x000000006c100000 - 0x000000006c10f000 	C:\Users\andre\AppData\Local\Temp\jogamp_0000\file_cache\jln634608650859314836\jln7876747939841194067\natives\windows-amd64\nativewindow_win32.dll
0x000000006cbc0000 - 0x000000006cbd3000 	C:\Users\andre\AppData\Local\Temp\jogamp_0000\file_cache\jln634608650859314836\jln7876747939841194067\natives\windows-amd64\newt.dll
0x00007ffd3a410000 - 0x00007ffd3a4a1000 	C:\Windows\SYSTEM32\mscms.dll
0x00007ffd28d60000 - 0x00007ffd28da2000 	C:\Windows\SYSTEM32\icm32.dll
0x0000000064500000 - 0x00000000645b1000 	C:\Users\andre\AppData\Local\Temp\jogamp_0000\file_cache\jln634608650859314836\jln7876747939841194067\natives\windows-amd64\jogl_desktop.dll
0x0000000064340000 - 0x00000000643a2000 	C:\Users\andre\AppData\Local\Temp\jogamp_0000\file_cache\jln634608650859314836\jln7876747939841194067\natives\windows-amd64\jogl_mobile.dll
0x0000000057210000 - 0x00000000593a4000 	C:\Windows\SYSTEM32\nvoglv64.DLL
0x00007ffd4d8b0000 - 0x00007ffd4d8e2000 	C:\Windows\SYSTEM32\ntmarta.dll
0x00007ffd4d610000 - 0x00007ffd4d666000 	C:\Windows\SYSTEM32\WINSTA.dll
0x00000000565c0000 - 0x0000000056607000 	C:\Program Files\Java\jdk1.8.0_121\jre\bin\fontmanager.dll
0x0000000056570000 - 0x00000000565b2000 	C:\Program Files\Java\jdk1.8.0_121\jre\bin\t2k.dll
0x00007ffd16ad0000 - 0x00007ffd16c6c000 	C:\Users\andre\IdeaProjects\ambientes2.0\libs\kinectPV2\Kinect20.Face.dll
0x00007ffd446c0000 - 0x00007ffd44767000 	C:\Windows\SYSTEM32\MSVCP110.dll
0x00007ffd44cd0000 - 0x00007ffd44da4000 	C:\Windows\SYSTEM32\MSVCR110.dll
0x00007ffd479a0000 - 0x00007ffd479b1000 	C:\Users\andre\IdeaProjects\ambientes2.0\libs\kinectPV2\KinectPV2.dll
0x00007ffd19080000 - 0x00007ffd1913a000 	C:\Windows\SYSTEM32\Kinect20.dll
0x00007ffd4aac0000 - 0x00007ffd4ac28000 	C:\Windows\SYSTEM32\MFPlat.DLL
0x00007ffd4a9a0000 - 0x00007ffd4a9ce000 	C:\Windows\SYSTEM32\RTWorkQ.DLL
0x00007ffd4a800000 - 0x00007ffd4a992000 	C:\Windows\SYSTEM32\dbghelp.dll

VM Arguments:
jvm_args: -Djava.library.path=C:\Users\andre\IdeaProjects\ambientes2.0\libs\kinectPV2 -Didea.launcher.port=7533 -Didea.launcher.bin.path=C:\Program Files (x86)\JetBrains\IntelliJ IDEA 2016.3.4\bin -Dfile.encoding=UTF-8 
java_command: com.intellij.rt.execution.application.AppMain root.Main
java_class_path (initial): C:\Program Files\Java\jdk1.8.0_121\jre\lib\charsets.jar;C:\Program Files\Java\jdk1.8.0_121\jre\lib\deploy.jar;C:\Program Files\Java\jdk1.8.0_121\jre\lib\ext\access-bridge-64.jar;C:\Program Files\Java\jdk1.8.0_121\jre\lib\ext\cldrdata.jar;C:\Program Files\Java\jdk1.8.0_121\jre\lib\ext\dnsns.jar;C:\Program Files\Java\jdk1.8.0_121\jre\lib\ext\jaccess.jar;C:\Program Files\Java\jdk1.8.0_121\jre\lib\ext\jfxrt.jar;C:\Program Files\Java\jdk1.8.0_121\jre\lib\ext\localedata.jar;C:\Program Files\Java\jdk1.8.0_121\jre\lib\ext\nashorn.jar;C:\Program Files\Java\jdk1.8.0_121\jre\lib\ext\sunec.jar;C:\Program Files\Java\jdk1.8.0_121\jre\lib\ext\sunjce_provider.jar;C:\Program Files\Java\jdk1.8.0_121\jre\lib\ext\sunmscapi.jar;C:\Program Files\Java\jdk1.8.0_121\jre\lib\ext\sunpkcs11.jar;C:\Program Files\Java\jdk1.8.0_121\jre\lib\ext\zipfs.jar;C:\Program Files\Java\jdk1.8.0_121\jre\lib\javaws.jar;C:\Program Files\Java\jdk1.8.0_121\jre\lib\jce.jar;C:\Program Files\Java\jdk1.8.0_121\jre\lib\jfr.jar;C:\Program Files\Java\jdk1.8.0_121\jre\lib\jfxswt.jar;C:\Program Files\Java\jdk1.8.0_121\jre\lib\jsse.jar;C:\Program Files\Java\jdk1.8.0_121\jre\lib\management-agent.jar;C:\Program Files\Java\jdk1.8.0_121\jre\lib\plugin.jar;C:\Program Files\Java\jdk1.8.0_121\jre\lib\resources.jar;C:\Program Files\Java\jdk1.8.0_121\jre\lib\rt.jar;C:\Users\andre\IdeaProjects\ambientes2.0\out\production\ambientes2.0;C:\Users\andre\IdeaProjects\ambientes2.0\libs\p3.01\core.jar;C:\Users\andre\IdeaProjects\ambientes2.0\libs\p3.01\jogl-all.jar;C:\Users\andre\IdeaProjects\ambientes2.0\libs\p3.01\gluegen-rt.jar;C:\Users\andre\IdeaProjects\ambientes2.0\libs\p3.01\jogl-all-natives-linux-i586.jar;C:\Users\andre\IdeaProjects\ambientes2.0\libs\p3.01\jogl-all-natives-linux-amd64.jar;C:\Users\andre\IdeaProjects\ambientes2.0\libs\p3.01\gluegen-rt-natives-linux-i586.jar;C:\Users\andre\IdeaProjects\ambientes2.0\libs\p3.01\jogl-all-natives-windows-i586.jar;C:\Users\andre\IdeaProjects\ambientes2.0\libs\
Launcher Type: SUN_STANDARD

Environment Variables:
PATH=C:\ProgramData\Oracle\Java\javapath;C:\Program Files (x86)\Intel\iCLS Client\;C:\Program Files\Intel\iCLS Client\;C:\Windows\system32;C:\Windows;C:\Windows\System32\Wbem;C:\Windows\System32\WindowsPowerShell\v1.0\;C:\Program Files (x86)\NVIDIA Corporation\PhysX\Common;C:\Program Files (x86)\Intel\Intel(R) Management Engine Components\DAL;C:\Program Files\Intel\Intel(R) Management Engine Components\DAL;C:\Program Files (x86)\Intel\Intel(R) Management Engine Components\IPT;C:\Program Files\Intel\Intel(R) Management Engine Components\IPT;C:\Program Files\Intel\WiFi\bin\;C:\Program Files\Common Files\Intel\WirelessCommon\;C:\Windows\system32;C:\Windows;C:\Windows\System32\Wbem;C:\Windows\System32\WindowsPowerShell\v1.0\;C:\Program Files\Git\cmd;C:\Program Files (x86)\Brackets\command;C:\Program Files\nodejs\;C:\Users\andre\AppData\Local\Microsoft\WindowsApps;C:\Users\andre\AppData\Roaming\npm
USERNAME=andre
OS=Windows_NT
PROCESSOR_IDENTIFIER=Intel64 Family 6 Model 94 Stepping 3, GenuineIntel



---------------  S Y S T E M  ---------------

OS: Windows 10.0 , 64 bit Build 14393 (10.0.14393.0)

CPU:total 8 (4 cores per cpu, 2 threads per core) family 6 model 94 stepping 3, cmov, cx8, fxsr, mmx, sse, sse2, sse3, ssse3, sse4.1, sse4.2, popcnt, avx, avx2, aes, clmul, erms, rtm, 3dnowpref, lzcnt, ht, tsc, tscinvbit, bmi1, bmi2, adx

Memory: 4k page, physical 14770404k(7650720k free), swap 16998628k(7592964k free)

vm_info: Java HotSpot(TM) 64-Bit Server VM (25.121-b13) for windows-amd64 JRE (1.8.0_121-b13), built on Dec 12 2016 18:21:36 by "java_re" with MS VC++ 10.0 (VS2010)

time: Sun Mar 05 12:19:55 2017
elapsed time: 12 seconds (0d 0h 0m 12s)

