#
# A fatal error has been detected by the Java Runtime Environment:
#
#  EXCEPTION_ACCESS_VIOLATION (0xc0000005) at pc=0x00007ffd479a5520, pid=5520, tid=0x0000000000002c3c
#
# JRE version: Java(TM) SE Runtime Environment (8.0_121-b13) (build 1.8.0_121-b13)
# Java VM: Java HotSpot(TM) 64-Bit Server VM (25.121-b13 mixed mode windows-amd64 compressed oops)
# Problematic frame:
# C  [KinectPV2.dll+0x5520]
#
# Failed to write core dump. Minidumps are not enabled by default on client versions of Windows
#
# If you would like to submit a bug report, please visit:
#   http://bugreport.java.com/bugreport/crash.jsp
# The crash happened outside the Java Virtual Machine in native code.
# See problematic frame for where to report the bug.
#

---------------  T H R E A D  ---------------

Current thread (0x000000001ed7d800):  JavaThread "main-FPSAWTAnimator#00-Timer0" [_thread_in_native, id=11324, stack(0x0000000028840000,0x0000000028940000)]

siginfo: ExceptionCode=0xc0000005, reading address 0x00000d3cffffd3a0

Registers:
RAX=0x0000000000000001, RBX=0x0000000023be2ae0, RCX=0x00000d3cffffd3a0, RDX=0x0000000000000000
RSP=0x000000002893df40, RBP=0x0000000000000000, RSI=0x0000000000000006, RDI=0x0000000023be2d10
R8 =0x000000002893dc28, R9 =0x0000000000008000, R10=0x0000000000000000, R11=0x000000002893de70
R12=0x0000000000000000, R13=0x0000000029cd5eb8, R14=0x000000002893e030, R15=0x000000001ed7d800
RIP=0x00007ffd479a5520, EFLAGS=0x0000000000010206

Top of Stack: (sp=0x000000002893df40)
0x000000002893df40:   0000000023be2ae0 0000000029cd5eb8
0x000000002893df50:   0000000000000000 000000001e6e9af0
0x000000002893df60:   000000001e6e9af0 00007ffd479a177a
0x000000002893df70:   000000002893e030 000000002893e010
0x000000002893df80:   000000001ed7d9f8 000000001ed7d800
0x000000002893df90:   0000000002c7835d 0000000002c87f74
0x000000002893dfa0:   0000000029cd5eb8 000000001ed7d800
0x000000002893dfb0:   000000001ed7d800 000000001ed7d800
0x000000002893dfc0:   000000002893e088 0000000002c87ca2
0x000000002893dfd0:   000000002893dfd0 0000000029cd5eb8
0x000000002893dfe0:   000000002893e030 0000000029cd7b50
0x000000002893dff0:   0000000000000000 0000000029cd5eb8
0x000000002893e000:   0000000000000000 000000002893e030
0x000000002893e010:   000000002893e078 0000000002c77b30
0x000000002893e020:   0000000000000000 0000000002c819c0
0x000000002893e030:   00000006e28bf598 000000002893e038 

Instructions: (pc=0x00007ffd479a5520)
0x00007ffd479a5500:   89 6f d0 48 8b 0f 48 85 c9 74 09 48 8b 01 ff 50
0x00007ffd479a5510:   10 48 89 2f 48 8b 8f 90 00 00 00 48 85 c9 74 0d
0x00007ffd479a5520:   48 8b 01 ff 50 10 48 89 af 90 00 00 00 48 8b 4f
0x00007ffd479a5530:   30 48 85 c9 74 0a 48 8b 01 ff 50 10 48 89 6f 30 


Register to memory mapping:

RAX=0x0000000000000001 is an unknown value
RBX=0x0000000023be2ae0 is an unknown value
RCX=0x00000d3cffffd3a0 is an unknown value
RDX=0x0000000000000000 is an unknown value
RSP=0x000000002893df40 is pointing into the stack for thread: 0x000000001ed7d800
RBP=0x0000000000000000 is an unknown value
RSI=0x0000000000000006 is an unknown value
RDI=0x0000000023be2d10 is an unknown value
R8 =0x000000002893dc28 is pointing into the stack for thread: 0x000000001ed7d800
R9 =0x0000000000008000 is an unknown value
R10=0x0000000000000000 is an unknown value
R11=0x000000002893de70 is pointing into the stack for thread: 0x000000001ed7d800
R12=0x0000000000000000 is an unknown value
R13={method} {0x0000000029cd5ec0} 'jniStopSignal' '()Z' in 'KinectPV2/Device'
R14=0x000000002893e030 is pointing into the stack for thread: 0x000000001ed7d800
R15=0x000000001ed7d800 is a thread


Stack: [0x0000000028840000,0x0000000028940000],  sp=0x000000002893df40,  free space=1015k
Native frames: (J=compiled Java code, j=interpreted, Vv=VM code, C=native code)

Java frames: (J=compiled Java code, j=interpreted, Vv=VM code)
j  KinectPV2.Device.jniStopSignal()Z+0
j  KinectPV2.Device.cleanDevice()Z+1
j  KinectPV2.KinectPV2.dispose()V+10
v  ~StubRoutines::call_stub
j  sun.reflect.NativeMethodAccessorImpl.invoke0(Ljava/lang/reflect/Method;Ljava/lang/Object;[Ljava/lang/Object;)Ljava/lang/Object;+0
j  sun.reflect.NativeMethodAccessorImpl.invoke(Ljava/lang/Object;[Ljava/lang/Object;)Ljava/lang/Object;+100
j  sun.reflect.DelegatingMethodAccessorImpl.invoke(Ljava/lang/Object;[Ljava/lang/Object;)Ljava/lang/Object;+6
j  java.lang.reflect.Method.invoke(Ljava/lang/Object;[Ljava/lang/Object;)Ljava/lang/Object;+56
j  processing.core.PApplet$RegisteredMethods.handle([Ljava/lang/Object;)V+18
J 1178 C1 processing.core.PApplet.handleMethods(Ljava/lang/String;)V (21 bytes) @ 0x00000000030e055c [0x00000000030e02a0+0x2bc]
j  processing.core.PApplet.dispose()V+35
J 1508 C1 processing.opengl.PSurfaceJOGL$DrawListener.display(Lcom/jogamp/opengl/GLAutoDrawable;)V (194 bytes) @ 0x000000000320c934 [0x000000000320bde0+0xb54]
J 1507 C1 jogamp.opengl.GLDrawableHelper.displayImpl(Lcom/jogamp/opengl/GLAutoDrawable;)V (86 bytes) @ 0x0000000003208a9c [0x0000000003208140+0x95c]
J 1505 C1 jogamp.opengl.GLAutoDrawableBase$2.run()V (73 bytes) @ 0x000000000320afd4 [0x000000000320abe0+0x3f4]
J 1503 C1 jogamp.opengl.GLDrawableHelper.invokeGLImpl(Lcom/jogamp/opengl/GLDrawable;Lcom/jogamp/opengl/GLContext;Ljava/lang/Runnable;Ljava/lang/Runnable;)V (579 bytes) @ 0x000000000320503c [0x00000000032041e0+0xe5c]
J 1535 C1 jogamp.opengl.GLDrawableHelper.invokeGL(Lcom/jogamp/opengl/GLDrawable;Lcom/jogamp/opengl/GLContext;Ljava/lang/Runnable;Ljava/lang/Runnable;)V (76 bytes) @ 0x000000000321b0c4 [0x000000000321b000+0xc4]
J 1498 C1 com.jogamp.newt.opengl.GLWindow.display()V (144 bytes) @ 0x00000000031f9a54 [0x00000000031f9160+0x8f4]
J 1497 C1 com.jogamp.opengl.util.AWTAnimatorImpl.display(Ljava/util/ArrayList;ZZ)V (170 bytes) @ 0x00000000031f14bc [0x00000000031f0dc0+0x6fc]
J 1495 C1 com.jogamp.opengl.util.FPSAnimator$MainTask.run()V (805 bytes) @ 0x00000000031f4cd4 [0x00000000031f3f40+0xd94]
j  java.util.TimerThread.mainLoop()V+221
j  java.util.TimerThread.run()V+1
v  ~StubRoutines::call_stub

---------------  P R O C E S S  ---------------

Java Threads: ( => current thread )
  0x000000001ed7c800 JavaThread "Thread-6" [_thread_blocked, id=8368, stack(0x00000000377a0000,0x00000000378a0000)]
  0x0000000002b72800 JavaThread "DestroyJavaVM" [_thread_blocked, id=12688, stack(0x0000000002a70000,0x0000000002b70000)]
=>0x000000001ed7d800 JavaThread "main-FPSAWTAnimator#00-Timer0" [_thread_in_native, id=11324, stack(0x0000000028840000,0x0000000028940000)]
  0x000000001e9df800 JavaThread "Thread-3" [_thread_blocked, id=3964, stack(0x0000000028740000,0x0000000028840000)]
  0x000000001e8b6000 JavaThread "main-SharedResourceRunner" daemon [_thread_blocked, id=8808, stack(0x0000000024370000,0x0000000024470000)]
  0x000000001ebdb000 JavaThread "main-Display-.windows_nil-1-EDT-1" daemon [_thread_blocked, id=8496, stack(0x0000000024270000,0x0000000024370000)]
  0x000000001e692000 JavaThread "AWT-Windows" daemon [_thread_in_native, id=1276, stack(0x000000001ef80000,0x000000001f080000)]
  0x000000001e6e5000 JavaThread "Java2D Disposer" daemon [_thread_blocked, id=4384, stack(0x000000001ed80000,0x000000001ee80000)]
  0x000000001d764800 JavaThread "Monitor Ctrl-Break" daemon [_thread_in_native, id=3384, stack(0x000000001e320000,0x000000001e420000)]
  0x000000001d5b5800 JavaThread "Service Thread" daemon [_thread_blocked, id=8156, stack(0x000000001e0d0000,0x000000001e1d0000)]
  0x000000001d522800 JavaThread "C1 CompilerThread3" daemon [_thread_blocked, id=2340, stack(0x000000001dfd0000,0x000000001e0d0000)]
  0x000000001d516800 JavaThread "C2 CompilerThread2" daemon [_thread_blocked, id=6028, stack(0x000000001ded0000,0x000000001dfd0000)]
  0x000000001d50d000 JavaThread "C2 CompilerThread1" daemon [_thread_blocked, id=2628, stack(0x000000001ddd0000,0x000000001ded0000)]
  0x000000001d509000 JavaThread "C2 CompilerThread0" daemon [_thread_blocked, id=10188, stack(0x000000001dcd0000,0x000000001ddd0000)]
  0x000000001d507800 JavaThread "Attach Listener" daemon [_thread_blocked, id=11028, stack(0x000000001dbd0000,0x000000001dcd0000)]
  0x000000001b61e800 JavaThread "Signal Dispatcher" daemon [_thread_blocked, id=12900, stack(0x000000001dad0000,0x000000001dbd0000)]
  0x000000001d500800 JavaThread "Finalizer" daemon [_thread_blocked, id=5364, stack(0x000000001d8e0000,0x000000001d9e0000)]
  0x0000000002c67800 JavaThread "Reference Handler" daemon [_thread_blocked, id=11332, stack(0x000000001d3e0000,0x000000001d4e0000)]

Other Threads:
  0x000000001b609800 VMThread [stack: 0x000000001d2e0000,0x000000001d3e0000] [id=2588]
  0x000000001d5d2800 WatcherThread [stack: 0x000000001e1d0000,0x000000001e2d0000] [id=5436]

VM state:not at safepoint (normal execution)

VM Mutex/Monitor currently owned by a thread: None

Heap:
 PSYoungGen      total 493056K, used 375740K [0x0000000774d80000, 0x00000007b4c00000, 0x00000007c0000000)
  eden space 492544K, 76% used [0x0000000774d80000,0x000000078bc4f200,0x0000000792e80000)
  from space 512K, 25% used [0x00000007b4b80000,0x00000007b4ba0000,0x00000007b4c00000)
  to   space 27648K, 0% used [0x00000007b1600000,0x00000007b1600000,0x00000007b3100000)
 ParOldGen       total 154624K, used 76393K [0x00000006de800000, 0x00000006e7f00000, 0x0000000774d80000)
  object space 154624K, 49% used [0x00000006de800000,0x00000006e329a6f0,0x00000006e7f00000)
 Metaspace       used 17089K, capacity 17272K, committed 17536K, reserved 1064960K
  class space    used 1549K, capacity 1648K, committed 1664K, reserved 1048576K

Card table byte_map: [0x0000000012030000,0x0000000012740000] byte_map_base: 0x000000000e93c000

Marking Bits: (ParMarkBitMap*) 0x000000005707b6d0
 Begin Bits: [0x0000000013400000, 0x0000000016c60000)
 End Bits:   [0x0000000016c60000, 0x000000001a4c0000)

Polling page: 0x0000000001260000

CodeCache: size=245760Kb used=6054Kb max_used=6054Kb free=239705Kb
 bounds [0x0000000002c70000, 0x0000000003260000, 0x0000000011c70000]
 total_blobs=2513 nmethods=1628 adapters=798
 compilation: enabled

Compilation events (10 events):
Event: 34.911 Thread 0x000000001d522800 1624       3       com.jogamp.newt.event.InputEvent::getButtonMask (19 bytes)
Event: 34.911 Thread 0x000000001d522800 nmethod 1624 0x0000000003258b90 code [0x0000000003258ce0, 0x0000000003258eb0]
Event: 34.921 Thread 0x000000001d522800 1625       3       com.jogamp.newt.opengl.GLWindow::getCurrentSurfaceScale (9 bytes)
Event: 34.922 Thread 0x000000001d522800 nmethod 1625 0x0000000003258610 code [0x0000000003258780, 0x0000000003258a88]
Event: 34.922 Thread 0x000000001d522800 1626       3       jogamp.newt.WindowImpl::getCurrentSurfaceScale (13 bytes)
Event: 34.922 Thread 0x000000001d522800 nmethod 1626 0x00000000032581d0 code [0x0000000003258340, 0x0000000003258568]
Event: 34.933 Thread 0x000000001d522800 1627       3       processing.core.PApplet::handleMethods (22 bytes)
Event: 34.933 Thread 0x000000001d522800 nmethod 1627 0x000000000325df10 code [0x000000000325e0a0, 0x000000000325e438]
Event: 34.934 Thread 0x000000001d522800 1628       3       processing.core.PApplet::mouseMoved (5 bytes)
Event: 34.934 Thread 0x000000001d522800 nmethod 1628 0x000000000325e590 code [0x000000000325e6e0, 0x000000000325e910]

GC Heap History (10 events):
Event: 26.994 GC heap before
{Heap before GC invocations=16 (full 0):
 PSYoungGen      total 658944K, used 611800K [0x0000000774d80000, 0x00000007bac00000, 0x00000007c0000000)
  eden space 619520K, 98% used [0x0000000774d80000,0x000000079a2d6080,0x000000079aa80000)
  from space 39424K, 0% used [0x00000007b5f00000,0x00000007b5f20000,0x00000007b8580000)
  to   space 37376K, 0% used [0x00000007b8780000,0x00000007b8780000,0x00000007bac00000)
 ParOldGen       total 154624K, used 76313K [0x00000006de800000, 0x00000006e7f00000, 0x0000000774d80000)
  object space 154624K, 49% used [0x00000006de800000,0x00000006e32866f0,0x00000006e7f00000)
 Metaspace       used 17056K, capacity 17272K, committed 17536K, reserved 1064960K
  class space    used 1548K, capacity 1648K, committed 1664K, reserved 1048576K
Event: 26.995 GC heap after
Heap after GC invocations=16 (full 0):
 PSYoungGen      total 591872K, used 32K [0x0000000774d80000, 0x00000007b8800000, 0x00000007c0000000)
  eden space 591360K, 0% used [0x0000000774d80000,0x0000000774d80000,0x0000000798f00000)
  from space 512K, 6% used [0x00000007b8780000,0x00000007b8788000,0x00000007b8800000)
  to   space 35328K, 0% used [0x00000007b4300000,0x00000007b4300000,0x00000007b6580000)
 ParOldGen       total 154624K, used 76337K [0x00000006de800000, 0x00000006e7f00000, 0x0000000774d80000)
  object space 154624K, 49% used [0x00000006de800000,0x00000006e328c6f0,0x00000006e7f00000)
 Metaspace       used 17056K, capacity 17272K, committed 17536K, reserved 1064960K
  class space    used 1548K, capacity 1648K, committed 1664K, reserved 1048576K
}
Event: 29.411 GC heap before
{Heap before GC invocations=17 (full 0):
 PSYoungGen      total 591872K, used 586861K [0x0000000774d80000, 0x00000007b8800000, 0x00000007c0000000)
  eden space 591360K, 99% used [0x0000000774d80000,0x0000000798a935d0,0x0000000798f00000)
  from space 512K, 6% used [0x00000007b8780000,0x00000007b8788000,0x00000007b8800000)
  to   space 35328K, 0% used [0x00000007b4300000,0x00000007b4300000,0x00000007b6580000)
 ParOldGen       total 154624K, used 76337K [0x00000006de800000, 0x00000006e7f00000, 0x0000000774d80000)
  object space 154624K, 49% used [0x00000006de800000,0x00000006e328c6f0,0x00000006e7f00000)
 Metaspace       used 17056K, capacity 17272K, committed 17536K, reserved 1064960K
  class space    used 1548K, capacity 1648K, committed 1664K, reserved 1048576K
Event: 29.412 GC heap after
Heap after GC invocations=17 (full 0):
 PSYoungGen      total 600064K, used 32K [0x0000000774d80000, 0x00000007b8800000, 0x00000007c0000000)
  eden space 564736K, 0% used [0x0000000774d80000,0x0000000774d80000,0x0000000797500000)
  from space 35328K, 0% used [0x00000007b4300000,0x00000007b4308000,0x00000007b6580000)
  to   space 33280K, 0% used [0x00000007b6780000,0x00000007b6780000,0x00000007b8800000)
 ParOldGen       total 154624K, used 76337K [0x00000006de800000, 0x00000006e7f00000, 0x0000000774d80000)
  object space 154624K, 49% used [0x00000006de800000,0x00000006e328c6f0,0x00000006e7f00000)
 Metaspace       used 17056K, capacity 17272K, committed 17536K, reserved 1064960K
  class space    used 1548K, capacity 1648K, committed 1664K, reserved 1048576K
}
Event: 31.695 GC heap before
{Heap before GC invocations=18 (full 0):
 PSYoungGen      total 600064K, used 559592K [0x0000000774d80000, 0x00000007b8800000, 0x00000007c0000000)
  eden space 564736K, 99% used [0x0000000774d80000,0x0000000796ff2248,0x0000000797500000)
  from space 35328K, 0% used [0x00000007b4300000,0x00000007b4308000,0x00000007b6580000)
  to   space 33280K, 0% used [0x00000007b6780000,0x00000007b6780000,0x00000007b8800000)
 ParOldGen       total 154624K, used 76337K [0x00000006de800000, 0x00000006e7f00000, 0x0000000774d80000)
  object space 154624K, 49% used [0x00000006de800000,0x00000006e328c6f0,0x00000006e7f00000)
 Metaspace       used 17056K, capacity 17272K, committed 17536K, reserved 1064960K
  class space    used 1548K, capacity 1648K, committed 1664K, reserved 1048576K
Event: 31.697 GC heap after
Heap after GC invocations=18 (full 0):
 PSYoungGen      total 540160K, used 160K [0x0000000774d80000, 0x00000007b6800000, 0x00000007c0000000)
  eden space 539648K, 0% used [0x0000000774d80000,0x0000000774d80000,0x0000000795c80000)
  from space 512K, 31% used [0x00000007b6780000,0x00000007b67a8000,0x00000007b6800000)
  to   space 31232K, 0% used [0x00000007b2b00000,0x00000007b2b00000,0x00000007b4980000)
 ParOldGen       total 154624K, used 76337K [0x00000006de800000, 0x00000006e7f00000, 0x0000000774d80000)
  object space 154624K, 49% used [0x00000006de800000,0x00000006e328c6f0,0x00000006e7f00000)
 Metaspace       used 17056K, capacity 17272K, committed 17536K, reserved 1064960K
  class space    used 1548K, capacity 1648K, committed 1664K, reserved 1048576K
}
Event: 33.883 GC heap before
{Heap before GC invocations=19 (full 0):
 PSYoungGen      total 540160K, used 532866K [0x0000000774d80000, 0x00000007b6800000, 0x00000007c0000000)
  eden space 539648K, 98% used [0x0000000774d80000,0x00000007955b88b8,0x0000000795c80000)
  from space 512K, 31% used [0x00000007b6780000,0x00000007b67a8000,0x00000007b6800000)
  to   space 31232K, 0% used [0x00000007b2b00000,0x00000007b2b00000,0x00000007b4980000)
 ParOldGen       total 154624K, used 76337K [0x00000006de800000, 0x00000006e7f00000, 0x0000000774d80000)
  object space 154624K, 49% used [0x00000006de800000,0x00000006e328c6f0,0x00000006e7f00000)
 Metaspace       used 17058K, capacity 17272K, committed 17536K, reserved 1064960K
  class space    used 1548K, capacity 1648K, committed 1664K, reserved 1048576K
Event: 33.884 GC heap after
Heap after GC invocations=19 (full 0):
 PSYoungGen      total 546816K, used 192K [0x0000000774d80000, 0x00000007b6800000, 0x00000007c0000000)
  eden space 515584K, 0% used [0x0000000774d80000,0x0000000774d80000,0x0000000794500000)
  from space 31232K, 0% used [0x00000007b2b00000,0x00000007b2b30000,0x00000007b4980000)
  to   space 29184K, 0% used [0x00000007b4b80000,0x00000007b4b80000,0x00000007b6800000)
 ParOldGen       total 154624K, used 76345K [0x00000006de800000, 0x00000006e7f00000, 0x0000000774d80000)
  object space 154624K, 49% used [0x00000006de800000,0x00000006e328e6f0,0x00000006e7f00000)
 Metaspace       used 17058K, capacity 17272K, committed 17536K, reserved 1064960K
  class space    used 1548K, capacity 1648K, committed 1664K, reserved 1048576K
}
Event: 36.003 GC heap before
{Heap before GC invocations=20 (full 0):
 PSYoungGen      total 546816K, used 514846K [0x0000000774d80000, 0x00000007b6800000, 0x00000007c0000000)
  eden space 515584K, 99% used [0x0000000774d80000,0x0000000794417af0,0x0000000794500000)
  from space 31232K, 0% used [0x00000007b2b00000,0x00000007b2b30000,0x00000007b4980000)
  to   space 29184K, 0% used [0x00000007b4b80000,0x00000007b4b80000,0x00000007b6800000)
 ParOldGen       total 154624K, used 76345K [0x00000006de800000, 0x00000006e7f00000, 0x0000000774d80000)
  object space 154624K, 49% used [0x00000006de800000,0x00000006e328e6f0,0x00000006e7f00000)
 Metaspace       used 17085K, capacity 17272K, committed 17536K, reserved 1064960K
  class space    used 1548K, capacity 1648K, committed 1664K, reserved 1048576K
Event: 36.004 GC heap after
Heap after GC invocations=20 (full 0):
 PSYoungGen      total 493056K, used 128K [0x0000000774d80000, 0x00000007b4c00000, 0x00000007c0000000)
  eden space 492544K, 0% used [0x0000000774d80000,0x0000000774d80000,0x0000000792e80000)
  from space 512K, 25% used [0x00000007b4b80000,0x00000007b4ba0000,0x00000007b4c00000)
  to   space 27648K, 0% used [0x00000007b1600000,0x00000007b1600000,0x00000007b3100000)
 ParOldGen       total 154624K, used 76393K [0x00000006de800000, 0x00000006e7f00000, 0x0000000774d80000)
  object space 154624K, 49% used [0x00000006de800000,0x00000006e329a6f0,0x00000006e7f00000)
 Metaspace       used 17085K, capacity 17272K, committed 17536K, reserved 1064960K
  class space    used 1548K, capacity 1648K, committed 1664K, reserved 1048576K
}

Deoptimization events (10 events):
Event: 1.241 Thread 0x0000000002b72800 Uncommon trap: reason=unstable_if action=reinterpret pc=0x0000000002e2e5e4 method=java.lang.String.indexOf([CII[CIII)I @ 3
Event: 2.730 Thread 0x0000000002b72800 Uncommon trap: reason=unstable_if action=reinterpret pc=0x0000000002f97bb4 method=java.lang.reflect.AccessibleObject.setAccessible0(Ljava/lang/reflect/AccessibleObject;Z)V @ 4
Event: 2.733 Thread 0x0000000002b72800 Uncommon trap: reason=unstable_if action=reinterpret pc=0x0000000002f9a388 method=java.util.HashMap.containsKey(Ljava/lang/Object;)Z @ 9
Event: 3.105 Thread 0x000000001ed7d800 Uncommon trap: reason=unstable_if action=reinterpret pc=0x00000000030433ec method=processing.opengl.Texture.convertToRGBA([IIII)V @ 339
Event: 7.358 Thread 0x000000001ed7d800 Uncommon trap: reason=unstable_if action=reinterpret pc=0x00000000030b83a4 method=processing.opengl.PGraphicsOpenGL$InGeometry.addVertex(FFFIFFFFFIFIIIFIZ)I @ 379
Event: 7.379 Thread 0x000000001ed7d800 Uncommon trap: reason=class_check action=maybe_recompile pc=0x00000000030508e4 method=java.util.regex.Pattern.compile()V @ 246
Event: 7.379 Thread 0x000000001ed7d800 Uncommon trap: reason=class_check action=maybe_recompile pc=0x00000000030508e4 method=java.util.regex.Pattern.compile()V @ 246
Event: 7.380 Thread 0x000000001ed7d800 Uncommon trap: reason=class_check action=maybe_recompile pc=0x00000000030508e4 method=java.util.regex.Pattern.compile()V @ 246
Event: 7.381 Thread 0x000000001ed7d800 Uncommon trap: reason=class_check action=maybe_recompile pc=0x00000000030508e4 method=java.util.regex.Pattern.compile()V @ 246
Event: 7.414 Thread 0x000000001ed7d800 Uncommon trap: reason=predicate action=maybe_recompile pc=0x0000000003106114 method=java.util.regex.Pattern$Slice.match(Ljava/util/regex/Matcher;ILjava/lang/CharSequence;)Z @ 21

Internal exceptions (10 events):
Event: 0.031 Thread 0x0000000002b72800 Exception <a 'java/lang/NoSuchMethodError': Method sun.misc.Unsafe.defineClass(Ljava/lang/String;[BII)Ljava/lang/Class; name or signature does not match> (0x0000000774d87ca8) thrown at [C:\re\workspace\8-2-build-windows-amd64-cygwin\jdk8u121\8372\hotspot\
Event: 0.031 Thread 0x0000000002b72800 Exception <a 'java/lang/NoSuchMethodError': Method sun.misc.Unsafe.prefetchRead(Ljava/lang/Object;J)V name or signature does not match> (0x0000000774d87f90) thrown at [C:\re\workspace\8-2-build-windows-amd64-cygwin\jdk8u121\8372\hotspot\src\share\vm\prims
Event: 0.175 Thread 0x0000000002b72800 Exception <a 'java/security/PrivilegedActionException'> (0x00000007751482b0) thrown at [C:\re\workspace\8-2-build-windows-amd64-cygwin\jdk8u121\8372\hotspot\src\share\vm\prims\jvm.cpp, line 1390]
Event: 0.175 Thread 0x0000000002b72800 Exception <a 'java/security/PrivilegedActionException'> (0x00000007751484c0) thrown at [C:\re\workspace\8-2-build-windows-amd64-cygwin\jdk8u121\8372\hotspot\src\share\vm\prims\jvm.cpp, line 1390]
Event: 0.176 Thread 0x0000000002b72800 Exception <a 'java/security/PrivilegedActionException'> (0x000000077514c5b8) thrown at [C:\re\workspace\8-2-build-windows-amd64-cygwin\jdk8u121\8372\hotspot\src\share\vm\prims\jvm.cpp, line 1390]
Event: 0.176 Thread 0x0000000002b72800 Exception <a 'java/security/PrivilegedActionException'> (0x000000077514c7c8) thrown at [C:\re\workspace\8-2-build-windows-amd64-cygwin\jdk8u121\8372\hotspot\src\share\vm\prims\jvm.cpp, line 1390]
Event: 0.181 Thread 0x0000000002b72800 Exception <a 'java/io/FileNotFoundException'> (0x000000077514ea40) thrown at [C:\re\workspace\8-2-build-windows-amd64-cygwin\jdk8u121\8372\hotspot\src\share\vm\prims\jni.cpp, line 709]
Event: 0.225 Thread 0x0000000002b72800 Exception <a 'java/lang/NoSuchFieldError': method resolution failed> (0x000000077521be38) thrown at [C:\re\workspace\8-2-build-windows-amd64-cygwin\jdk8u121\8372\hotspot\src\share\vm\prims\methodHandles.cpp, line 1146]
Event: 0.227 Thread 0x0000000002b72800 Exception <a 'java/lang/NoSuchFieldError': method resolution failed> (0x0000000775229370) thrown at [C:\re\workspace\8-2-build-windows-amd64-cygwin\jdk8u121\8372\hotspot\src\share\vm\prims\methodHandles.cpp, line 1146]
Event: 0.290 Thread 0x0000000002b72800 Exception <a 'java/io/FileNotFoundException'> (0x00000007752c4b10) thrown at [C:\re\workspace\8-2-build-windows-amd64-cygwin\jdk8u121\8372\hotspot\src\share\vm\prims\jni.cpp, line 709]

Events (10 events):
Event: 30.888 Thread 0x000000001ed7d800 DEOPT PACKING pc=0x00000000030f348e sp=0x000000002893e760
Event: 30.888 Thread 0x000000001ed7d800 DEOPT UNPACKING pc=0x0000000002cb787f sp=0x000000002893e480 mode 0
Event: 31.695 Executing VM operation: ParallelGCFailedAllocation
Event: 31.697 Executing VM operation: ParallelGCFailedAllocation done
Event: 33.883 Executing VM operation: ParallelGCFailedAllocation
Event: 33.884 Executing VM operation: ParallelGCFailedAllocation done
Event: 36.003 Executing VM operation: ParallelGCFailedAllocation
Event: 36.004 Executing VM operation: ParallelGCFailedAllocation done
Event: 37.510 loading class com/jogamp/newt/event/KeyEvent$NonPrintableRange
Event: 37.510 loading class com/jogamp/newt/event/KeyEvent$NonPrintableRange done


Dynamic libraries:
0x00007ff79f3f0000 - 0x00007ff79f427000 	C:\Program Files\Java\jdk1.8.0_121\bin\java.exe
0x00007ffd51fa0000 - 0x00007ffd52171000 	C:\Windows\SYSTEM32\ntdll.dll
0x00007ffd506b0000 - 0x00007ffd5075b000 	C:\Windows\System32\KERNEL32.DLL
0x00007ffd4ef00000 - 0x00007ffd4f11d000 	C:\Windows\System32\KERNELBASE.dll
0x00007ffd4ff40000 - 0x00007ffd4ffe2000 	C:\Windows\System32\ADVAPI32.dll
0x00007ffd50760000 - 0x00007ffd507fe000 	C:\Windows\System32\msvcrt.dll
0x00007ffd4fcf0000 - 0x00007ffd4fd49000 	C:\Windows\System32\sechost.dll
0x00007ffd4f810000 - 0x00007ffd4f931000 	C:\Windows\System32\RPCRT4.dll
0x00007ffd4f9b0000 - 0x00007ffd4fb15000 	C:\Windows\System32\USER32.dll
0x00007ffd4e5e0000 - 0x00007ffd4e5fe000 	C:\Windows\System32\win32u.dll
0x00007ffd509f0000 - 0x00007ffd50a24000 	C:\Windows\System32\GDI32.dll
0x00007ffd4f1d0000 - 0x00007ffd4f352000 	C:\Windows\System32\gdi32full.dll
0x00007ffd3f8e0000 - 0x00007ffd3fb59000 	C:\Windows\WinSxS\amd64_microsoft.windows.common-controls_6595b64144ccf1df_6.0.14393.0_none_2d0f50fcbdb171b8\COMCTL32.dll
0x00007ffd4f530000 - 0x00007ffd4f7f7000 	C:\Windows\System32\combase.dll
0x00007ffd4e600000 - 0x00007ffd4e6f5000 	C:\Windows\System32\ucrtbase.dll
0x00007ffd4e700000 - 0x00007ffd4e76a000 	C:\Windows\System32\bcryptPrimitives.dll
0x00007ffd4fb20000 - 0x00007ffd4fb4e000 	C:\Windows\System32\IMM32.DLL
0x0000000057100000 - 0x00000000571d2000 	C:\Program Files\Java\jdk1.8.0_121\jre\bin\msvcr100.dll
0x0000000056860000 - 0x00000000570fb000 	C:\Program Files\Java\jdk1.8.0_121\jre\bin\server\jvm.dll
0x00007ffd4f800000 - 0x00007ffd4f808000 	C:\Windows\System32\PSAPI.DLL
0x00007ffd4b360000 - 0x00007ffd4b369000 	C:\Windows\SYSTEM32\WSOCK32.dll
0x00007ffd4c090000 - 0x00007ffd4c0b3000 	C:\Windows\SYSTEM32\WINMM.dll
0x00007ffd49510000 - 0x00007ffd4951a000 	C:\Windows\SYSTEM32\VERSION.dll
0x00007ffd50210000 - 0x00007ffd5027a000 	C:\Windows\System32\WS2_32.dll
0x00007ffd4bc90000 - 0x00007ffd4bcbb000 	C:\Windows\SYSTEM32\WINMMBASE.dll
0x00007ffd4eeb0000 - 0x00007ffd4eef2000 	C:\Windows\System32\cfgmgr32.dll
0x0000000056850000 - 0x000000005685f000 	C:\Program Files\Java\jdk1.8.0_121\jre\bin\verify.dll
0x0000000056820000 - 0x0000000056849000 	C:\Program Files\Java\jdk1.8.0_121\jre\bin\java.dll
0x0000000056800000 - 0x0000000056816000 	C:\Program Files\Java\jdk1.8.0_121\jre\bin\zip.dll
0x00007ffd50a90000 - 0x00007ffd51f98000 	C:\Windows\System32\SHELL32.dll
0x00007ffd4e7d0000 - 0x00007ffd4eeaa000 	C:\Windows\System32\windows.storage.dll
0x00007ffd4e4c0000 - 0x00007ffd4e50c000 	C:\Windows\System32\powrprof.dll
0x00007ffd50050000 - 0x00007ffd500a2000 	C:\Windows\System32\shlwapi.dll
0x00007ffd4e510000 - 0x00007ffd4e51f000 	C:\Windows\System32\kernel.appcore.dll
0x00007ffd4f120000 - 0x00007ffd4f1c9000 	C:\Windows\System32\shcore.dll
0x00007ffd4e4a0000 - 0x00007ffd4e4b4000 	C:\Windows\System32\profapi.dll
0x00007ffd4b1b0000 - 0x00007ffd4b1c0000 	C:\Program Files (x86)\JetBrains\IntelliJ IDEA 2016.3.4\bin\breakgen64.dll
0x00000000567e0000 - 0x00000000567fa000 	C:\Program Files\Java\jdk1.8.0_121\jre\bin\net.dll
0x00007ffd4ddd0000 - 0x00007ffd4de2c000 	C:\Windows\system32\mswsock.dll
0x0000000056640000 - 0x00000000567d8000 	C:\Program Files\Java\jdk1.8.0_121\jre\bin\awt.dll
0x00007ffd4fd70000 - 0x00007ffd4fe2c000 	C:\Windows\System32\OLEAUT32.dll
0x00007ffd4c6f0000 - 0x00007ffd4c76a000 	C:\Windows\SYSTEM32\apphelp.dll
0x00007ffd4cb80000 - 0x00007ffd4cc15000 	C:\Windows\system32\uxtheme.dll
0x00007ffd500b0000 - 0x00007ffd5020b000 	C:\Windows\System32\MSCTF.dll
0x00007ffd4b9e0000 - 0x00007ffd4ba06000 	C:\Windows\system32\dwmapi.dll
0x00007ffd50800000 - 0x00007ffd50937000 	C:\Windows\System32\ole32.dll
0x00007ffd18e40000 - 0x00007ffd18f63000 	C:\Windows\system32\opengl32.dll
0x00007ffd37d80000 - 0x00007ffd37dad000 	C:\Windows\SYSTEM32\GLU32.dll
0x00007ffd17d70000 - 0x00007ffd17e67000 	C:\Windows\SYSTEM32\DDRAW.dll
0x00007ffd4c7c0000 - 0x00007ffd4c7c8000 	C:\Windows\SYSTEM32\DCIMAN32.dll
0x00007ffd1ba60000 - 0x00007ffd1bbed000 	C:\Windows\system32\d3d9.dll
0x00007ffd0d540000 - 0x00007ffd0e54f000 	C:\Windows\System32\DriverStore\FileRepository\nvami.inf_amd64_fba2180c780ad9c0\nvd3dumx.dll
0x00007ffd403e0000 - 0x00007ffd405b1000 	C:\Windows\system32\nvspcap64.dll
0x00007ffd50280000 - 0x00007ffd506a9000 	C:\Windows\System32\SETUPAPI.dll
0x00007ffd45690000 - 0x00007ffd4575c000 	C:\Windows\SYSTEM32\WINHTTP.dll
0x00007ffd4b800000 - 0x00007ffd4b813000 	C:\Windows\SYSTEM32\WTSAPI32.dll
0x00007ffd46250000 - 0x00007ffd4666e000 	C:\Windows\system32\nvapi64.dll
0x00007ffd4d430000 - 0x00007ffd4d4cf000 	C:\Windows\SYSTEM32\dxgi.dll
0x00007ffd4d170000 - 0x00007ffd4d198000 	C:\Windows\SYSTEM32\DEVOBJ.dll
0x00007ffd4e770000 - 0x00007ffd4e7c5000 	C:\Windows\System32\WINTRUST.dll
0x00007ffd4e520000 - 0x00007ffd4e530000 	C:\Windows\System32\MSASN1.dll
0x00007ffd4f360000 - 0x00007ffd4f528000 	C:\Windows\System32\CRYPT32.dll
0x00007ffd477c0000 - 0x00007ffd478a7000 	C:\Program Files (x86)\NVIDIA Corporation\3D Vision\nvSCPAPI64.dll
0x00007ffd4df70000 - 0x00007ffd4df87000 	C:\Windows\SYSTEM32\CRYPTSP.dll
0x00007ffd4da60000 - 0x00007ffd4da93000 	C:\Windows\system32\rsaenh.dll
0x00007ffd4e3e0000 - 0x00007ffd4e40b000 	C:\Windows\SYSTEM32\bcrypt.dll
0x00007ffd4dc50000 - 0x00007ffd4dc6f000 	C:\Windows\SYSTEM32\USERENV.dll
0x00007ffd4df90000 - 0x00007ffd4df9b000 	C:\Windows\SYSTEM32\CRYPTBASE.dll
0x00007ffd4db60000 - 0x00007ffd4db98000 	C:\Windows\SYSTEM32\IPHLPAPI.DLL
0x00007ffd50940000 - 0x00007ffd50948000 	C:\Windows\System32\NSI.dll
0x00007ffd49530000 - 0x00007ffd49546000 	C:\Windows\SYSTEM32\dhcpcsvc6.DLL
0x00007ffd499d0000 - 0x00007ffd499ea000 	C:\Windows\SYSTEM32\dhcpcsvc.DLL
0x0000000056620000 - 0x0000000056631000 	C:\Program Files\Java\jdk1.8.0_121\jre\bin\nio.dll
0x00000000637c0000 - 0x00000000637cd000 	C:\Users\andre\AppData\Local\Temp\jogamp_0000\file_cache\jln8628820659348750607\jln8418769444271204857\natives\windows-amd64\gluegen-rt.dll
0x0000000056610000 - 0x0000000056617000 	C:\Program Files\Java\jdk1.8.0_121\jre\bin\jawt.dll
0x000000006a440000 - 0x000000006a44d000 	C:\Users\andre\AppData\Local\Temp\jogamp_0000\file_cache\jln8628820659348750607\jln8418769444271204857\natives\windows-amd64\nativewindow_awt.dll
0x000000006c100000 - 0x000000006c10f000 	C:\Users\andre\AppData\Local\Temp\jogamp_0000\file_cache\jln8628820659348750607\jln8418769444271204857\natives\windows-amd64\nativewindow_win32.dll
0x000000006cbc0000 - 0x000000006cbd3000 	C:\Users\andre\AppData\Local\Temp\jogamp_0000\file_cache\jln8628820659348750607\jln8418769444271204857\natives\windows-amd64\newt.dll
0x00007ffd3a410000 - 0x00007ffd3a4a1000 	C:\Windows\SYSTEM32\mscms.dll
0x00007ffd28d60000 - 0x00007ffd28da2000 	C:\Windows\SYSTEM32\icm32.dll
0x0000000064500000 - 0x00000000645b1000 	C:\Users\andre\AppData\Local\Temp\jogamp_0000\file_cache\jln8628820659348750607\jln8418769444271204857\natives\windows-amd64\jogl_desktop.dll
0x0000000064340000 - 0x00000000643a2000 	C:\Users\andre\AppData\Local\Temp\jogamp_0000\file_cache\jln8628820659348750607\jln8418769444271204857\natives\windows-amd64\jogl_mobile.dll
0x0000000057210000 - 0x00000000593a4000 	C:\Windows\SYSTEM32\nvoglv64.DLL
0x00007ffd4d8b0000 - 0x00007ffd4d8e2000 	C:\Windows\SYSTEM32\ntmarta.dll
0x00007ffd4d610000 - 0x00007ffd4d666000 	C:\Windows\SYSTEM32\WINSTA.dll
0x00000000565c0000 - 0x0000000056607000 	C:\Program Files\Java\jdk1.8.0_121\jre\bin\fontmanager.dll
0x0000000056570000 - 0x00000000565b2000 	C:\Program Files\Java\jdk1.8.0_121\jre\bin\t2k.dll
0x00007ffd19030000 - 0x00007ffd191cc000 	C:\Users\andre\IdeaProjects\ambientes2.0\libs\kinectPV2\Kinect20.Face.dll
0x00007ffd446c0000 - 0x00007ffd44767000 	C:\Windows\SYSTEM32\MSVCP110.dll
0x00007ffd44cd0000 - 0x00007ffd44da4000 	C:\Windows\SYSTEM32\MSVCR110.dll
0x00007ffd479a0000 - 0x00007ffd479b1000 	C:\Users\andre\IdeaProjects\ambientes2.0\libs\kinectPV2\KinectPV2.dll
0x00007ffd17560000 - 0x00007ffd1761a000 	C:\Windows\SYSTEM32\Kinect20.dll
0x00007ffd4aac0000 - 0x00007ffd4ac28000 	C:\Windows\SYSTEM32\MFPlat.DLL
0x00007ffd4a9a0000 - 0x00007ffd4a9ce000 	C:\Windows\SYSTEM32\RTWorkQ.DLL
0x00007ffd4a800000 - 0x00007ffd4a992000 	C:\Windows\SYSTEM32\dbghelp.dll

VM Arguments:
jvm_args: -Djava.library.path=C:\Users\andre\IdeaProjects\ambientes2.0\libs\kinectPV2 -Didea.launcher.port=7537 -Didea.launcher.bin.path=C:\Program Files (x86)\JetBrains\IntelliJ IDEA 2016.3.4\bin -Dfile.encoding=UTF-8 
java_command: com.intellij.rt.execution.application.AppMain root.Main
java_class_path (initial): C:\Program Files\Java\jdk1.8.0_121\jre\lib\charsets.jar;C:\Program Files\Java\jdk1.8.0_121\jre\lib\deploy.jar;C:\Program Files\Java\jdk1.8.0_121\jre\lib\ext\access-bridge-64.jar;C:\Program Files\Java\jdk1.8.0_121\jre\lib\ext\cldrdata.jar;C:\Program Files\Java\jdk1.8.0_121\jre\lib\ext\dnsns.jar;C:\Program Files\Java\jdk1.8.0_121\jre\lib\ext\jaccess.jar;C:\Program Files\Java\jdk1.8.0_121\jre\lib\ext\jfxrt.jar;C:\Program Files\Java\jdk1.8.0_121\jre\lib\ext\localedata.jar;C:\Program Files\Java\jdk1.8.0_121\jre\lib\ext\nashorn.jar;C:\Program Files\Java\jdk1.8.0_121\jre\lib\ext\sunec.jar;C:\Program Files\Java\jdk1.8.0_121\jre\lib\ext\sunjce_provider.jar;C:\Program Files\Java\jdk1.8.0_121\jre\lib\ext\sunmscapi.jar;C:\Program Files\Java\jdk1.8.0_121\jre\lib\ext\sunpkcs11.jar;C:\Program Files\Java\jdk1.8.0_121\jre\lib\ext\zipfs.jar;C:\Program Files\Java\jdk1.8.0_121\jre\lib\javaws.jar;C:\Program Files\Java\jdk1.8.0_121\jre\lib\jce.jar;C:\Program Files\Java\jdk1.8.0_121\jre\lib\jfr.jar;C:\Program Files\Java\jdk1.8.0_121\jre\lib\jfxswt.jar;C:\Program Files\Java\jdk1.8.0_121\jre\lib\jsse.jar;C:\Program Files\Java\jdk1.8.0_121\jre\lib\management-agent.jar;C:\Program Files\Java\jdk1.8.0_121\jre\lib\plugin.jar;C:\Program Files\Java\jdk1.8.0_121\jre\lib\resources.jar;C:\Program Files\Java\jdk1.8.0_121\jre\lib\rt.jar;C:\Users\andre\IdeaProjects\ambientes2.0\out\production\ambientes2.0;C:\Users\andre\IdeaProjects\ambientes2.0\libs\p3.01\core.jar;C:\Users\andre\IdeaProjects\ambientes2.0\libs\p3.01\jogl-all.jar;C:\Users\andre\IdeaProjects\ambientes2.0\libs\p3.01\gluegen-rt.jar;C:\Users\andre\IdeaProjects\ambientes2.0\libs\p3.01\jogl-all-natives-linux-i586.jar;C:\Users\andre\IdeaProjects\ambientes2.0\libs\p3.01\jogl-all-natives-linux-amd64.jar;C:\Users\andre\IdeaProjects\ambientes2.0\libs\p3.01\gluegen-rt-natives-linux-i586.jar;C:\Users\andre\IdeaProjects\ambientes2.0\libs\p3.01\jogl-all-natives-windows-i586.jar;C:\Users\andre\IdeaProjects\ambientes2.0\libs\
Launcher Type: SUN_STANDARD

Environment Variables:
PATH=C:\ProgramData\Oracle\Java\javapath;C:\Program Files (x86)\Intel\iCLS Client\;C:\Program Files\Intel\iCLS Client\;C:\Windows\system32;C:\Windows;C:\Windows\System32\Wbem;C:\Windows\System32\WindowsPowerShell\v1.0\;C:\Program Files (x86)\NVIDIA Corporation\PhysX\Common;C:\Program Files (x86)\Intel\Intel(R) Management Engine Components\DAL;C:\Program Files\Intel\Intel(R) Management Engine Components\DAL;C:\Program Files (x86)\Intel\Intel(R) Management Engine Components\IPT;C:\Program Files\Intel\Intel(R) Management Engine Components\IPT;C:\Program Files\Intel\WiFi\bin\;C:\Program Files\Common Files\Intel\WirelessCommon\;C:\Windows\system32;C:\Windows;C:\Windows\System32\Wbem;C:\Windows\System32\WindowsPowerShell\v1.0\;C:\Program Files\Git\cmd;C:\Program Files (x86)\Brackets\command;C:\Program Files\nodejs\;C:\Users\andre\AppData\Local\Microsoft\WindowsApps;C:\Users\andre\AppData\Roaming\npm
USERNAME=andre
OS=Windows_NT
PROCESSOR_IDENTIFIER=Intel64 Family 6 Model 94 Stepping 3, GenuineIntel



---------------  S Y S T E M  ---------------

OS: Windows 10.0 , 64 bit Build 14393 (10.0.14393.0)

CPU:total 8 (4 cores per cpu, 2 threads per core) family 6 model 94 stepping 3, cmov, cx8, fxsr, mmx, sse, sse2, sse3, ssse3, sse4.1, sse4.2, popcnt, avx, avx2, aes, clmul, erms, rtm, 3dnowpref, lzcnt, ht, tsc, tscinvbit, bmi1, bmi2, adx

Memory: 4k page, physical 14770404k(7564736k free), swap 16998628k(7181092k free)

vm_info: Java HotSpot(TM) 64-Bit Server VM (25.121-b13) for windows-amd64 JRE (1.8.0_121-b13), built on Dec 12 2016 18:21:36 by "java_re" with MS VC++ 10.0 (VS2010)

time: Sun Mar 05 12:07:23 2017
elapsed time: 37 seconds (0d 0h 0m 37s)

