#
# A fatal error has been detected by the Java Runtime Environment:
#
#  EXCEPTION_ACCESS_VIOLATION (0xc0000005) at pc=0x00007ffd390c5536, pid=4444, tid=0x0000000000002bf8
#
# JRE version: Java(TM) SE Runtime Environment (8.0_121-b13) (build 1.8.0_121-b13)
# Java VM: Java HotSpot(TM) 64-Bit Server VM (25.121-b13 mixed mode windows-amd64 compressed oops)
# Problematic frame:
# C  [KinectPV2.dll+0x5536]
#
# Failed to write core dump. Minidumps are not enabled by default on client versions of Windows
#
# If you would like to submit a bug report, please visit:
#   http://bugreport.java.com/bugreport/crash.jsp
# The crash happened outside the Java Virtual Machine in native code.
# See problematic frame for where to report the bug.
#

---------------  T H R E A D  ---------------

Current thread (0x000000001e472800):  JavaThread "main-FPSAWTAnimator#00-Timer0" [_thread_in_native, id=11256, stack(0x0000000028190000,0x0000000028290000)]

siginfo: ExceptionCode=0xc0000005, reading address 0xffffffffffffffff

Registers:
RAX=0x0000000000000001, RBX=0x00000000236043a0, RCX=0x0068006700690055, RDX=0x0000000000000000
RSP=0x000000002828e200, RBP=0x0000000000000000, RSI=0x0000000000000006, RDI=0x00000000236045d0
R8 =0x000000002828dee8, R9 =0x0000000000008000, R10=0x0000000000000000, R11=0x000000002828e130
R12=0x0000000000000000, R13=0x0000000029625eb8, R14=0x000000002828e2f0, R15=0x000000001e472800
RIP=0x00007ffd390c5536, EFLAGS=0x0000000000010206

Top of Stack: (sp=0x000000002828e200)
0x000000002828e200:   00000000236043a0 0000000029625eb8
0x000000002828e210:   0000000000000000 000000001dfb9d80
0x000000002828e220:   000000001dfb9d80 00007ffd390c177a
0x000000002828e230:   000000002828e2f0 000000002828e2d0
0x000000002828e240:   000000001e4729f8 000000001e472800
0x000000002828e250:   000000000267835d 0000000002687f74
0x000000002828e260:   0000000029625eb8 000000001e472800
0x000000002828e270:   000000001e472800 000000001e472800
0x000000002828e280:   000000002828e348 0000000002687ca2
0x000000002828e290:   000000002828e290 0000000029625eb8
0x000000002828e2a0:   000000002828e2f0 0000000029627b50
0x000000002828e2b0:   0000000000000000 0000000029625eb8
0x000000002828e2c0:   0000000000000000 000000002828e2f0
0x000000002828e2d0:   000000002828e338 0000000002677b30
0x000000002828e2e0:   0000000000000000 00000000026819c0
0x000000002828e2f0:   00000006e293e0a0 000000002828e2f8 

Instructions: (pc=0x00007ffd390c5536)
0x00007ffd390c5516:   8f 90 00 00 00 48 85 c9 74 0d 48 8b 01 ff 50 10
0x00007ffd390c5526:   48 89 af 90 00 00 00 48 8b 4f 30 48 85 c9 74 0a
0x00007ffd390c5536:   48 8b 01 ff 50 10 48 89 6f 30 48 8b 4f 60 48 85
0x00007ffd390c5546:   c9 74 0a 48 8b 01 ff 50 10 48 89 6f 60 48 8b 8f 


Register to memory mapping:

RAX=0x0000000000000001 is an unknown value
RBX=0x00000000236043a0 is an unknown value
RCX=0x0068006700690055 is an unknown value
RDX=0x0000000000000000 is an unknown value
RSP=0x000000002828e200 is pointing into the stack for thread: 0x000000001e472800
RBP=0x0000000000000000 is an unknown value
RSI=0x0000000000000006 is an unknown value
RDI=0x00000000236045d0 is an unknown value
R8 =0x000000002828dee8 is pointing into the stack for thread: 0x000000001e472800
R9 =0x0000000000008000 is an unknown value
R10=0x0000000000000000 is an unknown value
R11=0x000000002828e130 is pointing into the stack for thread: 0x000000001e472800
R12=0x0000000000000000 is an unknown value
R13={method} {0x0000000029625ec0} 'jniStopSignal' '()Z' in 'KinectPV2/Device'
R14=0x000000002828e2f0 is pointing into the stack for thread: 0x000000001e472800
R15=0x000000001e472800 is a thread


Stack: [0x0000000028190000,0x0000000028290000],  sp=0x000000002828e200,  free space=1016k
Native frames: (J=compiled Java code, j=interpreted, Vv=VM code, C=native code)

Java frames: (J=compiled Java code, j=interpreted, Vv=VM code)
j  KinectPV2.Device.jniStopSignal()Z+0
j  KinectPV2.Device.cleanDevice()Z+1
j  KinectPV2.KinectPV2.dispose()V+10
v  ~StubRoutines::call_stub
j  sun.reflect.NativeMethodAccessorImpl.invoke0(Ljava/lang/reflect/Method;Ljava/lang/Object;[Ljava/lang/Object;)Ljava/lang/Object;+0
j  sun.reflect.NativeMethodAccessorImpl.invoke(Ljava/lang/Object;[Ljava/lang/Object;)Ljava/lang/Object;+100
j  sun.reflect.DelegatingMethodAccessorImpl.invoke(Ljava/lang/Object;[Ljava/lang/Object;)Ljava/lang/Object;+6
j  java.lang.reflect.Method.invoke(Ljava/lang/Object;[Ljava/lang/Object;)Ljava/lang/Object;+56
j  processing.core.PApplet$RegisteredMethods.handle([Ljava/lang/Object;)V+18
J 1166 C1 processing.core.PApplet.handleMethods(Ljava/lang/String;)V (21 bytes) @ 0x0000000002ad5f9c [0x0000000002ad5ce0+0x2bc]
j  processing.core.PApplet.dispose()V+35
J 1461 C1 processing.opengl.PSurfaceJOGL$DrawListener.display(Lcom/jogamp/opengl/GLAutoDrawable;)V (194 bytes) @ 0x0000000002bd3c34 [0x0000000002bd30e0+0xb54]
J 1460 C1 jogamp.opengl.GLDrawableHelper.displayImpl(Lcom/jogamp/opengl/GLAutoDrawable;)V (86 bytes) @ 0x0000000002bd0b9c [0x0000000002bd0240+0x95c]
J 1458 C1 jogamp.opengl.GLAutoDrawableBase$2.run()V (73 bytes) @ 0x0000000002bd22d4 [0x0000000002bd1ee0+0x3f4]
J 1417 C1 jogamp.opengl.GLDrawableHelper.invokeGLImpl(Lcom/jogamp/opengl/GLDrawable;Lcom/jogamp/opengl/GLContext;Ljava/lang/Runnable;Ljava/lang/Runnable;)V (579 bytes) @ 0x0000000002bae4bc [0x0000000002bad660+0xe5c]
J 1416 C1 jogamp.opengl.GLDrawableHelper.invokeGL(Lcom/jogamp/opengl/GLDrawable;Lcom/jogamp/opengl/GLContext;Ljava/lang/Runnable;Ljava/lang/Runnable;)V (76 bytes) @ 0x0000000002bad084 [0x0000000002bacfc0+0xc4]
J 1452 C1 com.jogamp.newt.opengl.GLWindow.display()V (144 bytes) @ 0x0000000002bcc5d4 [0x0000000002bcbce0+0x8f4]
J 1451 C1 com.jogamp.opengl.util.AWTAnimatorImpl.display(Ljava/util/ArrayList;ZZ)V (170 bytes) @ 0x0000000002bc9f3c [0x0000000002bc9860+0x6dc]
J 1409 C1 com.jogamp.opengl.util.FPSAnimator$MainTask.run()V (805 bytes) @ 0x0000000002b9fb14 [0x0000000002b9ed80+0xd94]
j  java.util.TimerThread.mainLoop()V+221
j  java.util.TimerThread.run()V+1
v  ~StubRoutines::call_stub

---------------  P R O C E S S  ---------------

Java Threads: ( => current thread )
  0x000000001e71d800 JavaThread "Thread-6" [_thread_blocked, id=13908, stack(0x00000000371f0000,0x00000000372f0000)]
  0x0000000002572800 JavaThread "DestroyJavaVM" [_thread_blocked, id=13792, stack(0x0000000002470000,0x0000000002570000)]
=>0x000000001e472800 JavaThread "main-FPSAWTAnimator#00-Timer0" [_thread_in_native, id=11256, stack(0x0000000028190000,0x0000000028290000)]
  0x000000001e35d800 JavaThread "Thread-3" [_thread_blocked, id=9424, stack(0x0000000028090000,0x0000000028190000)]
  0x000000001e51a800 JavaThread "main-SharedResourceRunner" daemon [_thread_blocked, id=6376, stack(0x0000000026350000,0x0000000026450000)]
  0x000000001e44f000 JavaThread "main-Display-.windows_nil-1-EDT-1" daemon [_thread_blocked, id=2912, stack(0x0000000023af0000,0x0000000023bf0000)]
  0x000000001d1e8800 JavaThread "AWT-Windows" daemon [_thread_in_native, id=14152, stack(0x000000001e920000,0x000000001ea20000)]
  0x000000001d1e7000 JavaThread "Java2D Disposer" daemon [_thread_blocked, id=14144, stack(0x000000001e720000,0x000000001e820000)]
  0x000000001d12e000 JavaThread "Monitor Ctrl-Break" daemon [_thread_in_native, id=14132, stack(0x000000001dcf0000,0x000000001ddf0000)]
  0x000000001cf14000 JavaThread "Service Thread" daemon [_thread_blocked, id=14104, stack(0x000000001da80000,0x000000001db80000)]
  0x000000001cec9800 JavaThread "C1 CompilerThread3" daemon [_thread_blocked, id=14060, stack(0x000000001d980000,0x000000001da80000)]
  0x000000001cec6000 JavaThread "C2 CompilerThread2" daemon [_thread_blocked, id=14056, stack(0x000000001d880000,0x000000001d980000)]
  0x000000001cec1800 JavaThread "C2 CompilerThread1" daemon [_thread_blocked, id=14052, stack(0x000000001d780000,0x000000001d880000)]
  0x000000001ceb8800 JavaThread "C2 CompilerThread0" daemon [_thread_blocked, id=14048, stack(0x000000001d680000,0x000000001d780000)]
  0x000000001ceb7000 JavaThread "Attach Listener" daemon [_thread_blocked, id=14044, stack(0x000000001d580000,0x000000001d680000)]
  0x000000001ceb6000 JavaThread "Signal Dispatcher" daemon [_thread_blocked, id=14040, stack(0x000000001d480000,0x000000001d580000)]
  0x000000000266e800 JavaThread "Finalizer" daemon [_thread_blocked, id=14036, stack(0x000000001d290000,0x000000001d390000)]
  0x0000000002667800 JavaThread "Reference Handler" daemon [_thread_blocked, id=14032, stack(0x000000001cd90000,0x000000001ce90000)]

Other Threads:
  0x000000001afb9800 VMThread [stack: 0x000000001cc90000,0x000000001cd90000] [id=11700]
  0x000000001cf17000 WatcherThread [stack: 0x000000001db80000,0x000000001dc80000] [id=14108]

VM state:not at safepoint (normal execution)

VM Mutex/Monitor currently owned by a thread: None

Heap:
 PSYoungGen      total 939008K, used 643720K [0x0000000774d80000, 0x00000007b8480000, 0x00000007c0000000)
  eden space 938496K, 68% used [0x0000000774d80000,0x000000079c2120f8,0x00000007ae200000)
  from space 512K, 12% used [0x00000007b8400000,0x00000007b8410000,0x00000007b8480000)
  to   space 36352K, 0% used [0x00000007b3d80000,0x00000007b3d80000,0x00000007b6100000)
 ParOldGen       total 154624K, used 76197K [0x00000006de800000, 0x00000006e7f00000, 0x0000000774d80000)
  object space 154624K, 49% used [0x00000006de800000,0x00000006e32697a0,0x00000006e7f00000)
 Metaspace       used 17044K, capacity 17236K, committed 17536K, reserved 1064960K
  class space    used 1545K, capacity 1616K, committed 1664K, reserved 1048576K

Card table byte_map: [0x0000000011a30000,0x0000000012140000] byte_map_base: 0x000000000e33c000

Marking Bits: (ParMarkBitMap*) 0x000000005707b6d0
 Begin Bits: [0x0000000012e00000, 0x0000000016660000)
 End Bits:   [0x0000000016660000, 0x0000000019ec0000)

Polling page: 0x0000000000c20000

CodeCache: size=245760Kb used=5966Kb max_used=5976Kb free=239793Kb
 bounds [0x0000000002670000, 0x0000000002c50000, 0x0000000011670000]
 total_blobs=2475 nmethods=1590 adapters=798
 compilation: enabled

Compilation events (10 events):
Event: 17.929 Thread 0x000000001cec9800 1587       3       KinectPV2.KSkeleton::color (15 bytes)
Event: 17.930 Thread 0x000000001cec9800 nmethod 1587 0x0000000002c3d4d0 code [0x0000000002c3d620, 0x0000000002c3d790]
Event: 18.482 Thread 0x000000001cec1800 1588       4       resources.KinectLink::drawBone (44 bytes)
Event: 18.487 Thread 0x000000001cec1800 nmethod 1588 0x0000000002c42610 code [0x0000000002c427c0, 0x0000000002c42bd8]
Event: 18.794 Thread 0x000000001cec6000 1589   !   4       jogamp.common.util.locks.RecursiveLockImpl01Unfairish::validateLocked (147 bytes)
Event: 18.797 Thread 0x000000001cec6000 nmethod 1589 0x0000000002c43a10 code [0x0000000002c43b60, 0x0000000002c43e38]
Event: 19.027 Thread 0x000000001cec9800 1590       1       java.util.TaskQueue::getMin (7 bytes)
Event: 19.027 Thread 0x000000001cec9800 nmethod 1590 0x0000000002c436d0 code [0x0000000002c43820, 0x0000000002c43950]
Event: 19.204 Thread 0x000000001ceb8800 1591       4       processing.opengl.PGL::bindTexture (97 bytes)
Event: 19.208 Thread 0x000000001ceb8800 nmethod 1591 0x0000000002c3ce90 code [0x0000000002c3d000, 0x0000000002c3d208]

GC Heap History (10 events):
Event: 10.276 GC heap before
{Heap before GC invocations=12 (full 0):
 PSYoungGen      total 795136K, used 744384K [0x0000000774d80000, 0x00000007bfd80000, 0x00000007c0000000)
  eden space 747520K, 99% used [0x0000000774d80000,0x00000007a2450298,0x00000007a2780000)
  from space 47616K, 0% used [0x00000007a2780000,0x00000007a27a0000,0x00000007a5600000)
  to   space 45568K, 0% used [0x00000007bd100000,0x00000007bd100000,0x00000007bfd80000)
 ParOldGen       total 154624K, used 75225K [0x00000006de800000, 0x00000006e7f00000, 0x0000000774d80000)
  object space 154624K, 48% used [0x00000006de800000,0x00000006e3176770,0x00000006e7f00000)
 Metaspace       used 16920K, capacity 17044K, committed 17280K, reserved 1064960K
  class space    used 1544K, capacity 1616K, committed 1664K, reserved 1048576K
Event: 10.277 GC heap after
Heap after GC invocations=12 (full 0):
 PSYoungGen      total 1181184K, used 64K [0x0000000774d80000, 0x00000007bfb00000, 0x00000007c0000000)
  eden space 1138176K, 0% used [0x0000000774d80000,0x0000000774d80000,0x00000007ba500000)
  from space 43008K, 0% used [0x00000007bd100000,0x00000007bd110000,0x00000007bfb00000)
  to   space 44032K, 0% used [0x00000007ba500000,0x00000007ba500000,0x00000007bd000000)
 ParOldGen       total 154624K, used 75249K [0x00000006de800000, 0x00000006e7f00000, 0x0000000774d80000)
  object space 154624K, 48% used [0x00000006de800000,0x00000006e317c770,0x00000006e7f00000)
 Metaspace       used 16920K, capacity 17044K, committed 17280K, reserved 1064960K
  class space    used 1544K, capacity 1616K, committed 1664K, reserved 1048576K
}
Event: 12.657 GC heap before
{Heap before GC invocations=13 (full 0):
 PSYoungGen      total 1181184K, used 1132755K [0x0000000774d80000, 0x00000007bfb00000, 0x00000007c0000000)
  eden space 1138176K, 99% used [0x0000000774d80000,0x00000007b9fa4e18,0x00000007ba500000)
  from space 43008K, 0% used [0x00000007bd100000,0x00000007bd110000,0x00000007bfb00000)
  to   space 44032K, 0% used [0x00000007ba500000,0x00000007ba500000,0x00000007bd000000)
 ParOldGen       total 154624K, used 75249K [0x00000006de800000, 0x00000006e7f00000, 0x0000000774d80000)
  object space 154624K, 48% used [0x00000006de800000,0x00000006e317c770,0x00000006e7f00000)
 Metaspace       used 16994K, capacity 17172K, committed 17536K, reserved 1064960K
  class space    used 1544K, capacity 1616K, committed 1664K, reserved 1048576K
Event: 12.659 GC heap after
Heap after GC invocations=13 (full 0):
 PSYoungGen      total 1084928K, used 64K [0x0000000774d80000, 0x00000007bd180000, 0x00000007c0000000)
  eden space 1084416K, 0% used [0x0000000774d80000,0x0000000774d80000,0x00000007b7080000)
  from space 512K, 12% used [0x00000007ba500000,0x00000007ba510000,0x00000007ba580000)
  to   space 41984K, 0% used [0x00000007ba880000,0x00000007ba880000,0x00000007bd180000)
 ParOldGen       total 154624K, used 75281K [0x00000006de800000, 0x00000006e7f00000, 0x0000000774d80000)
  object space 154624K, 48% used [0x00000006de800000,0x00000006e3184770,0x00000006e7f00000)
 Metaspace       used 16994K, capacity 17172K, committed 17536K, reserved 1064960K
  class space    used 1544K, capacity 1616K, committed 1664K, reserved 1048576K
}
Event: 14.890 GC heap before
{Heap before GC invocations=14 (full 0):
 PSYoungGen      total 1084928K, used 1082552K [0x0000000774d80000, 0x00000007bd180000, 0x00000007c0000000)
  eden space 1084416K, 99% used [0x0000000774d80000,0x00000007b6e9e300,0x00000007b7080000)
  from space 512K, 12% used [0x00000007ba500000,0x00000007ba510000,0x00000007ba580000)
  to   space 41984K, 0% used [0x00000007ba880000,0x00000007ba880000,0x00000007bd180000)
 ParOldGen       total 154624K, used 75281K [0x00000006de800000, 0x00000006e7f00000, 0x0000000774d80000)
  object space 154624K, 48% used [0x00000006de800000,0x00000006e3184770,0x00000006e7f00000)
 Metaspace       used 17030K, capacity 17236K, committed 17536K, reserved 1064960K
  class space    used 1544K, capacity 1616K, committed 1664K, reserved 1048576K
Event: 14.892 GC heap after
Heap after GC invocations=14 (full 0):
 PSYoungGen      total 1034240K, used 992K [0x0000000774d80000, 0x00000007ba980000, 0x00000007c0000000)
  eden space 1033216K, 0% used [0x0000000774d80000,0x0000000774d80000,0x00000007b3e80000)
  from space 1024K, 96% used [0x00000007ba880000,0x00000007ba978000,0x00000007ba980000)
  to   space 39936K, 0% used [0x00000007b5b80000,0x00000007b5b80000,0x00000007b8280000)
 ParOldGen       total 154624K, used 75297K [0x00000006de800000, 0x00000006e7f00000, 0x0000000774d80000)
  object space 154624K, 48% used [0x00000006de800000,0x00000006e3188770,0x00000006e7f00000)
 Metaspace       used 17030K, capacity 17236K, committed 17536K, reserved 1064960K
  class space    used 1544K, capacity 1616K, committed 1664K, reserved 1048576K
}
Event: 17.034 GC heap before
{Heap before GC invocations=15 (full 0):
 PSYoungGen      total 1034240K, used 1033942K [0x0000000774d80000, 0x00000007ba980000, 0x00000007c0000000)
  eden space 1033216K, 99% used [0x0000000774d80000,0x00000007b3e3db28,0x00000007b3e80000)
  from space 1024K, 96% used [0x00000007ba880000,0x00000007ba978000,0x00000007ba980000)
  to   space 39936K, 0% used [0x00000007b5b80000,0x00000007b5b80000,0x00000007b8280000)
 ParOldGen       total 154624K, used 75297K [0x00000006de800000, 0x00000006e7f00000, 0x0000000774d80000)
  object space 154624K, 48% used [0x00000006de800000,0x00000006e3188770,0x00000006e7f00000)
 Metaspace       used 17039K, capacity 17236K, committed 17536K, reserved 1064960K
  class space    used 1544K, capacity 1616K, committed 1664K, reserved 1048576K
Event: 17.036 GC heap after
Heap after GC invocations=15 (full 0):
 PSYoungGen      total 1024512K, used 32K [0x0000000774d80000, 0x00000007ba900000, 0x00000007c0000000)
  eden space 984576K, 0% used [0x0000000774d80000,0x0000000774d80000,0x00000007b0f00000)
  from space 39936K, 0% used [0x00000007b5b80000,0x00000007b5b88000,0x00000007b8280000)
  to   space 37888K, 0% used [0x00000007b8400000,0x00000007b8400000,0x00000007ba900000)
 ParOldGen       total 154624K, used 76197K [0x00000006de800000, 0x00000006e7f00000, 0x0000000774d80000)
  object space 154624K, 49% used [0x00000006de800000,0x00000006e32697a0,0x00000006e7f00000)
 Metaspace       used 17039K, capacity 17236K, committed 17536K, reserved 1064960K
  class space    used 1544K, capacity 1616K, committed 1664K, reserved 1048576K
}
Event: 19.062 GC heap before
{Heap before GC invocations=16 (full 0):
 PSYoungGen      total 1024512K, used 983490K [0x0000000774d80000, 0x00000007ba900000, 0x00000007c0000000)
  eden space 984576K, 99% used [0x0000000774d80000,0x00000007b0de8818,0x00000007b0f00000)
  from space 39936K, 0% used [0x00000007b5b80000,0x00000007b5b88000,0x00000007b8280000)
  to   space 37888K, 0% used [0x00000007b8400000,0x00000007b8400000,0x00000007ba900000)
 ParOldGen       total 154624K, used 76197K [0x00000006de800000, 0x00000006e7f00000, 0x0000000774d80000)
  object space 154624K, 49% used [0x00000006de800000,0x00000006e32697a0,0x00000006e7f00000)
 Metaspace       used 17039K, capacity 17236K, committed 17536K, reserved 1064960K
  class space    used 1544K, capacity 1616K, committed 1664K, reserved 1048576K
Event: 19.067 GC heap after
Heap after GC invocations=16 (full 0):
 PSYoungGen      total 939008K, used 64K [0x0000000774d80000, 0x00000007b8480000, 0x00000007c0000000)
  eden space 938496K, 0% used [0x0000000774d80000,0x0000000774d80000,0x00000007ae200000)
  from space 512K, 12% used [0x00000007b8400000,0x00000007b8410000,0x00000007b8480000)
  to   space 36352K, 0% used [0x00000007b3d80000,0x00000007b3d80000,0x00000007b6100000)
 ParOldGen       total 154624K, used 76197K [0x00000006de800000, 0x00000006e7f00000, 0x0000000774d80000)
  object space 154624K, 49% used [0x00000006de800000,0x00000006e32697a0,0x00000006e7f00000)
 Metaspace       used 17039K, capacity 17236K, committed 17536K, reserved 1064960K
  class space    used 1544K, capacity 1616K, committed 1664K, reserved 1048576K
}

Deoptimization events (7 events):
Event: 1.590 Thread 0x0000000002572800 Uncommon trap: reason=unstable_if action=reinterpret pc=0x0000000002825a64 method=java.lang.String.indexOf([CII[CIII)I @ 3
Event: 3.147 Thread 0x0000000002572800 Uncommon trap: reason=unstable_if action=reinterpret pc=0x0000000002981e74 method=java.lang.reflect.AccessibleObject.setAccessible0(Ljava/lang/reflect/AccessibleObject;Z)V @ 4
Event: 3.150 Thread 0x0000000002572800 Uncommon trap: reason=unstable_if action=reinterpret pc=0x0000000002984648 method=java.util.HashMap.containsKey(Ljava/lang/Object;)Z @ 9
Event: 3.494 Thread 0x000000001e472800 Uncommon trap: reason=unstable_if action=reinterpret pc=0x0000000002a3716c method=processing.opengl.Texture.convertToRGBA([IIII)V @ 339
Event: 14.694 Thread 0x000000001e472800 Uncommon trap: reason=unstable_if action=reinterpret pc=0x0000000002a950a4 method=processing.opengl.PGraphicsOpenGL$InGeometry.addVertex(FFFIFFFFFIFIIIFIZ)I @ 379
Event: 14.694 Thread 0x000000001e472800 Uncommon trap: reason=unstable_if action=reinterpret pc=0x0000000002b16e34 method=processing.opengl.PGraphicsOpenGL.tessellate(I)V @ 153
Event: 14.712 Thread 0x000000001e472800 Uncommon trap: reason=predicate action=maybe_recompile pc=0x0000000002bfbe14 method=java.util.regex.Pattern$Slice.match(Ljava/util/regex/Matcher;ILjava/lang/CharSequence;)Z @ 21

Internal exceptions (10 events):
Event: 0.056 Thread 0x0000000002572800 Exception <a 'java/lang/NoSuchMethodError': Method sun.misc.Unsafe.defineClass(Ljava/lang/String;[BII)Ljava/lang/Class; name or signature does not match> (0x0000000774d87ca8) thrown at [C:\re\workspace\8-2-build-windows-amd64-cygwin\jdk8u121\8372\hotspot\
Event: 0.056 Thread 0x0000000002572800 Exception <a 'java/lang/NoSuchMethodError': Method sun.misc.Unsafe.prefetchRead(Ljava/lang/Object;J)V name or signature does not match> (0x0000000774d87f90) thrown at [C:\re\workspace\8-2-build-windows-amd64-cygwin\jdk8u121\8372\hotspot\src\share\vm\prims
Event: 0.196 Thread 0x0000000002572800 Exception <a 'java/security/PrivilegedActionException'> (0x0000000775148360) thrown at [C:\re\workspace\8-2-build-windows-amd64-cygwin\jdk8u121\8372\hotspot\src\share\vm\prims\jvm.cpp, line 1390]
Event: 0.196 Thread 0x0000000002572800 Exception <a 'java/security/PrivilegedActionException'> (0x0000000775148570) thrown at [C:\re\workspace\8-2-build-windows-amd64-cygwin\jdk8u121\8372\hotspot\src\share\vm\prims\jvm.cpp, line 1390]
Event: 0.197 Thread 0x0000000002572800 Exception <a 'java/security/PrivilegedActionException'> (0x000000077514c668) thrown at [C:\re\workspace\8-2-build-windows-amd64-cygwin\jdk8u121\8372\hotspot\src\share\vm\prims\jvm.cpp, line 1390]
Event: 0.197 Thread 0x0000000002572800 Exception <a 'java/security/PrivilegedActionException'> (0x000000077514c878) thrown at [C:\re\workspace\8-2-build-windows-amd64-cygwin\jdk8u121\8372\hotspot\src\share\vm\prims\jvm.cpp, line 1390]
Event: 0.202 Thread 0x0000000002572800 Exception <a 'java/io/FileNotFoundException'> (0x000000077514eaf0) thrown at [C:\re\workspace\8-2-build-windows-amd64-cygwin\jdk8u121\8372\hotspot\src\share\vm\prims\jni.cpp, line 709]
Event: 0.250 Thread 0x0000000002572800 Exception <a 'java/lang/NoSuchFieldError': method resolution failed> (0x000000077521bee8) thrown at [C:\re\workspace\8-2-build-windows-amd64-cygwin\jdk8u121\8372\hotspot\src\share\vm\prims\methodHandles.cpp, line 1146]
Event: 0.252 Thread 0x0000000002572800 Exception <a 'java/lang/NoSuchFieldError': method resolution failed> (0x0000000775229420) thrown at [C:\re\workspace\8-2-build-windows-amd64-cygwin\jdk8u121\8372\hotspot\src\share\vm\prims\methodHandles.cpp, line 1146]
Event: 0.326 Thread 0x0000000002572800 Exception <a 'java/io/FileNotFoundException'> (0x00000007752c4bc0) thrown at [C:\re\workspace\8-2-build-windows-amd64-cygwin\jdk8u121\8372\hotspot\src\share\vm\prims\jni.cpp, line 709]

Events (10 events):
Event: 15.155 Thread 0x000000001e472800 DEOPT PACKING pc=0x0000000002c1d9e6 sp=0x000000002828e5c0
Event: 15.155 Thread 0x000000001e472800 DEOPT UNPACKING pc=0x00000000026b787f sp=0x000000002828e2d8 mode 0
Event: 17.034 Executing VM operation: ParallelGCFailedAllocation
Event: 17.036 Executing VM operation: ParallelGCFailedAllocation done
Event: 17.700 Thread 0x000000001e472800 DEOPT PACKING pc=0x0000000002aea80e sp=0x000000002828ea20
Event: 17.700 Thread 0x000000001e472800 DEOPT UNPACKING pc=0x00000000026b787f sp=0x000000002828e740 mode 0
Event: 19.062 Executing VM operation: ParallelGCFailedAllocation
Event: 19.067 Executing VM operation: ParallelGCFailedAllocation done
Event: 20.350 loading class com/jogamp/newt/event/KeyEvent$NonPrintableRange
Event: 20.350 loading class com/jogamp/newt/event/KeyEvent$NonPrintableRange done


Dynamic libraries:
0x00007ff79f3f0000 - 0x00007ff79f427000 	C:\Program Files\Java\jdk1.8.0_121\bin\java.exe
0x00007ffd51fa0000 - 0x00007ffd52171000 	C:\Windows\SYSTEM32\ntdll.dll
0x00007ffd506b0000 - 0x00007ffd5075b000 	C:\Windows\System32\KERNEL32.DLL
0x00007ffd4ef00000 - 0x00007ffd4f11d000 	C:\Windows\System32\KERNELBASE.dll
0x00007ffd4ff40000 - 0x00007ffd4ffe2000 	C:\Windows\System32\ADVAPI32.dll
0x00007ffd50760000 - 0x00007ffd507fe000 	C:\Windows\System32\msvcrt.dll
0x00007ffd4fcf0000 - 0x00007ffd4fd49000 	C:\Windows\System32\sechost.dll
0x00007ffd4f810000 - 0x00007ffd4f931000 	C:\Windows\System32\RPCRT4.dll
0x00007ffd4f9b0000 - 0x00007ffd4fb15000 	C:\Windows\System32\USER32.dll
0x00007ffd4e5e0000 - 0x00007ffd4e5fe000 	C:\Windows\System32\win32u.dll
0x00007ffd509f0000 - 0x00007ffd50a24000 	C:\Windows\System32\GDI32.dll
0x00007ffd4f1d0000 - 0x00007ffd4f352000 	C:\Windows\System32\gdi32full.dll
0x00007ffd3f8e0000 - 0x00007ffd3fb59000 	C:\Windows\WinSxS\amd64_microsoft.windows.common-controls_6595b64144ccf1df_6.0.14393.0_none_2d0f50fcbdb171b8\COMCTL32.dll
0x00007ffd4f530000 - 0x00007ffd4f7f7000 	C:\Windows\System32\combase.dll
0x00007ffd4e600000 - 0x00007ffd4e6f5000 	C:\Windows\System32\ucrtbase.dll
0x00007ffd4e700000 - 0x00007ffd4e76a000 	C:\Windows\System32\bcryptPrimitives.dll
0x00007ffd4fb20000 - 0x00007ffd4fb4e000 	C:\Windows\System32\IMM32.DLL
0x0000000057100000 - 0x00000000571d2000 	C:\Program Files\Java\jdk1.8.0_121\jre\bin\msvcr100.dll
0x0000000056860000 - 0x00000000570fb000 	C:\Program Files\Java\jdk1.8.0_121\jre\bin\server\jvm.dll
0x00007ffd4f800000 - 0x00007ffd4f808000 	C:\Windows\System32\PSAPI.DLL
0x00007ffd4b360000 - 0x00007ffd4b369000 	C:\Windows\SYSTEM32\WSOCK32.dll
0x00007ffd4c090000 - 0x00007ffd4c0b3000 	C:\Windows\SYSTEM32\WINMM.dll
0x00007ffd49510000 - 0x00007ffd4951a000 	C:\Windows\SYSTEM32\VERSION.dll
0x00007ffd50210000 - 0x00007ffd5027a000 	C:\Windows\System32\WS2_32.dll
0x00007ffd4bc90000 - 0x00007ffd4bcbb000 	C:\Windows\SYSTEM32\WINMMBASE.dll
0x00007ffd4eeb0000 - 0x00007ffd4eef2000 	C:\Windows\System32\cfgmgr32.dll
0x0000000056850000 - 0x000000005685f000 	C:\Program Files\Java\jdk1.8.0_121\jre\bin\verify.dll
0x0000000056820000 - 0x0000000056849000 	C:\Program Files\Java\jdk1.8.0_121\jre\bin\java.dll
0x0000000056800000 - 0x0000000056816000 	C:\Program Files\Java\jdk1.8.0_121\jre\bin\zip.dll
0x00007ffd50a90000 - 0x00007ffd51f98000 	C:\Windows\System32\SHELL32.dll
0x00007ffd4e7d0000 - 0x00007ffd4eeaa000 	C:\Windows\System32\windows.storage.dll
0x00007ffd4e4c0000 - 0x00007ffd4e50c000 	C:\Windows\System32\powrprof.dll
0x00007ffd50050000 - 0x00007ffd500a2000 	C:\Windows\System32\shlwapi.dll
0x00007ffd4e510000 - 0x00007ffd4e51f000 	C:\Windows\System32\kernel.appcore.dll
0x00007ffd4f120000 - 0x00007ffd4f1c9000 	C:\Windows\System32\shcore.dll
0x00007ffd4e4a0000 - 0x00007ffd4e4b4000 	C:\Windows\System32\profapi.dll
0x00007ffd4b1b0000 - 0x00007ffd4b1c0000 	C:\Program Files (x86)\JetBrains\IntelliJ IDEA 2016.3.4\bin\breakgen64.dll
0x00000000567e0000 - 0x00000000567fa000 	C:\Program Files\Java\jdk1.8.0_121\jre\bin\net.dll
0x00007ffd4ddd0000 - 0x00007ffd4de2c000 	C:\Windows\system32\mswsock.dll
0x0000000056640000 - 0x00000000567d8000 	C:\Program Files\Java\jdk1.8.0_121\jre\bin\awt.dll
0x00007ffd4fd70000 - 0x00007ffd4fe2c000 	C:\Windows\System32\OLEAUT32.dll
0x00007ffd4c6f0000 - 0x00007ffd4c76a000 	C:\Windows\SYSTEM32\apphelp.dll
0x00007ffd4cb80000 - 0x00007ffd4cc15000 	C:\Windows\system32\uxtheme.dll
0x00007ffd500b0000 - 0x00007ffd5020b000 	C:\Windows\System32\MSCTF.dll
0x00007ffd4b9e0000 - 0x00007ffd4ba06000 	C:\Windows\system32\dwmapi.dll
0x00007ffd50800000 - 0x00007ffd50937000 	C:\Windows\System32\ole32.dll
0x00007ffd18e40000 - 0x00007ffd18f63000 	C:\Windows\system32\opengl32.dll
0x00007ffd37d80000 - 0x00007ffd37dad000 	C:\Windows\SYSTEM32\GLU32.dll
0x00007ffd17d70000 - 0x00007ffd17e67000 	C:\Windows\SYSTEM32\DDRAW.dll
0x00007ffd4c7c0000 - 0x00007ffd4c7c8000 	C:\Windows\SYSTEM32\DCIMAN32.dll
0x00007ffd1ba60000 - 0x00007ffd1bbed000 	C:\Windows\system32\d3d9.dll
0x00007ffd0d540000 - 0x00007ffd0e54f000 	C:\Windows\System32\DriverStore\FileRepository\nvami.inf_amd64_fba2180c780ad9c0\nvd3dumx.dll
0x00007ffd403e0000 - 0x00007ffd405b1000 	C:\Windows\system32\nvspcap64.dll
0x00007ffd50280000 - 0x00007ffd506a9000 	C:\Windows\System32\SETUPAPI.dll
0x00007ffd45690000 - 0x00007ffd4575c000 	C:\Windows\SYSTEM32\WINHTTP.dll
0x00007ffd4b800000 - 0x00007ffd4b813000 	C:\Windows\SYSTEM32\WTSAPI32.dll
0x00007ffd46250000 - 0x00007ffd4666e000 	C:\Windows\system32\nvapi64.dll
0x00007ffd4d430000 - 0x00007ffd4d4cf000 	C:\Windows\SYSTEM32\dxgi.dll
0x00007ffd4d170000 - 0x00007ffd4d198000 	C:\Windows\SYSTEM32\DEVOBJ.dll
0x00007ffd4e770000 - 0x00007ffd4e7c5000 	C:\Windows\System32\WINTRUST.dll
0x00007ffd4e520000 - 0x00007ffd4e530000 	C:\Windows\System32\MSASN1.dll
0x00007ffd4f360000 - 0x00007ffd4f528000 	C:\Windows\System32\CRYPT32.dll
0x00007ffd477c0000 - 0x00007ffd478a7000 	C:\Program Files (x86)\NVIDIA Corporation\3D Vision\nvSCPAPI64.dll
0x00007ffd4df70000 - 0x00007ffd4df87000 	C:\Windows\SYSTEM32\CRYPTSP.dll
0x00007ffd4da60000 - 0x00007ffd4da93000 	C:\Windows\system32\rsaenh.dll
0x00007ffd4e3e0000 - 0x00007ffd4e40b000 	C:\Windows\SYSTEM32\bcrypt.dll
0x00007ffd4dc50000 - 0x00007ffd4dc6f000 	C:\Windows\SYSTEM32\USERENV.dll
0x00007ffd4df90000 - 0x00007ffd4df9b000 	C:\Windows\SYSTEM32\CRYPTBASE.dll
0x00007ffd4db60000 - 0x00007ffd4db98000 	C:\Windows\SYSTEM32\IPHLPAPI.DLL
0x00007ffd50940000 - 0x00007ffd50948000 	C:\Windows\System32\NSI.dll
0x00007ffd49530000 - 0x00007ffd49546000 	C:\Windows\SYSTEM32\dhcpcsvc6.DLL
0x00007ffd499d0000 - 0x00007ffd499ea000 	C:\Windows\SYSTEM32\dhcpcsvc.DLL
0x0000000056620000 - 0x0000000056631000 	C:\Program Files\Java\jdk1.8.0_121\jre\bin\nio.dll
0x00000000637c0000 - 0x00000000637cd000 	C:\Users\andre\AppData\Local\Temp\jogamp_0000\file_cache\jln7014453645700753435\jln5584528003751327374\natives\windows-amd64\gluegen-rt.dll
0x0000000056610000 - 0x0000000056617000 	C:\Program Files\Java\jdk1.8.0_121\jre\bin\jawt.dll
0x000000006a440000 - 0x000000006a44d000 	C:\Users\andre\AppData\Local\Temp\jogamp_0000\file_cache\jln7014453645700753435\jln5584528003751327374\natives\windows-amd64\nativewindow_awt.dll
0x000000006c100000 - 0x000000006c10f000 	C:\Users\andre\AppData\Local\Temp\jogamp_0000\file_cache\jln7014453645700753435\jln5584528003751327374\natives\windows-amd64\nativewindow_win32.dll
0x000000006cbc0000 - 0x000000006cbd3000 	C:\Users\andre\AppData\Local\Temp\jogamp_0000\file_cache\jln7014453645700753435\jln5584528003751327374\natives\windows-amd64\newt.dll
0x00007ffd3a410000 - 0x00007ffd3a4a1000 	C:\Windows\SYSTEM32\mscms.dll
0x00007ffd28d60000 - 0x00007ffd28da2000 	C:\Windows\SYSTEM32\icm32.dll
0x0000000064500000 - 0x00000000645b1000 	C:\Users\andre\AppData\Local\Temp\jogamp_0000\file_cache\jln7014453645700753435\jln5584528003751327374\natives\windows-amd64\jogl_desktop.dll
0x0000000064340000 - 0x00000000643a2000 	C:\Users\andre\AppData\Local\Temp\jogamp_0000\file_cache\jln7014453645700753435\jln5584528003751327374\natives\windows-amd64\jogl_mobile.dll
0x0000000057210000 - 0x00000000593a4000 	C:\Windows\SYSTEM32\nvoglv64.DLL
0x00007ffd4d8b0000 - 0x00007ffd4d8e2000 	C:\Windows\SYSTEM32\ntmarta.dll
0x00007ffd4d610000 - 0x00007ffd4d666000 	C:\Windows\SYSTEM32\WINSTA.dll
0x00000000565c0000 - 0x0000000056607000 	C:\Program Files\Java\jdk1.8.0_121\jre\bin\fontmanager.dll
0x0000000056570000 - 0x00000000565b2000 	C:\Program Files\Java\jdk1.8.0_121\jre\bin\t2k.dll
0x00007ffd16ad0000 - 0x00007ffd16c6c000 	C:\Users\andre\IdeaProjects\ambientes2.0\libs\kinectPV2\Kinect20.Face.dll
0x00007ffd446c0000 - 0x00007ffd44767000 	C:\Windows\SYSTEM32\MSVCP110.dll
0x00007ffd44cd0000 - 0x00007ffd44da4000 	C:\Windows\SYSTEM32\MSVCR110.dll
0x00007ffd390c0000 - 0x00007ffd390d1000 	C:\Users\andre\IdeaProjects\ambientes2.0\libs\kinectPV2\KinectPV2.dll
0x00007ffd19080000 - 0x00007ffd1913a000 	C:\Windows\SYSTEM32\Kinect20.dll
0x00007ffd4aac0000 - 0x00007ffd4ac28000 	C:\Windows\SYSTEM32\MFPlat.DLL
0x00007ffd4a9a0000 - 0x00007ffd4a9ce000 	C:\Windows\SYSTEM32\RTWorkQ.DLL
0x00007ffd4a800000 - 0x00007ffd4a992000 	C:\Windows\SYSTEM32\dbghelp.dll

VM Arguments:
jvm_args: -Djava.library.path=C:\Users\andre\IdeaProjects\ambientes2.0\libs\kinectPV2 -Didea.launcher.port=7532 -Didea.launcher.bin.path=C:\Program Files (x86)\JetBrains\IntelliJ IDEA 2016.3.4\bin -Dfile.encoding=UTF-8 
java_command: com.intellij.rt.execution.application.AppMain root.Main
java_class_path (initial): C:\Program Files\Java\jdk1.8.0_121\jre\lib\charsets.jar;C:\Program Files\Java\jdk1.8.0_121\jre\lib\deploy.jar;C:\Program Files\Java\jdk1.8.0_121\jre\lib\ext\access-bridge-64.jar;C:\Program Files\Java\jdk1.8.0_121\jre\lib\ext\cldrdata.jar;C:\Program Files\Java\jdk1.8.0_121\jre\lib\ext\dnsns.jar;C:\Program Files\Java\jdk1.8.0_121\jre\lib\ext\jaccess.jar;C:\Program Files\Java\jdk1.8.0_121\jre\lib\ext\jfxrt.jar;C:\Program Files\Java\jdk1.8.0_121\jre\lib\ext\localedata.jar;C:\Program Files\Java\jdk1.8.0_121\jre\lib\ext\nashorn.jar;C:\Program Files\Java\jdk1.8.0_121\jre\lib\ext\sunec.jar;C:\Program Files\Java\jdk1.8.0_121\jre\lib\ext\sunjce_provider.jar;C:\Program Files\Java\jdk1.8.0_121\jre\lib\ext\sunmscapi.jar;C:\Program Files\Java\jdk1.8.0_121\jre\lib\ext\sunpkcs11.jar;C:\Program Files\Java\jdk1.8.0_121\jre\lib\ext\zipfs.jar;C:\Program Files\Java\jdk1.8.0_121\jre\lib\javaws.jar;C:\Program Files\Java\jdk1.8.0_121\jre\lib\jce.jar;C:\Program Files\Java\jdk1.8.0_121\jre\lib\jfr.jar;C:\Program Files\Java\jdk1.8.0_121\jre\lib\jfxswt.jar;C:\Program Files\Java\jdk1.8.0_121\jre\lib\jsse.jar;C:\Program Files\Java\jdk1.8.0_121\jre\lib\management-agent.jar;C:\Program Files\Java\jdk1.8.0_121\jre\lib\plugin.jar;C:\Program Files\Java\jdk1.8.0_121\jre\lib\resources.jar;C:\Program Files\Java\jdk1.8.0_121\jre\lib\rt.jar;C:\Users\andre\IdeaProjects\ambientes2.0\out\production\ambientes2.0;C:\Users\andre\IdeaProjects\ambientes2.0\libs\p3.01\core.jar;C:\Users\andre\IdeaProjects\ambientes2.0\libs\p3.01\jogl-all.jar;C:\Users\andre\IdeaProjects\ambientes2.0\libs\p3.01\gluegen-rt.jar;C:\Users\andre\IdeaProjects\ambientes2.0\libs\p3.01\jogl-all-natives-linux-i586.jar;C:\Users\andre\IdeaProjects\ambientes2.0\libs\p3.01\jogl-all-natives-linux-amd64.jar;C:\Users\andre\IdeaProjects\ambientes2.0\libs\p3.01\gluegen-rt-natives-linux-i586.jar;C:\Users\andre\IdeaProjects\ambientes2.0\libs\p3.01\jogl-all-natives-windows-i586.jar;C:\Users\andre\IdeaProjects\ambientes2.0\libs\
Launcher Type: SUN_STANDARD

Environment Variables:
PATH=C:\ProgramData\Oracle\Java\javapath;C:\Program Files (x86)\Intel\iCLS Client\;C:\Program Files\Intel\iCLS Client\;C:\Windows\system32;C:\Windows;C:\Windows\System32\Wbem;C:\Windows\System32\WindowsPowerShell\v1.0\;C:\Program Files (x86)\NVIDIA Corporation\PhysX\Common;C:\Program Files (x86)\Intel\Intel(R) Management Engine Components\DAL;C:\Program Files\Intel\Intel(R) Management Engine Components\DAL;C:\Program Files (x86)\Intel\Intel(R) Management Engine Components\IPT;C:\Program Files\Intel\Intel(R) Management Engine Components\IPT;C:\Program Files\Intel\WiFi\bin\;C:\Program Files\Common Files\Intel\WirelessCommon\;C:\Windows\system32;C:\Windows;C:\Windows\System32\Wbem;C:\Windows\System32\WindowsPowerShell\v1.0\;C:\Program Files\Git\cmd;C:\Program Files (x86)\Brackets\command;C:\Program Files\nodejs\;C:\Users\andre\AppData\Local\Microsoft\WindowsApps;C:\Users\andre\AppData\Roaming\npm
USERNAME=andre
OS=Windows_NT
PROCESSOR_IDENTIFIER=Intel64 Family 6 Model 94 Stepping 3, GenuineIntel



---------------  S Y S T E M  ---------------

OS: Windows 10.0 , 64 bit Build 14393 (10.0.14393.0)

CPU:total 8 (4 cores per cpu, 2 threads per core) family 6 model 94 stepping 3, cmov, cx8, fxsr, mmx, sse, sse2, sse3, ssse3, sse4.1, sse4.2, popcnt, avx, avx2, aes, clmul, erms, rtm, 3dnowpref, lzcnt, ht, tsc, tscinvbit, bmi1, bmi2, adx

Memory: 4k page, physical 14770404k(6596952k free), swap 16998628k(6619724k free)

vm_info: Java HotSpot(TM) 64-Bit Server VM (25.121-b13) for windows-amd64 JRE (1.8.0_121-b13), built on Dec 12 2016 18:21:36 by "java_re" with MS VC++ 10.0 (VS2010)

time: Sun Mar 05 12:17:01 2017
elapsed time: 20 seconds (0d 0h 0m 20s)

