#
# A fatal error has been detected by the Java Runtime Environment:
#
#  EXCEPTION_ACCESS_VIOLATION (0xc0000005) at pc=0x00007ffd42ae5520, pid=13932, tid=0x0000000000002850
#
# JRE version: Java(TM) SE Runtime Environment (8.0_121-b13) (build 1.8.0_121-b13)
# Java VM: Java HotSpot(TM) 64-Bit Server VM (25.121-b13 mixed mode windows-amd64 compressed oops)
# Problematic frame:
# C  [KinectPV2.dll+0x5520]
#
# Failed to write core dump. Minidumps are not enabled by default on client versions of Windows
#
# If you would like to submit a bug report, please visit:
#   http://bugreport.java.com/bugreport/crash.jsp
# The crash happened outside the Java Virtual Machine in native code.
# See problematic frame for where to report the bug.
#

---------------  T H R E A D  ---------------

Current thread (0x000000001ed3d800):  JavaThread "main-FPSAWTAnimator#00-Timer0" [_thread_in_native, id=10320, stack(0x00000000286f0000,0x00000000287f0000)]

siginfo: ExceptionCode=0xc0000005, reading address 0x000001e4ffffd3a0

Registers:
RAX=0x0000000000000001, RBX=0x000000002392b750, RCX=0x000001e4ffffd3a0, RDX=0x0000000000000000
RSP=0x00000000287ee570, RBP=0x0000000000000000, RSI=0x0000000000000006, RDI=0x000000002392b980
R8 =0x00000000287ee258, R9 =0x0000000000008000, R10=0x0000000000000000, R11=0x00000000287ee4a0
R12=0x0000000000000000, R13=0x0000000029b850b8, R14=0x00000000287ee660, R15=0x000000001ed3d800
RIP=0x00007ffd42ae5520, EFLAGS=0x0000000000010206

Top of Stack: (sp=0x00000000287ee570)
0x00000000287ee570:   000000002392b750 0000000029b850b8
0x00000000287ee580:   0000000000000000 000000001e68b5c0
0x00000000287ee590:   000000001e68b5c0 00007ffd42ae177a
0x00000000287ee5a0:   00000000287ee660 00000000287ee640
0x00000000287ee5b0:   000000001ed3d9f8 000000001ed3d800
0x00000000287ee5c0:   0000000002ba835d 0000000002bb7f74
0x00000000287ee5d0:   0000000029b850b8 000000001ed3d800
0x00000000287ee5e0:   000000001ed3d800 000000001ed3d800
0x00000000287ee5f0:   00000000287ee6b8 0000000002bb7ca2
0x00000000287ee600:   00000000287ee600 0000000029b850b8
0x00000000287ee610:   00000000287ee660 0000000029b86d50
0x00000000287ee620:   0000000000000000 0000000029b850b8
0x00000000287ee630:   0000000000000000 00000000287ee660
0x00000000287ee640:   00000000287ee6a8 0000000002ba7b30
0x00000000287ee650:   0000000000000000 0000000002bb19c0
0x00000000287ee660:   00000006e28957d8 00000000287ee668 

Instructions: (pc=0x00007ffd42ae5520)
0x00007ffd42ae5500:   89 6f d0 48 8b 0f 48 85 c9 74 09 48 8b 01 ff 50
0x00007ffd42ae5510:   10 48 89 2f 48 8b 8f 90 00 00 00 48 85 c9 74 0d
0x00007ffd42ae5520:   48 8b 01 ff 50 10 48 89 af 90 00 00 00 48 8b 4f
0x00007ffd42ae5530:   30 48 85 c9 74 0a 48 8b 01 ff 50 10 48 89 6f 30 


Register to memory mapping:

RAX=0x0000000000000001 is an unknown value
RBX=0x000000002392b750 is an unknown value
RCX=0x000001e4ffffd3a0 is an unknown value
RDX=0x0000000000000000 is an unknown value
RSP=0x00000000287ee570 is pointing into the stack for thread: 0x000000001ed3d800
RBP=0x0000000000000000 is an unknown value
RSI=0x0000000000000006 is an unknown value
RDI=0x000000002392b980 is an unknown value
R8 =0x00000000287ee258 is pointing into the stack for thread: 0x000000001ed3d800
R9 =0x0000000000008000 is an unknown value
R10=0x0000000000000000 is an unknown value
R11=0x00000000287ee4a0 is pointing into the stack for thread: 0x000000001ed3d800
R12=0x0000000000000000 is an unknown value
R13={method} {0x0000000029b850c0} 'jniStopSignal' '()Z' in 'KinectPV2/Device'
R14=0x00000000287ee660 is pointing into the stack for thread: 0x000000001ed3d800
R15=0x000000001ed3d800 is a thread


Stack: [0x00000000286f0000,0x00000000287f0000],  sp=0x00000000287ee570,  free space=1017k
Native frames: (J=compiled Java code, j=interpreted, Vv=VM code, C=native code)

Java frames: (J=compiled Java code, j=interpreted, Vv=VM code)
j  KinectPV2.Device.jniStopSignal()Z+0
j  KinectPV2.Device.cleanDevice()Z+1
j  KinectPV2.KinectPV2.dispose()V+10
v  ~StubRoutines::call_stub
j  sun.reflect.NativeMethodAccessorImpl.invoke0(Ljava/lang/reflect/Method;Ljava/lang/Object;[Ljava/lang/Object;)Ljava/lang/Object;+0
j  sun.reflect.NativeMethodAccessorImpl.invoke(Ljava/lang/Object;[Ljava/lang/Object;)Ljava/lang/Object;+100
j  sun.reflect.DelegatingMethodAccessorImpl.invoke(Ljava/lang/Object;[Ljava/lang/Object;)Ljava/lang/Object;+6
j  java.lang.reflect.Method.invoke(Ljava/lang/Object;[Ljava/lang/Object;)Ljava/lang/Object;+56
j  processing.core.PApplet$RegisteredMethods.handle([Ljava/lang/Object;)V+18
J 1185 C1 processing.core.PApplet.handleMethods(Ljava/lang/String;)V (21 bytes) @ 0x000000000301b05c [0x000000000301ada0+0x2bc]
j  processing.core.PApplet.dispose()V+35
J 1487 C1 processing.opengl.PSurfaceJOGL$DrawListener.display(Lcom/jogamp/opengl/GLAutoDrawable;)V (194 bytes) @ 0x000000000311ee94 [0x000000000311e360+0xb34]
J 1446 C1 jogamp.opengl.GLDrawableHelper.displayImpl(Lcom/jogamp/opengl/GLAutoDrawable;)V (86 bytes) @ 0x00000000030f4f5c [0x00000000030f4600+0x95c]
J 1444 C1 jogamp.opengl.GLAutoDrawableBase$2.run()V (73 bytes) @ 0x00000000030fb594 [0x00000000030fb1a0+0x3f4]
J 1442 C1 jogamp.opengl.GLDrawableHelper.invokeGLImpl(Lcom/jogamp/opengl/GLDrawable;Lcom/jogamp/opengl/GLContext;Ljava/lang/Runnable;Ljava/lang/Runnable;)V (579 bytes) @ 0x00000000030f733c [0x00000000030f64e0+0xe5c]
J 1479 C1 jogamp.opengl.GLDrawableHelper.invokeGL(Lcom/jogamp/opengl/GLDrawable;Lcom/jogamp/opengl/GLContext;Ljava/lang/Runnable;Ljava/lang/Runnable;)V (76 bytes) @ 0x000000000311d1c4 [0x000000000311d100+0xc4]
J 1439 C1 com.jogamp.newt.opengl.GLWindow.display()V (144 bytes) @ 0x00000000030edcd4 [0x00000000030ed3e0+0x8f4]
J 1438 C1 com.jogamp.opengl.util.AWTAnimatorImpl.display(Ljava/util/ArrayList;ZZ)V (170 bytes) @ 0x00000000030e573c [0x00000000030e5040+0x6fc]
J 1436 C1 com.jogamp.opengl.util.FPSAnimator$MainTask.run()V (805 bytes) @ 0x00000000030e8f54 [0x00000000030e81c0+0xd94]
j  java.util.TimerThread.mainLoop()V+221
j  java.util.TimerThread.run()V+1
v  ~StubRoutines::call_stub

---------------  P R O C E S S  ---------------

Java Threads: ( => current thread )
  0x000000001e9fb800 JavaThread "Thread-6" [_thread_blocked, id=1232, stack(0x0000000037750000,0x0000000037850000)]
  0x0000000002aa2800 JavaThread "DestroyJavaVM" [_thread_blocked, id=14028, stack(0x00000000029a0000,0x0000000002aa0000)]
=>0x000000001ed3d800 JavaThread "main-FPSAWTAnimator#00-Timer0" [_thread_in_native, id=10320, stack(0x00000000286f0000,0x00000000287f0000)]
  0x000000001e9d7000 JavaThread "Thread-3" [_thread_blocked, id=9484, stack(0x00000000285f0000,0x00000000286f0000)]
  0x000000001ed0e000 JavaThread "main-SharedResourceRunner" daemon [_thread_blocked, id=14288, stack(0x0000000024210000,0x0000000024310000)]
  0x000000001e956800 JavaThread "main-Display-.windows_nil-1-EDT-1" daemon [_thread_blocked, id=14284, stack(0x0000000024110000,0x0000000024210000)]
  0x000000001e689800 JavaThread "AWT-Windows" daemon [_thread_in_native, id=14204, stack(0x000000001ef40000,0x000000001f040000)]
  0x000000001e680000 JavaThread "Java2D Disposer" daemon [_thread_blocked, id=14196, stack(0x000000001ed40000,0x000000001ee40000)]
  0x000000001d65d800 JavaThread "Monitor Ctrl-Break" daemon [_thread_in_native, id=14192, stack(0x000000001e310000,0x000000001e410000)]
  0x000000001d4ce800 JavaThread "Service Thread" daemon [_thread_blocked, id=14180, stack(0x000000001dff0000,0x000000001e0f0000)]
  0x000000001d441000 JavaThread "C1 CompilerThread3" daemon [_thread_blocked, id=14176, stack(0x000000001def0000,0x000000001dff0000)]
  0x000000001d435800 JavaThread "C2 CompilerThread2" daemon [_thread_blocked, id=14172, stack(0x000000001ddf0000,0x000000001def0000)]
  0x000000001d42e000 JavaThread "C2 CompilerThread1" daemon [_thread_blocked, id=14168, stack(0x000000001dcf0000,0x000000001ddf0000)]
  0x000000001d429800 JavaThread "C2 CompilerThread0" daemon [_thread_blocked, id=14164, stack(0x000000001dbf0000,0x000000001dcf0000)]
  0x000000001d428000 JavaThread "Attach Listener" daemon [_thread_blocked, id=14160, stack(0x000000001daf0000,0x000000001dbf0000)]
  0x000000001b54d800 JavaThread "Signal Dispatcher" daemon [_thread_blocked, id=14156, stack(0x000000001d9f0000,0x000000001daf0000)]
  0x000000001d420800 JavaThread "Finalizer" daemon [_thread_blocked, id=14116, stack(0x000000001d800000,0x000000001d900000)]
  0x0000000002b98800 JavaThread "Reference Handler" daemon [_thread_blocked, id=14112, stack(0x000000001d300000,0x000000001d400000)]

Other Threads:
  0x000000001b539800 VMThread [stack: 0x000000001d200000,0x000000001d300000] [id=14100]
  0x000000001d4ec000 WatcherThread [stack: 0x000000001e0f0000,0x000000001e1f0000] [id=14184]

VM state:not at safepoint (normal execution)

VM Mutex/Monitor currently owned by a thread: None

Heap:
 PSYoungGen      total 930816K, used 507298K [0x0000000774d80000, 0x00000007b8600000, 0x00000007c0000000)
  eden space 895488K, 56% used [0x0000000774d80000,0x0000000793be8b08,0x00000007ab800000)
  from space 35328K, 2% used [0x00000007b4100000,0x00000007b4200000,0x00000007b6380000)
  to   space 33280K, 0% used [0x00000007b6580000,0x00000007b6580000,0x00000007b8600000)
 ParOldGen       total 154624K, used 75334K [0x00000006de800000, 0x00000006e7f00000, 0x0000000774d80000)
  object space 154624K, 48% used [0x00000006de800000,0x00000006e3191b78,0x00000006e7f00000)
 Metaspace       used 17061K, capacity 17240K, committed 17536K, reserved 1064960K
  class space    used 1546K, capacity 1616K, committed 1664K, reserved 1048576K

Card table byte_map: [0x0000000011f60000,0x0000000012670000] byte_map_base: 0x000000000e86c000

Marking Bits: (ParMarkBitMap*) 0x000000005707b6d0
 Begin Bits: [0x0000000013330000, 0x0000000016b90000)
 End Bits:   [0x0000000016b90000, 0x000000001a3f0000)

Polling page: 0x00000000011d0000

CodeCache: size=245760Kb used=6047Kb max_used=6056Kb free=239712Kb
 bounds [0x0000000002ba0000, 0x00000000031a0000, 0x0000000011ba0000]
 total_blobs=2501 nmethods=1616 adapters=798
 compilation: enabled

Compilation events (10 events):
Event: 21.619 Thread 0x000000001d441000 1612       3       resources.KinectLink::drawHandState (45 bytes)
Event: 21.620 Thread 0x000000001d441000 nmethod 1612 0x000000000317de50 code [0x000000000317e060, 0x000000000317e9a8]
Event: 21.620 Thread 0x000000001d441000 1613       3       resources.KinectLink::handState (88 bytes)
Event: 21.621 Thread 0x000000001d441000 nmethod 1613 0x0000000003189fd0 code [0x000000000318a360, 0x000000000318c478]
Event: 21.637 Thread 0x000000001d441000 1614       3       java.util.ArrayList::grow (45 bytes)
Event: 21.638 Thread 0x000000001d441000 nmethod 1614 0x0000000003189750 code [0x00000000031898e0, 0x0000000003189dd8]
Event: 21.861 Thread 0x000000001d435800 1615       4       processing.opengl.PGraphicsOpenGL$TessGeometry::clear (112 bytes)
Event: 21.863 Thread 0x000000001d435800 nmethod 1615 0x000000000317db50 code [0x000000000317dc80, 0x000000000317dd78]
Event: 21.879 Thread 0x000000001d42e000 1616       4       processing.opengl.PJOGL::enable (16 bytes)
Event: 21.881 Thread 0x000000001d42e000 nmethod 1616 0x0000000003184210 code [0x0000000003184360, 0x0000000003184488]

GC Heap History (10 events):
Event: 12.567 GC heap before
{Heap before GC invocations=13 (full 0):
 PSYoungGen      total 1181696K, used 1137824K [0x0000000774d80000, 0x00000007bfb00000, 0x00000007c0000000)
  eden space 1139200K, 99% used [0x0000000774d80000,0x00000007ba490070,0x00000007ba600000)
  from space 42496K, 0% used [0x00000007bd180000,0x00000007bd198000,0x00000007bfb00000)
  to   space 43520K, 0% used [0x00000007ba600000,0x00000007ba600000,0x00000007bd080000)
 ParOldGen       total 154624K, used 75190K [0x00000006de800000, 0x00000006e7f00000, 0x0000000774d80000)
  object space 154624K, 48% used [0x00000006de800000,0x00000006e316db78,0x00000006e7f00000)
 Metaspace       used 17026K, capacity 17240K, committed 17536K, reserved 1064960K
  class space    used 1545K, capacity 1616K, committed 1664K, reserved 1048576K
Event: 12.568 GC heap after
Heap after GC invocations=13 (full 0):
 PSYoungGen      total 1085952K, used 96K [0x0000000774d80000, 0x00000007bd200000, 0x00000007c0000000)
  eden space 1085440K, 0% used [0x0000000774d80000,0x0000000774d80000,0x00000007b7180000)
  from space 512K, 18% used [0x00000007ba600000,0x00000007ba618000,0x00000007ba680000)
  to   space 41472K, 0% used [0x00000007ba980000,0x00000007ba980000,0x00000007bd200000)
 ParOldGen       total 154624K, used 75214K [0x00000006de800000, 0x00000006e7f00000, 0x0000000774d80000)
  object space 154624K, 48% used [0x00000006de800000,0x00000006e3173b78,0x00000006e7f00000)
 Metaspace       used 17026K, capacity 17240K, committed 17536K, reserved 1064960K
  class space    used 1545K, capacity 1616K, committed 1664K, reserved 1048576K
}
Event: 14.770 GC heap before
{Heap before GC invocations=14 (full 0):
 PSYoungGen      total 1085952K, used 1082511K [0x0000000774d80000, 0x00000007bd200000, 0x00000007c0000000)
  eden space 1085440K, 99% used [0x0000000774d80000,0x00000007b6e8bc10,0x00000007b7180000)
  from space 512K, 18% used [0x00000007ba600000,0x00000007ba618000,0x00000007ba680000)
  to   space 41472K, 0% used [0x00000007ba980000,0x00000007ba980000,0x00000007bd200000)
 ParOldGen       total 154624K, used 75214K [0x00000006de800000, 0x00000006e7f00000, 0x0000000774d80000)
  object space 154624K, 48% used [0x00000006de800000,0x00000006e3173b78,0x00000006e7f00000)
 Metaspace       used 17026K, capacity 17240K, committed 17536K, reserved 1064960K
  class space    used 1545K, capacity 1616K, committed 1664K, reserved 1048576K
Event: 14.771 GC heap after
Heap after GC invocations=14 (full 0):
 PSYoungGen      total 1034752K, used 128K [0x0000000774d80000, 0x00000007baa00000, 0x00000007c0000000)
  eden space 1034240K, 0% used [0x0000000774d80000,0x0000000774d80000,0x00000007b3f80000)
  from space 512K, 25% used [0x00000007ba980000,0x00000007ba9a0000,0x00000007baa00000)
  to   space 39424K, 0% used [0x00000007b5d00000,0x00000007b5d00000,0x00000007b8380000)
 ParOldGen       total 154624K, used 75230K [0x00000006de800000, 0x00000006e7f00000, 0x0000000774d80000)
  object space 154624K, 48% used [0x00000006de800000,0x00000006e3177b78,0x00000006e7f00000)
 Metaspace       used 17026K, capacity 17240K, committed 17536K, reserved 1064960K
  class space    used 1545K, capacity 1616K, committed 1664K, reserved 1048576K
}
Event: 16.898 GC heap before
{Heap before GC invocations=15 (full 0):
 PSYoungGen      total 1034752K, used 1033041K [0x0000000774d80000, 0x00000007baa00000, 0x00000007c0000000)
  eden space 1034240K, 99% used [0x0000000774d80000,0x00000007b3e34558,0x00000007b3f80000)
  from space 512K, 25% used [0x00000007ba980000,0x00000007ba9a0000,0x00000007baa00000)
  to   space 39424K, 0% used [0x00000007b5d00000,0x00000007b5d00000,0x00000007b8380000)
 ParOldGen       total 154624K, used 75230K [0x00000006de800000, 0x00000006e7f00000, 0x0000000774d80000)
  object space 154624K, 48% used [0x00000006de800000,0x00000006e3177b78,0x00000006e7f00000)
 Metaspace       used 17026K, capacity 17240K, committed 17536K, reserved 1064960K
  class space    used 1545K, capacity 1616K, committed 1664K, reserved 1048576K
Event: 16.899 GC heap after
Heap after GC invocations=15 (full 0):
 PSYoungGen      total 1025024K, used 32K [0x0000000774d80000, 0x00000007baa00000, 0x00000007c0000000)
  eden space 985600K, 0% used [0x0000000774d80000,0x0000000774d80000,0x00000007b1000000)
  from space 39424K, 0% used [0x00000007b5d00000,0x00000007b5d08000,0x00000007b8380000)
  to   space 37376K, 0% used [0x00000007b8580000,0x00000007b8580000,0x00000007baa00000)
 ParOldGen       total 154624K, used 75278K [0x00000006de800000, 0x00000006e7f00000, 0x0000000774d80000)
  object space 154624K, 48% used [0x00000006de800000,0x00000006e3183b78,0x00000006e7f00000)
 Metaspace       used 17026K, capacity 17240K, committed 17536K, reserved 1064960K
  class space    used 1545K, capacity 1616K, committed 1664K, reserved 1048576K
}
Event: 18.926 GC heap before
{Heap before GC invocations=16 (full 0):
 PSYoungGen      total 1025024K, used 983454K [0x0000000774d80000, 0x00000007baa00000, 0x00000007c0000000)
  eden space 985600K, 99% used [0x0000000774d80000,0x00000007b0ddf860,0x00000007b1000000)
  from space 39424K, 0% used [0x00000007b5d00000,0x00000007b5d08000,0x00000007b8380000)
  to   space 37376K, 0% used [0x00000007b8580000,0x00000007b8580000,0x00000007baa00000)
 ParOldGen       total 154624K, used 75278K [0x00000006de800000, 0x00000006e7f00000, 0x0000000774d80000)
  object space 154624K, 48% used [0x00000006de800000,0x00000006e3183b78,0x00000006e7f00000)
 Metaspace       used 17026K, capacity 17240K, committed 17536K, reserved 1064960K
  class space    used 1545K, capacity 1616K, committed 1664K, reserved 1048576K
Event: 18.930 GC heap after
Heap after GC invocations=16 (full 0):
 PSYoungGen      total 940032K, used 192K [0x0000000774d80000, 0x00000007b8600000, 0x00000007c0000000)
  eden space 939520K, 0% used [0x0000000774d80000,0x0000000774d80000,0x00000007ae300000)
  from space 512K, 37% used [0x00000007b8580000,0x00000007b85b0000,0x00000007b8600000)
  to   space 35328K, 0% used [0x00000007b4100000,0x00000007b4100000,0x00000007b6380000)
 ParOldGen       total 154624K, used 75278K [0x00000006de800000, 0x00000006e7f00000, 0x0000000774d80000)
  object space 154624K, 48% used [0x00000006de800000,0x00000006e3183b78,0x00000006e7f00000)
 Metaspace       used 17026K, capacity 17240K, committed 17536K, reserved 1064960K
  class space    used 1545K, capacity 1616K, committed 1664K, reserved 1048576K
}
Event: 20.896 GC heap before
{Heap before GC invocations=17 (full 0):
 PSYoungGen      total 940032K, used 936603K [0x0000000774d80000, 0x00000007b8600000, 0x00000007c0000000)
  eden space 939520K, 99% used [0x0000000774d80000,0x00000007adff6d50,0x00000007ae300000)
  from space 512K, 37% used [0x00000007b8580000,0x00000007b85b0000,0x00000007b8600000)
  to   space 35328K, 0% used [0x00000007b4100000,0x00000007b4100000,0x00000007b6380000)
 ParOldGen       total 154624K, used 75278K [0x00000006de800000, 0x00000006e7f00000, 0x0000000774d80000)
  object space 154624K, 48% used [0x00000006de800000,0x00000006e3183b78,0x00000006e7f00000)
 Metaspace       used 17054K, capacity 17240K, committed 17536K, reserved 1064960K
  class space    used 1545K, capacity 1616K, committed 1664K, reserved 1048576K
Event: 20.897 GC heap after
Heap after GC invocations=17 (full 0):
 PSYoungGen      total 930816K, used 1024K [0x0000000774d80000, 0x00000007b8600000, 0x00000007c0000000)
  eden space 895488K, 0% used [0x0000000774d80000,0x0000000774d80000,0x00000007ab800000)
  from space 35328K, 2% used [0x00000007b4100000,0x00000007b4200000,0x00000007b6380000)
  to   space 33280K, 0% used [0x00000007b6580000,0x00000007b6580000,0x00000007b8600000)
 ParOldGen       total 154624K, used 75334K [0x00000006de800000, 0x00000006e7f00000, 0x0000000774d80000)
  object space 154624K, 48% used [0x00000006de800000,0x00000006e3191b78,0x00000006e7f00000)
 Metaspace       used 17054K, capacity 17240K, committed 17536K, reserved 1064960K
  class space    used 1545K, capacity 1616K, committed 1664K, reserved 1048576K
}

Deoptimization events (10 events):
Event: 3.122 Thread 0x0000000002aa2800 Uncommon trap: reason=unstable_if action=reinterpret pc=0x0000000002ec8d74 method=java.lang.reflect.AccessibleObject.setAccessible0(Ljava/lang/reflect/AccessibleObject;Z)V @ 4
Event: 3.126 Thread 0x0000000002aa2800 Uncommon trap: reason=unstable_if action=reinterpret pc=0x0000000002ecb548 method=java.util.HashMap.containsKey(Ljava/lang/Object;)Z @ 9
Event: 3.459 Thread 0x000000001ed3d800 Uncommon trap: reason=unstable_if action=reinterpret pc=0x0000000002f7a3ac method=processing.opengl.Texture.convertToRGBA([IIII)V @ 339
Event: 19.440 Thread 0x000000001ed3d800 Uncommon trap: reason=unstable_if action=reinterpret pc=0x0000000002fe53e4 method=processing.opengl.PGraphicsOpenGL$InGeometry.addVertex(FFFIFFFFFIFIIIFIZ)I @ 379
Event: 19.440 Thread 0x000000001ed3d800 Uncommon trap: reason=unstable_if action=reinterpret pc=0x0000000003063fb4 method=processing.opengl.PGraphicsOpenGL.tessellate(I)V @ 153
Event: 19.448 Thread 0x000000001ed3d800 Uncommon trap: reason=class_check action=maybe_recompile pc=0x0000000002f7ef24 method=java.util.regex.Pattern.compile()V @ 246
Event: 19.448 Thread 0x000000001ed3d800 Uncommon trap: reason=class_check action=maybe_recompile pc=0x0000000002f7ef24 method=java.util.regex.Pattern.compile()V @ 246
Event: 19.448 Thread 0x000000001ed3d800 Uncommon trap: reason=class_check action=maybe_recompile pc=0x0000000002f7ef24 method=java.util.regex.Pattern.compile()V @ 246
Event: 19.448 Thread 0x000000001ed3d800 Uncommon trap: reason=class_check action=maybe_recompile pc=0x0000000002f7ef24 method=java.util.regex.Pattern.compile()V @ 246
Event: 19.456 Thread 0x000000001ed3d800 Uncommon trap: reason=predicate action=maybe_recompile pc=0x0000000003155514 method=java.util.regex.Pattern$Slice.match(Ljava/util/regex/Matcher;ILjava/lang/CharSequence;)Z @ 21

Internal exceptions (10 events):
Event: 0.037 Thread 0x0000000002aa2800 Exception <a 'java/lang/NoSuchMethodError': Method sun.misc.Unsafe.defineClass(Ljava/lang/String;[BII)Ljava/lang/Class; name or signature does not match> (0x0000000774d87ca8) thrown at [C:\re\workspace\8-2-build-windows-amd64-cygwin\jdk8u121\8372\hotspot\
Event: 0.037 Thread 0x0000000002aa2800 Exception <a 'java/lang/NoSuchMethodError': Method sun.misc.Unsafe.prefetchRead(Ljava/lang/Object;J)V name or signature does not match> (0x0000000774d87f90) thrown at [C:\re\workspace\8-2-build-windows-amd64-cygwin\jdk8u121\8372\hotspot\src\share\vm\prims
Event: 0.178 Thread 0x0000000002aa2800 Exception <a 'java/security/PrivilegedActionException'> (0x0000000775148360) thrown at [C:\re\workspace\8-2-build-windows-amd64-cygwin\jdk8u121\8372\hotspot\src\share\vm\prims\jvm.cpp, line 1390]
Event: 0.178 Thread 0x0000000002aa2800 Exception <a 'java/security/PrivilegedActionException'> (0x0000000775148570) thrown at [C:\re\workspace\8-2-build-windows-amd64-cygwin\jdk8u121\8372\hotspot\src\share\vm\prims\jvm.cpp, line 1390]
Event: 0.179 Thread 0x0000000002aa2800 Exception <a 'java/security/PrivilegedActionException'> (0x000000077514c668) thrown at [C:\re\workspace\8-2-build-windows-amd64-cygwin\jdk8u121\8372\hotspot\src\share\vm\prims\jvm.cpp, line 1390]
Event: 0.179 Thread 0x0000000002aa2800 Exception <a 'java/security/PrivilegedActionException'> (0x000000077514c878) thrown at [C:\re\workspace\8-2-build-windows-amd64-cygwin\jdk8u121\8372\hotspot\src\share\vm\prims\jvm.cpp, line 1390]
Event: 0.185 Thread 0x0000000002aa2800 Exception <a 'java/io/FileNotFoundException'> (0x000000077514eaf0) thrown at [C:\re\workspace\8-2-build-windows-amd64-cygwin\jdk8u121\8372\hotspot\src\share\vm\prims\jni.cpp, line 709]
Event: 0.226 Thread 0x0000000002aa2800 Exception <a 'java/lang/NoSuchFieldError': method resolution failed> (0x000000077521bee8) thrown at [C:\re\workspace\8-2-build-windows-amd64-cygwin\jdk8u121\8372\hotspot\src\share\vm\prims\methodHandles.cpp, line 1146]
Event: 0.228 Thread 0x0000000002aa2800 Exception <a 'java/lang/NoSuchFieldError': method resolution failed> (0x0000000775229420) thrown at [C:\re\workspace\8-2-build-windows-amd64-cygwin\jdk8u121\8372\hotspot\src\share\vm\prims\methodHandles.cpp, line 1146]
Event: 0.294 Thread 0x0000000002aa2800 Exception <a 'java/io/FileNotFoundException'> (0x00000007752c4bc0) thrown at [C:\re\workspace\8-2-build-windows-amd64-cygwin\jdk8u121\8372\hotspot\src\share\vm\prims\jni.cpp, line 709]

Events (10 events):
Event: 19.448 Thread 0x000000001ed3d800 DEOPT UNPACKING pc=0x0000000002be582a sp=0x00000000287ee8f8 mode 2
Event: 19.456 Thread 0x000000001ed3d800 Uncommon trap: trap_request=0xffffff86 fr.pc=0x0000000003155514
Event: 19.456 Thread 0x000000001ed3d800 DEOPT PACKING pc=0x0000000003155514 sp=0x00000000287ee920
Event: 19.456 Thread 0x000000001ed3d800 DEOPT UNPACKING pc=0x0000000002be582a sp=0x00000000287ee8c8 mode 2
Event: 19.912 Thread 0x000000001ed3d800 DEOPT PACKING pc=0x000000000316fa99 sp=0x00000000287ee930
Event: 19.912 Thread 0x000000001ed3d800 DEOPT UNPACKING pc=0x0000000002be787f sp=0x00000000287ee648 mode 0
Event: 20.896 Executing VM operation: ParallelGCFailedAllocation
Event: 20.897 Executing VM operation: ParallelGCFailedAllocation done
Event: 21.929 loading class com/jogamp/newt/event/KeyEvent$NonPrintableRange
Event: 21.929 loading class com/jogamp/newt/event/KeyEvent$NonPrintableRange done


Dynamic libraries:
0x00007ff79f3f0000 - 0x00007ff79f427000 	C:\Program Files\Java\jdk1.8.0_121\bin\java.exe
0x00007ffd51fa0000 - 0x00007ffd52171000 	C:\Windows\SYSTEM32\ntdll.dll
0x00007ffd506b0000 - 0x00007ffd5075b000 	C:\Windows\System32\KERNEL32.DLL
0x00007ffd4ef00000 - 0x00007ffd4f11d000 	C:\Windows\System32\KERNELBASE.dll
0x00007ffd4ff40000 - 0x00007ffd4ffe2000 	C:\Windows\System32\ADVAPI32.dll
0x00007ffd50760000 - 0x00007ffd507fe000 	C:\Windows\System32\msvcrt.dll
0x00007ffd4fcf0000 - 0x00007ffd4fd49000 	C:\Windows\System32\sechost.dll
0x00007ffd4f810000 - 0x00007ffd4f931000 	C:\Windows\System32\RPCRT4.dll
0x00007ffd4f9b0000 - 0x00007ffd4fb15000 	C:\Windows\System32\USER32.dll
0x00007ffd4e5e0000 - 0x00007ffd4e5fe000 	C:\Windows\System32\win32u.dll
0x00007ffd509f0000 - 0x00007ffd50a24000 	C:\Windows\System32\GDI32.dll
0x00007ffd4f1d0000 - 0x00007ffd4f352000 	C:\Windows\System32\gdi32full.dll
0x00007ffd3f8e0000 - 0x00007ffd3fb59000 	C:\Windows\WinSxS\amd64_microsoft.windows.common-controls_6595b64144ccf1df_6.0.14393.0_none_2d0f50fcbdb171b8\COMCTL32.dll
0x00007ffd4f530000 - 0x00007ffd4f7f7000 	C:\Windows\System32\combase.dll
0x00007ffd4e600000 - 0x00007ffd4e6f5000 	C:\Windows\System32\ucrtbase.dll
0x00007ffd4e700000 - 0x00007ffd4e76a000 	C:\Windows\System32\bcryptPrimitives.dll
0x00007ffd4fb20000 - 0x00007ffd4fb4e000 	C:\Windows\System32\IMM32.DLL
0x0000000057100000 - 0x00000000571d2000 	C:\Program Files\Java\jdk1.8.0_121\jre\bin\msvcr100.dll
0x0000000056860000 - 0x00000000570fb000 	C:\Program Files\Java\jdk1.8.0_121\jre\bin\server\jvm.dll
0x00007ffd4f800000 - 0x00007ffd4f808000 	C:\Windows\System32\PSAPI.DLL
0x00007ffd4b360000 - 0x00007ffd4b369000 	C:\Windows\SYSTEM32\WSOCK32.dll
0x00007ffd49510000 - 0x00007ffd4951a000 	C:\Windows\SYSTEM32\VERSION.dll
0x00007ffd4c090000 - 0x00007ffd4c0b3000 	C:\Windows\SYSTEM32\WINMM.dll
0x00007ffd50210000 - 0x00007ffd5027a000 	C:\Windows\System32\WS2_32.dll
0x00007ffd4bc90000 - 0x00007ffd4bcbb000 	C:\Windows\SYSTEM32\WINMMBASE.dll
0x00007ffd4eeb0000 - 0x00007ffd4eef2000 	C:\Windows\System32\cfgmgr32.dll
0x0000000056850000 - 0x000000005685f000 	C:\Program Files\Java\jdk1.8.0_121\jre\bin\verify.dll
0x0000000056820000 - 0x0000000056849000 	C:\Program Files\Java\jdk1.8.0_121\jre\bin\java.dll
0x0000000056800000 - 0x0000000056816000 	C:\Program Files\Java\jdk1.8.0_121\jre\bin\zip.dll
0x00007ffd50a90000 - 0x00007ffd51f98000 	C:\Windows\System32\SHELL32.dll
0x00007ffd4e7d0000 - 0x00007ffd4eeaa000 	C:\Windows\System32\windows.storage.dll
0x00007ffd4e4c0000 - 0x00007ffd4e50c000 	C:\Windows\System32\powrprof.dll
0x00007ffd50050000 - 0x00007ffd500a2000 	C:\Windows\System32\shlwapi.dll
0x00007ffd4e510000 - 0x00007ffd4e51f000 	C:\Windows\System32\kernel.appcore.dll
0x00007ffd4f120000 - 0x00007ffd4f1c9000 	C:\Windows\System32\shcore.dll
0x00007ffd4e4a0000 - 0x00007ffd4e4b4000 	C:\Windows\System32\profapi.dll
0x00007ffd4b1b0000 - 0x00007ffd4b1c0000 	C:\Program Files (x86)\JetBrains\IntelliJ IDEA 2016.3.4\bin\breakgen64.dll
0x00000000567e0000 - 0x00000000567fa000 	C:\Program Files\Java\jdk1.8.0_121\jre\bin\net.dll
0x00007ffd4ddd0000 - 0x00007ffd4de2c000 	C:\Windows\system32\mswsock.dll
0x0000000056640000 - 0x00000000567d8000 	C:\Program Files\Java\jdk1.8.0_121\jre\bin\awt.dll
0x00007ffd4fd70000 - 0x00007ffd4fe2c000 	C:\Windows\System32\OLEAUT32.dll
0x00007ffd4c6f0000 - 0x00007ffd4c76a000 	C:\Windows\SYSTEM32\apphelp.dll
0x00007ffd4cb80000 - 0x00007ffd4cc15000 	C:\Windows\system32\uxtheme.dll
0x00007ffd500b0000 - 0x00007ffd5020b000 	C:\Windows\System32\MSCTF.dll
0x00007ffd4b9e0000 - 0x00007ffd4ba06000 	C:\Windows\system32\dwmapi.dll
0x00007ffd50800000 - 0x00007ffd50937000 	C:\Windows\System32\ole32.dll
0x00007ffd18e40000 - 0x00007ffd18f63000 	C:\Windows\system32\opengl32.dll
0x00007ffd17d70000 - 0x00007ffd17e67000 	C:\Windows\SYSTEM32\DDRAW.dll
0x00007ffd37d80000 - 0x00007ffd37dad000 	C:\Windows\SYSTEM32\GLU32.dll
0x00007ffd4c7c0000 - 0x00007ffd4c7c8000 	C:\Windows\SYSTEM32\DCIMAN32.dll
0x00007ffd1ba60000 - 0x00007ffd1bbed000 	C:\Windows\system32\d3d9.dll
0x00007ffd14e90000 - 0x00007ffd15e9f000 	C:\Windows\System32\DriverStore\FileRepository\nvami.inf_amd64_fba2180c780ad9c0\nvd3dumx.dll
0x00007ffd403e0000 - 0x00007ffd405b1000 	C:\Windows\system32\nvspcap64.dll
0x00007ffd50280000 - 0x00007ffd506a9000 	C:\Windows\System32\SETUPAPI.dll
0x00007ffd45690000 - 0x00007ffd4575c000 	C:\Windows\SYSTEM32\WINHTTP.dll
0x00007ffd4b800000 - 0x00007ffd4b813000 	C:\Windows\SYSTEM32\WTSAPI32.dll
0x00007ffd46250000 - 0x00007ffd4666e000 	C:\Windows\system32\nvapi64.dll
0x00007ffd4d430000 - 0x00007ffd4d4cf000 	C:\Windows\SYSTEM32\dxgi.dll
0x00007ffd4d170000 - 0x00007ffd4d198000 	C:\Windows\SYSTEM32\DEVOBJ.dll
0x00007ffd4e770000 - 0x00007ffd4e7c5000 	C:\Windows\System32\WINTRUST.dll
0x00007ffd4e520000 - 0x00007ffd4e530000 	C:\Windows\System32\MSASN1.dll
0x00007ffd4f360000 - 0x00007ffd4f528000 	C:\Windows\System32\CRYPT32.dll
0x00007ffd477c0000 - 0x00007ffd478a7000 	C:\Program Files (x86)\NVIDIA Corporation\3D Vision\nvSCPAPI64.dll
0x00007ffd4df70000 - 0x00007ffd4df87000 	C:\Windows\SYSTEM32\CRYPTSP.dll
0x00007ffd4da60000 - 0x00007ffd4da93000 	C:\Windows\system32\rsaenh.dll
0x00007ffd4e3e0000 - 0x00007ffd4e40b000 	C:\Windows\SYSTEM32\bcrypt.dll
0x00007ffd4dc50000 - 0x00007ffd4dc6f000 	C:\Windows\SYSTEM32\USERENV.dll
0x00007ffd4df90000 - 0x00007ffd4df9b000 	C:\Windows\SYSTEM32\CRYPTBASE.dll
0x00007ffd4db60000 - 0x00007ffd4db98000 	C:\Windows\SYSTEM32\IPHLPAPI.DLL
0x00007ffd50940000 - 0x00007ffd50948000 	C:\Windows\System32\NSI.dll
0x00007ffd49530000 - 0x00007ffd49546000 	C:\Windows\SYSTEM32\dhcpcsvc6.DLL
0x00007ffd499d0000 - 0x00007ffd499ea000 	C:\Windows\SYSTEM32\dhcpcsvc.DLL
0x0000000056620000 - 0x0000000056631000 	C:\Program Files\Java\jdk1.8.0_121\jre\bin\nio.dll
0x00000000637c0000 - 0x00000000637cd000 	C:\Users\andre\AppData\Local\Temp\jogamp_0000\file_cache\jln48358147407763992\jln6924641299016973015\natives\windows-amd64\gluegen-rt.dll
0x0000000056610000 - 0x0000000056617000 	C:\Program Files\Java\jdk1.8.0_121\jre\bin\jawt.dll
0x000000006a440000 - 0x000000006a44d000 	C:\Users\andre\AppData\Local\Temp\jogamp_0000\file_cache\jln48358147407763992\jln6924641299016973015\natives\windows-amd64\nativewindow_awt.dll
0x000000006c100000 - 0x000000006c10f000 	C:\Users\andre\AppData\Local\Temp\jogamp_0000\file_cache\jln48358147407763992\jln6924641299016973015\natives\windows-amd64\nativewindow_win32.dll
0x000000006cbc0000 - 0x000000006cbd3000 	C:\Users\andre\AppData\Local\Temp\jogamp_0000\file_cache\jln48358147407763992\jln6924641299016973015\natives\windows-amd64\newt.dll
0x00007ffd3a410000 - 0x00007ffd3a4a1000 	C:\Windows\SYSTEM32\mscms.dll
0x00007ffd28d60000 - 0x00007ffd28da2000 	C:\Windows\SYSTEM32\icm32.dll
0x0000000064500000 - 0x00000000645b1000 	C:\Users\andre\AppData\Local\Temp\jogamp_0000\file_cache\jln48358147407763992\jln6924641299016973015\natives\windows-amd64\jogl_desktop.dll
0x0000000064340000 - 0x00000000643a2000 	C:\Users\andre\AppData\Local\Temp\jogamp_0000\file_cache\jln48358147407763992\jln6924641299016973015\natives\windows-amd64\jogl_mobile.dll
0x0000000057210000 - 0x00000000593a4000 	C:\Windows\SYSTEM32\nvoglv64.DLL
0x00007ffd4d8b0000 - 0x00007ffd4d8e2000 	C:\Windows\SYSTEM32\ntmarta.dll
0x00007ffd4d610000 - 0x00007ffd4d666000 	C:\Windows\SYSTEM32\WINSTA.dll
0x00000000565c0000 - 0x0000000056607000 	C:\Program Files\Java\jdk1.8.0_121\jre\bin\fontmanager.dll
0x0000000056570000 - 0x00000000565b2000 	C:\Program Files\Java\jdk1.8.0_121\jre\bin\t2k.dll
0x00007ffd17300000 - 0x00007ffd1749c000 	C:\Users\andre\IdeaProjects\ambientes2.0\libs\kinectPV2\Kinect20.Face.dll
0x00007ffd446c0000 - 0x00007ffd44767000 	C:\Windows\SYSTEM32\MSVCP110.dll
0x00007ffd44cd0000 - 0x00007ffd44da4000 	C:\Windows\SYSTEM32\MSVCR110.dll
0x00007ffd42ae0000 - 0x00007ffd42af1000 	C:\Users\andre\IdeaProjects\ambientes2.0\libs\kinectPV2\KinectPV2.dll
0x00007ffd19090000 - 0x00007ffd1914a000 	C:\Windows\SYSTEM32\Kinect20.dll
0x00007ffd4aac0000 - 0x00007ffd4ac28000 	C:\Windows\SYSTEM32\MFPlat.DLL
0x00007ffd4a9a0000 - 0x00007ffd4a9ce000 	C:\Windows\SYSTEM32\RTWorkQ.DLL
0x00007ffd4a800000 - 0x00007ffd4a992000 	C:\Windows\SYSTEM32\dbghelp.dll

VM Arguments:
jvm_args: -Djava.library.path=C:\Users\andre\IdeaProjects\ambientes2.0\libs\kinectPV2 -Didea.launcher.port=7538 -Didea.launcher.bin.path=C:\Program Files (x86)\JetBrains\IntelliJ IDEA 2016.3.4\bin -Dfile.encoding=UTF-8 
java_command: com.intellij.rt.execution.application.AppMain root.Main
java_class_path (initial): C:\Program Files\Java\jdk1.8.0_121\jre\lib\charsets.jar;C:\Program Files\Java\jdk1.8.0_121\jre\lib\deploy.jar;C:\Program Files\Java\jdk1.8.0_121\jre\lib\ext\access-bridge-64.jar;C:\Program Files\Java\jdk1.8.0_121\jre\lib\ext\cldrdata.jar;C:\Program Files\Java\jdk1.8.0_121\jre\lib\ext\dnsns.jar;C:\Program Files\Java\jdk1.8.0_121\jre\lib\ext\jaccess.jar;C:\Program Files\Java\jdk1.8.0_121\jre\lib\ext\jfxrt.jar;C:\Program Files\Java\jdk1.8.0_121\jre\lib\ext\localedata.jar;C:\Program Files\Java\jdk1.8.0_121\jre\lib\ext\nashorn.jar;C:\Program Files\Java\jdk1.8.0_121\jre\lib\ext\sunec.jar;C:\Program Files\Java\jdk1.8.0_121\jre\lib\ext\sunjce_provider.jar;C:\Program Files\Java\jdk1.8.0_121\jre\lib\ext\sunmscapi.jar;C:\Program Files\Java\jdk1.8.0_121\jre\lib\ext\sunpkcs11.jar;C:\Program Files\Java\jdk1.8.0_121\jre\lib\ext\zipfs.jar;C:\Program Files\Java\jdk1.8.0_121\jre\lib\javaws.jar;C:\Program Files\Java\jdk1.8.0_121\jre\lib\jce.jar;C:\Program Files\Java\jdk1.8.0_121\jre\lib\jfr.jar;C:\Program Files\Java\jdk1.8.0_121\jre\lib\jfxswt.jar;C:\Program Files\Java\jdk1.8.0_121\jre\lib\jsse.jar;C:\Program Files\Java\jdk1.8.0_121\jre\lib\management-agent.jar;C:\Program Files\Java\jdk1.8.0_121\jre\lib\plugin.jar;C:\Program Files\Java\jdk1.8.0_121\jre\lib\resources.jar;C:\Program Files\Java\jdk1.8.0_121\jre\lib\rt.jar;C:\Users\andre\IdeaProjects\ambientes2.0\out\production\ambientes2.0;C:\Users\andre\IdeaProjects\ambientes2.0\libs\p3.01\core.jar;C:\Users\andre\IdeaProjects\ambientes2.0\libs\p3.01\jogl-all.jar;C:\Users\andre\IdeaProjects\ambientes2.0\libs\p3.01\gluegen-rt.jar;C:\Users\andre\IdeaProjects\ambientes2.0\libs\p3.01\jogl-all-natives-linux-i586.jar;C:\Users\andre\IdeaProjects\ambientes2.0\libs\p3.01\jogl-all-natives-linux-amd64.jar;C:\Users\andre\IdeaProjects\ambientes2.0\libs\p3.01\gluegen-rt-natives-linux-i586.jar;C:\Users\andre\IdeaProjects\ambientes2.0\libs\p3.01\jogl-all-natives-windows-i586.jar;C:\Users\andre\IdeaProjects\ambientes2.0\libs\
Launcher Type: SUN_STANDARD

Environment Variables:
PATH=C:\ProgramData\Oracle\Java\javapath;C:\Program Files (x86)\Intel\iCLS Client\;C:\Program Files\Intel\iCLS Client\;C:\Windows\system32;C:\Windows;C:\Windows\System32\Wbem;C:\Windows\System32\WindowsPowerShell\v1.0\;C:\Program Files (x86)\NVIDIA Corporation\PhysX\Common;C:\Program Files (x86)\Intel\Intel(R) Management Engine Components\DAL;C:\Program Files\Intel\Intel(R) Management Engine Components\DAL;C:\Program Files (x86)\Intel\Intel(R) Management Engine Components\IPT;C:\Program Files\Intel\Intel(R) Management Engine Components\IPT;C:\Program Files\Intel\WiFi\bin\;C:\Program Files\Common Files\Intel\WirelessCommon\;C:\Windows\system32;C:\Windows;C:\Windows\System32\Wbem;C:\Windows\System32\WindowsPowerShell\v1.0\;C:\Program Files\Git\cmd;C:\Program Files (x86)\Brackets\command;C:\Program Files\nodejs\;C:\Users\andre\AppData\Local\Microsoft\WindowsApps;C:\Users\andre\AppData\Roaming\npm
USERNAME=andre
OS=Windows_NT
PROCESSOR_IDENTIFIER=Intel64 Family 6 Model 94 Stepping 3, GenuineIntel



---------------  S Y S T E M  ---------------

OS: Windows 10.0 , 64 bit Build 14393 (10.0.14393.0)

CPU:total 8 (4 cores per cpu, 2 threads per core) family 6 model 94 stepping 3, cmov, cx8, fxsr, mmx, sse, sse2, sse3, ssse3, sse4.1, sse4.2, popcnt, avx, avx2, aes, clmul, erms, rtm, 3dnowpref, lzcnt, ht, tsc, tscinvbit, bmi1, bmi2, adx

Memory: 4k page, physical 14770404k(6857436k free), swap 16998628k(6789800k free)

vm_info: Java HotSpot(TM) 64-Bit Server VM (25.121-b13) for windows-amd64 JRE (1.8.0_121-b13), built on Dec 12 2016 18:21:36 by "java_re" with MS VC++ 10.0 (VS2010)

time: Sun Mar 05 12:14:07 2017
elapsed time: 21 seconds (0d 0h 0m 21s)

