#
# A fatal error has been detected by the Java Runtime Environment:
#
#  EXCEPTION_ACCESS_VIOLATION (0xc0000005) at pc=0x00007ffd43155536, pid=2708, tid=0x0000000000000f44
#
# JRE version: Java(TM) SE Runtime Environment (8.0_121-b13) (build 1.8.0_121-b13)
# Java VM: Java HotSpot(TM) 64-Bit Server VM (25.121-b13 mixed mode windows-amd64 compressed oops)
# Problematic frame:
# C  [KinectPV2.dll+0x5536]
#
# Failed to write core dump. Minidumps are not enabled by default on client versions of Windows
#
# If you would like to submit a bug report, please visit:
#   http://bugreport.java.com/bugreport/crash.jsp
# The crash happened outside the Java Virtual Machine in native code.
# See problematic frame for where to report the bug.
#

---------------  T H R E A D  ---------------

Current thread (0x000000001e59c000):  JavaThread "main-FPSAWTAnimator#00-Timer0" [_thread_in_native, id=3908, stack(0x00000000280b0000,0x00000000281b0000)]

siginfo: ExceptionCode=0xc0000005, reading address 0xffffffffffffffff

Registers:
RAX=0x0000000000000001, RBX=0x00000000232898c0, RCX=0x004200200054004d, RDX=0x0000000000000000
RSP=0x00000000281adeb0, RBP=0x0000000000000000, RSI=0x0000000000000006, RDI=0x0000000023289af0
R8 =0x00000000281adb98, R9 =0x0000000000008000, R10=0x0000000000000000, R11=0x00000000281adde0
R12=0x0000000000000000, R13=0x0000000029545de0, R14=0x00000000281adfa0, R15=0x000000001e59c000
RIP=0x00007ffd43155536, EFLAGS=0x0000000000010206

Top of Stack: (sp=0x00000000281adeb0)
0x00000000281adeb0:   00000000232898c0 0000000029545de0
0x00000000281adec0:   0000000000000000 000000001d1adb70
0x00000000281aded0:   000000001d1adb70 00007ffd4315177a
0x00000000281adee0:   00000000281adfa0 00000000281adf80
0x00000000281adef0:   000000001e59c1f8 000000001e59c000
0x00000000281adf00:   000000000259835d 00000000025a7f74
0x00000000281adf10:   0000000029545de0 000000001e59c000
0x00000000281adf20:   000000001e59c000 000000001e59c000
0x00000000281adf30:   00000000281adff8 00000000025a7ca2
0x00000000281adf40:   00000000281adf40 0000000029545de0
0x00000000281adf50:   00000000281adfa0 0000000029547a78
0x00000000281adf60:   0000000000000000 0000000029545de0
0x00000000281adf70:   0000000000000000 00000000281adfa0
0x00000000281adf80:   00000000281adfe8 0000000002597b30
0x00000000281adf90:   0000000000000000 00000000025a19c0
0x00000000281adfa0:   0000000778f9ae48 00000000281adfa8 

Instructions: (pc=0x00007ffd43155536)
0x00007ffd43155516:   8f 90 00 00 00 48 85 c9 74 0d 48 8b 01 ff 50 10
0x00007ffd43155526:   48 89 af 90 00 00 00 48 8b 4f 30 48 85 c9 74 0a
0x00007ffd43155536:   48 8b 01 ff 50 10 48 89 6f 30 48 8b 4f 60 48 85
0x00007ffd43155546:   c9 74 0a 48 8b 01 ff 50 10 48 89 6f 60 48 8b 8f 


Register to memory mapping:

RAX=0x0000000000000001 is an unknown value
RBX=0x00000000232898c0 is an unknown value
RCX=0x004200200054004d is an unknown value
RDX=0x0000000000000000 is an unknown value
RSP=0x00000000281adeb0 is pointing into the stack for thread: 0x000000001e59c000
RBP=0x0000000000000000 is an unknown value
RSI=0x0000000000000006 is an unknown value
RDI=0x0000000023289af0 is an unknown value
R8 =0x00000000281adb98 is pointing into the stack for thread: 0x000000001e59c000
R9 =0x0000000000008000 is an unknown value
R10=0x0000000000000000 is an unknown value
R11=0x00000000281adde0 is pointing into the stack for thread: 0x000000001e59c000
R12=0x0000000000000000 is an unknown value
R13={method} {0x0000000029545de8} 'jniStopSignal' '()Z' in 'KinectPV2/Device'
R14=0x00000000281adfa0 is pointing into the stack for thread: 0x000000001e59c000
R15=0x000000001e59c000 is a thread


Stack: [0x00000000280b0000,0x00000000281b0000],  sp=0x00000000281adeb0,  free space=1015k
Native frames: (J=compiled Java code, j=interpreted, Vv=VM code, C=native code)

Java frames: (J=compiled Java code, j=interpreted, Vv=VM code)
j  KinectPV2.Device.jniStopSignal()Z+0
j  KinectPV2.Device.cleanDevice()Z+1
j  KinectPV2.KinectPV2.dispose()V+10
v  ~StubRoutines::call_stub
j  sun.reflect.NativeMethodAccessorImpl.invoke0(Ljava/lang/reflect/Method;Ljava/lang/Object;[Ljava/lang/Object;)Ljava/lang/Object;+0
j  sun.reflect.NativeMethodAccessorImpl.invoke(Ljava/lang/Object;[Ljava/lang/Object;)Ljava/lang/Object;+100
j  sun.reflect.DelegatingMethodAccessorImpl.invoke(Ljava/lang/Object;[Ljava/lang/Object;)Ljava/lang/Object;+6
j  java.lang.reflect.Method.invoke(Ljava/lang/Object;[Ljava/lang/Object;)Ljava/lang/Object;+56
j  processing.core.PApplet$RegisteredMethods.handle([Ljava/lang/Object;)V+18
J 1103 C1 processing.core.PApplet.handleMethods(Ljava/lang/String;)V (21 bytes) @ 0x00000000029c9e5c [0x00000000029c9ba0+0x2bc]
j  processing.core.PApplet.dispose()V+35
J 1366 C1 processing.opengl.PSurfaceJOGL$DrawListener.display(Lcom/jogamp/opengl/GLAutoDrawable;)V (194 bytes) @ 0x0000000002aa9f14 [0x0000000002aa93e0+0xb34]
J 1324 C1 jogamp.opengl.GLDrawableHelper.displayImpl(Lcom/jogamp/opengl/GLAutoDrawable;)V (86 bytes) @ 0x0000000002a6f09c [0x0000000002a6e740+0x95c]
J 1322 C1 jogamp.opengl.GLAutoDrawableBase$2.run()V (73 bytes) @ 0x0000000002a756d4 [0x0000000002a752e0+0x3f4]
J 1320 C1 jogamp.opengl.GLDrawableHelper.invokeGLImpl(Lcom/jogamp/opengl/GLDrawable;Lcom/jogamp/opengl/GLContext;Ljava/lang/Runnable;Ljava/lang/Runnable;)V (579 bytes) @ 0x0000000002a7147c [0x0000000002a70620+0xe5c]
J 1319 C1 jogamp.opengl.GLDrawableHelper.invokeGL(Lcom/jogamp/opengl/GLDrawable;Lcom/jogamp/opengl/GLContext;Ljava/lang/Runnable;Ljava/lang/Runnable;)V (76 bytes) @ 0x0000000002a6e304 [0x0000000002a6e240+0xc4]
J 1357 C1 com.jogamp.newt.opengl.GLWindow.display()V (144 bytes) @ 0x0000000002a9f5d4 [0x0000000002a9ece0+0x8f4]
J 1316 C1 com.jogamp.opengl.util.AWTAnimatorImpl.display(Ljava/util/ArrayList;ZZ)V (170 bytes) @ 0x0000000002a652bc [0x0000000002a64bc0+0x6fc]
J 1314 C1 com.jogamp.opengl.util.FPSAnimator$MainTask.run()V (805 bytes) @ 0x0000000002a68f54 [0x0000000002a681c0+0xd94]
j  java.util.TimerThread.mainLoop()V+221
j  java.util.TimerThread.run()V+1
v  ~StubRoutines::call_stub

---------------  P R O C E S S  ---------------

Java Threads: ( => current thread )
  0x000000001e515000 JavaThread "Thread-6" [_thread_blocked, id=13144, stack(0x0000000037170000,0x0000000037270000)]
  0x0000000002492800 JavaThread "DestroyJavaVM" [_thread_blocked, id=9688, stack(0x0000000002330000,0x0000000002430000)]
=>0x000000001e59c000 JavaThread "main-FPSAWTAnimator#00-Timer0" [_thread_in_native, id=3908, stack(0x00000000280b0000,0x00000000281b0000)]
  0x000000001e5db800 JavaThread "Thread-3" [_thread_blocked, id=3104, stack(0x0000000027fb0000,0x00000000280b0000)]
  0x000000001e23d800 JavaThread "main-SharedResourceRunner" daemon [_thread_blocked, id=2792, stack(0x00000000261f0000,0x00000000262f0000)]
  0x000000001e1ef000 JavaThread "main-Display-.windows_nil-1-EDT-1" daemon [_thread_blocked, id=1276, stack(0x0000000023ae0000,0x0000000023be0000)]
  0x000000001d1ab000 JavaThread "AWT-Windows" daemon [_thread_in_native, id=2340, stack(0x000000001e7f0000,0x000000001e8f0000)]
  0x000000001d1a7800 JavaThread "Java2D Disposer" daemon [_thread_blocked, id=4836, stack(0x000000001e5f0000,0x000000001e6f0000)]
  0x000000001d02e800 JavaThread "Monitor Ctrl-Break" daemon [_thread_in_native, id=9404, stack(0x000000001dba0000,0x000000001dca0000)]
  0x000000001ce83000 JavaThread "Service Thread" daemon [_thread_blocked, id=3608, stack(0x000000001d9a0000,0x000000001daa0000)]
  0x000000001cdec000 JavaThread "C1 CompilerThread3" daemon [_thread_blocked, id=1768, stack(0x000000001d8a0000,0x000000001d9a0000)]
  0x000000001cde4000 JavaThread "C2 CompilerThread2" daemon [_thread_blocked, id=2304, stack(0x000000001d7a0000,0x000000001d8a0000)]
  0x000000001cddd000 JavaThread "C2 CompilerThread1" daemon [_thread_blocked, id=10032, stack(0x000000001d6a0000,0x000000001d7a0000)]
  0x000000001cdd9000 JavaThread "C2 CompilerThread0" daemon [_thread_blocked, id=9960, stack(0x000000001d5a0000,0x000000001d6a0000)]
  0x000000001cdd7800 JavaThread "Attach Listener" daemon [_thread_blocked, id=9912, stack(0x000000001d4a0000,0x000000001d5a0000)]
  0x000000001aeee800 JavaThread "Signal Dispatcher" daemon [_thread_blocked, id=2136, stack(0x000000001d3a0000,0x000000001d4a0000)]
  0x000000001cdd0800 JavaThread "Finalizer" daemon [_thread_blocked, id=8224, stack(0x000000001d1b0000,0x000000001d2b0000)]
  0x0000000002587800 JavaThread "Reference Handler" daemon [_thread_blocked, id=5752, stack(0x000000001ccb0000,0x000000001cdb0000)]

Other Threads:
  0x000000001aed9800 VMThread [stack: 0x000000001cbb0000,0x000000001ccb0000] [id=12444]
  0x000000001ce2f000 WatcherThread [stack: 0x000000001daa0000,0x000000001dba0000] [id=12600]

VM state:not at safepoint (normal execution)

VM Mutex/Monitor currently owned by a thread: None

Heap:
 PSYoungGen      total 67584K, used 15378K [0x0000000774d80000, 0x000000077d180000, 0x00000007c0000000)
  eden space 58368K, 10% used [0x0000000774d80000,0x0000000775387248,0x0000000778680000)
  from space 9216K, 99% used [0x0000000778f80000,0x000000077987d860,0x0000000779880000)
  to   space 9216K, 0% used [0x0000000778680000,0x0000000778680000,0x0000000778f80000)
 ParOldGen       total 154624K, used 60821K [0x00000006de800000, 0x00000006e7f00000, 0x0000000774d80000)
  object space 154624K, 39% used [0x00000006de800000,0x00000006e2365578,0x00000006e7f00000)
 Metaspace       used 16991K, capacity 17112K, committed 17280K, reserved 1064960K
  class space    used 1548K, capacity 1616K, committed 1664K, reserved 1048576K

Card table byte_map: [0x0000000011950000,0x0000000012060000] byte_map_base: 0x000000000e25c000

Marking Bits: (ParMarkBitMap*) 0x000000005707b6d0
 Begin Bits: [0x0000000012d20000, 0x0000000016580000)
 End Bits:   [0x0000000016580000, 0x0000000019de0000)

Polling page: 0x0000000000640000

CodeCache: size=245760Kb used=5374Kb max_used=5377Kb free=240386Kb
 bounds [0x0000000002590000, 0x0000000002ae0000, 0x0000000011590000]
 total_blobs=2277 nmethods=1392 adapters=798
 compilation: enabled

Compilation events (10 events):
Event: 23.295 Thread 0x000000001cdec000 1389       3       processing.opengl.PShader::bindTyped (515 bytes)
Event: 23.298 Thread 0x000000001cdec000 nmethod 1389 0x0000000002aceb50 code [0x0000000002acefa0, 0x0000000002ad1158]
Event: 23.298 Thread 0x000000001cdec000 1390       3       processing.opengl.PShader::setTexture (327 bytes)
Event: 23.300 Thread 0x000000001cdec000 nmethod 1390 0x0000000002abf490 code [0x0000000002abf720, 0x0000000002ac0588]
Event: 23.300 Thread 0x000000001cdec000 1391       3       processing.opengl.PShader::draw (42 bytes)
Event: 23.300 Thread 0x000000001cdec000 nmethod 1391 0x0000000002abec50 code [0x0000000002abede0, 0x0000000002abf2e8]
Event: 23.300 Thread 0x000000001cdec000 1392       3       processing.opengl.PShader::unbind (36 bytes)
Event: 23.300 Thread 0x000000001cdec000 nmethod 1392 0x0000000002ad1e10 code [0x0000000002ad1fa0, 0x0000000002ad23a8]
Event: 24.220 Thread 0x000000001cddd000 1393 %     4       processing.core.PGraphics::text @ 109 (171 bytes)
Event: 24.228 Thread 0x000000001cddd000 nmethod 1393% 0x0000000002ad3450 code [0x0000000002ad35c0, 0x0000000002ad38d8]

GC Heap History (4 events):
Event: 3.326 GC heap before
{Heap before GC invocations=1 (full 0):
 PSYoungGen      total 67584K, used 56976K [0x0000000774d80000, 0x0000000779880000, 0x00000007c0000000)
  eden space 58368K, 97% used [0x0000000774d80000,0x0000000778524048,0x0000000778680000)
  from space 9216K, 0% used [0x0000000778f80000,0x0000000778f80000,0x0000000779880000)
  to   space 9216K, 0% used [0x0000000778680000,0x0000000778680000,0x0000000778f80000)
 ParOldGen       total 154624K, used 0K [0x00000006de800000, 0x00000006e7f00000, 0x0000000774d80000)
  object space 154624K, 0% used [0x00000006de800000,0x00000006de800000,0x00000006e7f00000)
 Metaspace       used 16237K, capacity 16372K, committed 16768K, reserved 1064960K
  class space    used 1527K, capacity 1584K, committed 1664K, reserved 1048576K
Event: 3.333 GC heap after
Heap after GC invocations=1 (full 0):
 PSYoungGen      total 67584K, used 9187K [0x0000000774d80000, 0x0000000779880000, 0x00000007c0000000)
  eden space 58368K, 0% used [0x0000000774d80000,0x0000000774d80000,0x0000000778680000)
  from space 9216K, 99% used [0x0000000778680000,0x0000000778f78f60,0x0000000778f80000)
  to   space 9216K, 0% used [0x0000000778f80000,0x0000000778f80000,0x0000000779880000)
 ParOldGen       total 154624K, used 6103K [0x00000006de800000, 0x00000006e7f00000, 0x0000000774d80000)
  object space 154624K, 3% used [0x00000006de800000,0x00000006dedf5ec0,0x00000006e7f00000)
 Metaspace       used 16237K, capacity 16372K, committed 16768K, reserved 1064960K
  class space    used 1527K, capacity 1584K, committed 1664K, reserved 1048576K
}
Event: 4.589 GC heap before
{Heap before GC invocations=2 (full 0):
 PSYoungGen      total 67584K, used 67555K [0x0000000774d80000, 0x0000000779880000, 0x00000007c0000000)
  eden space 58368K, 100% used [0x0000000774d80000,0x0000000778680000,0x0000000778680000)
  from space 9216K, 99% used [0x0000000778680000,0x0000000778f78f60,0x0000000778f80000)
  to   space 9216K, 0% used [0x0000000778f80000,0x0000000778f80000,0x0000000779880000)
 ParOldGen       total 154624K, used 6103K [0x00000006de800000, 0x00000006e7f00000, 0x0000000774d80000)
  object space 154624K, 3% used [0x00000006de800000,0x00000006dedf5ec0,0x00000006e7f00000)
 Metaspace       used 16636K, capacity 16792K, committed 17024K, reserved 1064960K
  class space    used 1547K, capacity 1616K, committed 1664K, reserved 1048576K
Event: 4.641 GC heap after
Heap after GC invocations=2 (full 0):
 PSYoungGen      total 67584K, used 9206K [0x0000000774d80000, 0x000000077d180000, 0x00000007c0000000)
  eden space 58368K, 0% used [0x0000000774d80000,0x0000000774d80000,0x0000000778680000)
  from space 9216K, 99% used [0x0000000778f80000,0x000000077987d860,0x0000000779880000)
  to   space 9216K, 0% used [0x0000000778680000,0x0000000778680000,0x0000000778f80000)
 ParOldGen       total 154624K, used 60821K [0x00000006de800000, 0x00000006e7f00000, 0x0000000774d80000)
  object space 154624K, 39% used [0x00000006de800000,0x00000006e2365578,0x00000006e7f00000)
 Metaspace       used 16636K, capacity 16792K, committed 17024K, reserved 1064960K
  class space    used 1547K, capacity 1616K, committed 1664K, reserved 1048576K
}

Deoptimization events (6 events):
Event: 1.387 Thread 0x0000000002492800 Uncommon trap: reason=unstable_if action=reinterpret pc=0x000000000274ab64 method=java.lang.String.indexOf([CII[CIII)I @ 3
Event: 3.133 Thread 0x0000000002492800 Uncommon trap: reason=unstable_if action=reinterpret pc=0x00000000028a7734 method=java.lang.reflect.AccessibleObject.setAccessible0(Ljava/lang/reflect/AccessibleObject;Z)V @ 4
Event: 3.136 Thread 0x0000000002492800 Uncommon trap: reason=unstable_if action=reinterpret pc=0x00000000028a9f08 method=java.util.HashMap.containsKey(Ljava/lang/Object;)Z @ 9
Event: 18.008 Thread 0x000000001ce55000 Uncommon trap: reason=unstable_if action=reinterpret pc=0x00000000029ab598 method=java.util.HashMap.keySet()Ljava/util/Set; @ 6
Event: 18.008 Thread 0x000000001ce55000 Uncommon trap: reason=unstable_if action=reinterpret pc=0x0000000002971e70 method=java.util.HashMap$HashIterator.<init>(Ljava/util/HashMap;)V @ 38
Event: 19.851 Thread 0x000000001ce56800 Uncommon trap: reason=unstable_if action=reinterpret pc=0x000000000296d048 method=java.util.HashMap$HashIterator.<init>(Ljava/util/HashMap;)V @ 38

Internal exceptions (10 events):
Event: 0.057 Thread 0x0000000002492800 Exception <a 'java/lang/NoSuchMethodError': Method sun.misc.Unsafe.defineClass(Ljava/lang/String;[BII)Ljava/lang/Class; name or signature does not match> (0x0000000774d87ca8) thrown at [C:\re\workspace\8-2-build-windows-amd64-cygwin\jdk8u121\8372\hotspot\
Event: 0.057 Thread 0x0000000002492800 Exception <a 'java/lang/NoSuchMethodError': Method sun.misc.Unsafe.prefetchRead(Ljava/lang/Object;J)V name or signature does not match> (0x0000000774d87f90) thrown at [C:\re\workspace\8-2-build-windows-amd64-cygwin\jdk8u121\8372\hotspot\src\share\vm\prims
Event: 0.187 Thread 0x0000000002492800 Exception <a 'java/security/PrivilegedActionException'> (0x0000000775148290) thrown at [C:\re\workspace\8-2-build-windows-amd64-cygwin\jdk8u121\8372\hotspot\src\share\vm\prims\jvm.cpp, line 1390]
Event: 0.187 Thread 0x0000000002492800 Exception <a 'java/security/PrivilegedActionException'> (0x00000007751484a0) thrown at [C:\re\workspace\8-2-build-windows-amd64-cygwin\jdk8u121\8372\hotspot\src\share\vm\prims\jvm.cpp, line 1390]
Event: 0.188 Thread 0x0000000002492800 Exception <a 'java/security/PrivilegedActionException'> (0x000000077514c598) thrown at [C:\re\workspace\8-2-build-windows-amd64-cygwin\jdk8u121\8372\hotspot\src\share\vm\prims\jvm.cpp, line 1390]
Event: 0.188 Thread 0x0000000002492800 Exception <a 'java/security/PrivilegedActionException'> (0x000000077514c7a8) thrown at [C:\re\workspace\8-2-build-windows-amd64-cygwin\jdk8u121\8372\hotspot\src\share\vm\prims\jvm.cpp, line 1390]
Event: 0.192 Thread 0x0000000002492800 Exception <a 'java/io/FileNotFoundException'> (0x000000077514ea20) thrown at [C:\re\workspace\8-2-build-windows-amd64-cygwin\jdk8u121\8372\hotspot\src\share\vm\prims\jni.cpp, line 709]
Event: 0.223 Thread 0x0000000002492800 Exception <a 'java/lang/NoSuchFieldError': method resolution failed> (0x000000077521be18) thrown at [C:\re\workspace\8-2-build-windows-amd64-cygwin\jdk8u121\8372\hotspot\src\share\vm\prims\methodHandles.cpp, line 1146]
Event: 0.225 Thread 0x0000000002492800 Exception <a 'java/lang/NoSuchFieldError': method resolution failed> (0x0000000775229350) thrown at [C:\re\workspace\8-2-build-windows-amd64-cygwin\jdk8u121\8372\hotspot\src\share\vm\prims\methodHandles.cpp, line 1146]
Event: 0.271 Thread 0x0000000002492800 Exception <a 'java/io/FileNotFoundException'> (0x00000007752c4ec8) thrown at [C:\re\workspace\8-2-build-windows-amd64-cygwin\jdk8u121\8372\hotspot\src\share\vm\prims\jni.cpp, line 709]

Events (10 events):
Event: 18.008 Executing VM operation: RevokeBias
Event: 18.008 Executing VM operation: RevokeBias done
Event: 18.009 Thread 0x000000001ce55000 Thread exited: 0x000000001ce55000
Event: 18.689 Thread 0x000000001ce56800 Thread added: 0x000000001ce56800
Event: 19.851 Thread 0x000000001ce56800 Uncommon trap: trap_request=0xffffff65 fr.pc=0x000000000296d048
Event: 19.851 Thread 0x000000001ce56800 DEOPT PACKING pc=0x000000000296d048 sp=0x000000003946eed0
Event: 19.851 Thread 0x000000001ce56800 DEOPT UNPACKING pc=0x00000000025d582a sp=0x000000003946ee60 mode 2
Event: 19.851 Executing VM operation: RevokeBias
Event: 19.851 Executing VM operation: RevokeBias done
Event: 19.851 Thread 0x000000001ce56800 Thread exited: 0x000000001ce56800


Dynamic libraries:
0x00007ff79f3f0000 - 0x00007ff79f427000 	C:\Program Files\Java\jdk1.8.0_121\bin\java.exe
0x00007ffd51fa0000 - 0x00007ffd52171000 	C:\Windows\SYSTEM32\ntdll.dll
0x00007ffd506b0000 - 0x00007ffd5075b000 	C:\Windows\System32\KERNEL32.DLL
0x00007ffd4ef00000 - 0x00007ffd4f11d000 	C:\Windows\System32\KERNELBASE.dll
0x00007ffd4ff40000 - 0x00007ffd4ffe2000 	C:\Windows\System32\ADVAPI32.dll
0x00007ffd50760000 - 0x00007ffd507fe000 	C:\Windows\System32\msvcrt.dll
0x00007ffd4fcf0000 - 0x00007ffd4fd49000 	C:\Windows\System32\sechost.dll
0x00007ffd4f810000 - 0x00007ffd4f931000 	C:\Windows\System32\RPCRT4.dll
0x00007ffd4f9b0000 - 0x00007ffd4fb15000 	C:\Windows\System32\USER32.dll
0x00007ffd4e5e0000 - 0x00007ffd4e5fe000 	C:\Windows\System32\win32u.dll
0x00007ffd509f0000 - 0x00007ffd50a24000 	C:\Windows\System32\GDI32.dll
0x00007ffd4f1d0000 - 0x00007ffd4f352000 	C:\Windows\System32\gdi32full.dll
0x00007ffd3f8e0000 - 0x00007ffd3fb59000 	C:\Windows\WinSxS\amd64_microsoft.windows.common-controls_6595b64144ccf1df_6.0.14393.0_none_2d0f50fcbdb171b8\COMCTL32.dll
0x00007ffd4f530000 - 0x00007ffd4f7f7000 	C:\Windows\System32\combase.dll
0x00007ffd4e600000 - 0x00007ffd4e6f5000 	C:\Windows\System32\ucrtbase.dll
0x00007ffd4e700000 - 0x00007ffd4e76a000 	C:\Windows\System32\bcryptPrimitives.dll
0x00007ffd4fb20000 - 0x00007ffd4fb4e000 	C:\Windows\System32\IMM32.DLL
0x0000000057100000 - 0x00000000571d2000 	C:\Program Files\Java\jdk1.8.0_121\jre\bin\msvcr100.dll
0x0000000056860000 - 0x00000000570fb000 	C:\Program Files\Java\jdk1.8.0_121\jre\bin\server\jvm.dll
0x00007ffd4f800000 - 0x00007ffd4f808000 	C:\Windows\System32\PSAPI.DLL
0x00007ffd4b360000 - 0x00007ffd4b369000 	C:\Windows\SYSTEM32\WSOCK32.dll
0x00007ffd49510000 - 0x00007ffd4951a000 	C:\Windows\SYSTEM32\VERSION.dll
0x00007ffd4c090000 - 0x00007ffd4c0b3000 	C:\Windows\SYSTEM32\WINMM.dll
0x00007ffd50210000 - 0x00007ffd5027a000 	C:\Windows\System32\WS2_32.dll
0x00000000021e0000 - 0x000000000220b000 	C:\Windows\SYSTEM32\WINMMBASE.dll
0x00007ffd4eeb0000 - 0x00007ffd4eef2000 	C:\Windows\System32\cfgmgr32.dll
0x0000000056850000 - 0x000000005685f000 	C:\Program Files\Java\jdk1.8.0_121\jre\bin\verify.dll
0x0000000056820000 - 0x0000000056849000 	C:\Program Files\Java\jdk1.8.0_121\jre\bin\java.dll
0x0000000056800000 - 0x0000000056816000 	C:\Program Files\Java\jdk1.8.0_121\jre\bin\zip.dll
0x00007ffd50a90000 - 0x00007ffd51f98000 	C:\Windows\System32\SHELL32.dll
0x00007ffd4e7d0000 - 0x00007ffd4eeaa000 	C:\Windows\System32\windows.storage.dll
0x00007ffd4e4c0000 - 0x00007ffd4e50c000 	C:\Windows\System32\powrprof.dll
0x00007ffd50050000 - 0x00007ffd500a2000 	C:\Windows\System32\shlwapi.dll
0x00007ffd4e510000 - 0x00007ffd4e51f000 	C:\Windows\System32\kernel.appcore.dll
0x00007ffd4f120000 - 0x00007ffd4f1c9000 	C:\Windows\System32\shcore.dll
0x00007ffd4e4a0000 - 0x00007ffd4e4b4000 	C:\Windows\System32\profapi.dll
0x00007ffd4b1b0000 - 0x00007ffd4b1c0000 	C:\Program Files (x86)\JetBrains\IntelliJ IDEA 2016.3.4\bin\breakgen64.dll
0x00000000567e0000 - 0x00000000567fa000 	C:\Program Files\Java\jdk1.8.0_121\jre\bin\net.dll
0x00007ffd4ddd0000 - 0x00007ffd4de2c000 	C:\Windows\system32\mswsock.dll
0x0000000056640000 - 0x00000000567d8000 	C:\Program Files\Java\jdk1.8.0_121\jre\bin\awt.dll
0x00007ffd4fd70000 - 0x00007ffd4fe2c000 	C:\Windows\System32\OLEAUT32.dll
0x00007ffd4c6f0000 - 0x00007ffd4c76a000 	C:\Windows\SYSTEM32\apphelp.dll
0x00007ffd4cb80000 - 0x00007ffd4cc15000 	C:\Windows\system32\uxtheme.dll
0x00007ffd500b0000 - 0x00007ffd5020b000 	C:\Windows\System32\MSCTF.dll
0x00007ffd4b9e0000 - 0x00007ffd4ba06000 	C:\Windows\system32\dwmapi.dll
0x00007ffd50800000 - 0x00007ffd50937000 	C:\Windows\System32\ole32.dll
0x00007ffd18e40000 - 0x00007ffd18f63000 	C:\Windows\system32\opengl32.dll
0x00007ffd37d80000 - 0x00007ffd37dad000 	C:\Windows\SYSTEM32\GLU32.dll
0x00007ffd17d70000 - 0x00007ffd17e67000 	C:\Windows\SYSTEM32\DDRAW.dll
0x00007ffd4c7c0000 - 0x00007ffd4c7c8000 	C:\Windows\SYSTEM32\DCIMAN32.dll
0x00007ffd1ba60000 - 0x00007ffd1bbed000 	C:\Windows\system32\d3d9.dll
0x00007ffd0d540000 - 0x00007ffd0e54f000 	C:\Windows\System32\DriverStore\FileRepository\nvami.inf_amd64_fba2180c780ad9c0\nvd3dumx.dll
0x00007ffd403e0000 - 0x00007ffd405b1000 	C:\Windows\system32\nvspcap64.dll
0x00007ffd50280000 - 0x00007ffd506a9000 	C:\Windows\System32\SETUPAPI.dll
0x00007ffd4b800000 - 0x00007ffd4b813000 	C:\Windows\SYSTEM32\WTSAPI32.dll
0x00007ffd45690000 - 0x00007ffd4575c000 	C:\Windows\SYSTEM32\WINHTTP.dll
0x00007ffd46250000 - 0x00007ffd4666e000 	C:\Windows\system32\nvapi64.dll
0x00007ffd4d430000 - 0x00007ffd4d4cf000 	C:\Windows\SYSTEM32\dxgi.dll
0x00007ffd4d170000 - 0x00007ffd4d198000 	C:\Windows\SYSTEM32\DEVOBJ.dll
0x00007ffd4e770000 - 0x00007ffd4e7c5000 	C:\Windows\System32\WINTRUST.dll
0x00007ffd4e520000 - 0x00007ffd4e530000 	C:\Windows\System32\MSASN1.dll
0x00007ffd4f360000 - 0x00007ffd4f528000 	C:\Windows\System32\CRYPT32.dll
0x00007ffd477c0000 - 0x00007ffd478a7000 	C:\Program Files (x86)\NVIDIA Corporation\3D Vision\nvSCPAPI64.dll
0x00007ffd4df70000 - 0x00007ffd4df87000 	C:\Windows\SYSTEM32\CRYPTSP.dll
0x00007ffd4da60000 - 0x00007ffd4da93000 	C:\Windows\system32\rsaenh.dll
0x00007ffd4e3e0000 - 0x00007ffd4e40b000 	C:\Windows\SYSTEM32\bcrypt.dll
0x00007ffd4dc50000 - 0x00007ffd4dc6f000 	C:\Windows\SYSTEM32\USERENV.dll
0x00007ffd4df90000 - 0x00007ffd4df9b000 	C:\Windows\SYSTEM32\CRYPTBASE.dll
0x00007ffd4db60000 - 0x00007ffd4db98000 	C:\Windows\SYSTEM32\IPHLPAPI.DLL
0x00007ffd50940000 - 0x00007ffd50948000 	C:\Windows\System32\NSI.dll
0x00007ffd49530000 - 0x00007ffd49546000 	C:\Windows\SYSTEM32\dhcpcsvc6.DLL
0x00007ffd499d0000 - 0x00007ffd499ea000 	C:\Windows\SYSTEM32\dhcpcsvc.DLL
0x0000000056620000 - 0x0000000056631000 	C:\Program Files\Java\jdk1.8.0_121\jre\bin\nio.dll
0x00000000637c0000 - 0x00000000637cd000 	C:\Users\andre\AppData\Local\Temp\jogamp_0000\file_cache\jln4577706569701986355\jln3063631181420698658\natives\windows-amd64\gluegen-rt.dll
0x0000000056610000 - 0x0000000056617000 	C:\Program Files\Java\jdk1.8.0_121\jre\bin\jawt.dll
0x000000006a440000 - 0x000000006a44d000 	C:\Users\andre\AppData\Local\Temp\jogamp_0000\file_cache\jln4577706569701986355\jln3063631181420698658\natives\windows-amd64\nativewindow_awt.dll
0x000000006c100000 - 0x000000006c10f000 	C:\Users\andre\AppData\Local\Temp\jogamp_0000\file_cache\jln4577706569701986355\jln3063631181420698658\natives\windows-amd64\nativewindow_win32.dll
0x000000006cbc0000 - 0x000000006cbd3000 	C:\Users\andre\AppData\Local\Temp\jogamp_0000\file_cache\jln4577706569701986355\jln3063631181420698658\natives\windows-amd64\newt.dll
0x00007ffd3a410000 - 0x00007ffd3a4a1000 	C:\Windows\SYSTEM32\mscms.dll
0x00007ffd28d60000 - 0x00007ffd28da2000 	C:\Windows\SYSTEM32\icm32.dll
0x0000000064500000 - 0x00000000645b1000 	C:\Users\andre\AppData\Local\Temp\jogamp_0000\file_cache\jln4577706569701986355\jln3063631181420698658\natives\windows-amd64\jogl_desktop.dll
0x0000000064340000 - 0x00000000643a2000 	C:\Users\andre\AppData\Local\Temp\jogamp_0000\file_cache\jln4577706569701986355\jln3063631181420698658\natives\windows-amd64\jogl_mobile.dll
0x0000000057210000 - 0x00000000593a4000 	C:\Windows\SYSTEM32\nvoglv64.DLL
0x00007ffd4d8b0000 - 0x00007ffd4d8e2000 	C:\Windows\SYSTEM32\ntmarta.dll
0x00007ffd4d610000 - 0x00007ffd4d666000 	C:\Windows\SYSTEM32\WINSTA.dll
0x00000000565c0000 - 0x0000000056607000 	C:\Program Files\Java\jdk1.8.0_121\jre\bin\fontmanager.dll
0x0000000056570000 - 0x00000000565b2000 	C:\Program Files\Java\jdk1.8.0_121\jre\bin\t2k.dll
0x00007ffd19030000 - 0x00007ffd191cc000 	C:\Users\andre\IdeaProjects\ambientes2.0\libs\kinectPV2\Kinect20.Face.dll
0x00007ffd44cd0000 - 0x00007ffd44da4000 	C:\Windows\SYSTEM32\MSVCR110.dll
0x00007ffd446c0000 - 0x00007ffd44767000 	C:\Windows\SYSTEM32\MSVCP110.dll
0x00007ffd43150000 - 0x00007ffd43161000 	C:\Users\andre\IdeaProjects\ambientes2.0\libs\kinectPV2\KinectPV2.dll
0x00007ffd17560000 - 0x00007ffd1761a000 	C:\Windows\SYSTEM32\Kinect20.dll
0x00007ffd4aac0000 - 0x00007ffd4ac28000 	C:\Windows\SYSTEM32\MFPlat.DLL
0x00007ffd4a9a0000 - 0x00007ffd4a9ce000 	C:\Windows\SYSTEM32\RTWorkQ.DLL
0x00007ffd4a800000 - 0x00007ffd4a992000 	C:\Windows\SYSTEM32\dbghelp.dll

VM Arguments:
jvm_args: -Djava.library.path=C:\Users\andre\IdeaProjects\ambientes2.0\libs\kinectPV2 -Didea.launcher.port=7532 -Didea.launcher.bin.path=C:\Program Files (x86)\JetBrains\IntelliJ IDEA 2016.3.4\bin -Dfile.encoding=UTF-8 
java_command: com.intellij.rt.execution.application.AppMain root.Main
java_class_path (initial): C:\Program Files\Java\jdk1.8.0_121\jre\lib\charsets.jar;C:\Program Files\Java\jdk1.8.0_121\jre\lib\deploy.jar;C:\Program Files\Java\jdk1.8.0_121\jre\lib\ext\access-bridge-64.jar;C:\Program Files\Java\jdk1.8.0_121\jre\lib\ext\cldrdata.jar;C:\Program Files\Java\jdk1.8.0_121\jre\lib\ext\dnsns.jar;C:\Program Files\Java\jdk1.8.0_121\jre\lib\ext\jaccess.jar;C:\Program Files\Java\jdk1.8.0_121\jre\lib\ext\jfxrt.jar;C:\Program Files\Java\jdk1.8.0_121\jre\lib\ext\localedata.jar;C:\Program Files\Java\jdk1.8.0_121\jre\lib\ext\nashorn.jar;C:\Program Files\Java\jdk1.8.0_121\jre\lib\ext\sunec.jar;C:\Program Files\Java\jdk1.8.0_121\jre\lib\ext\sunjce_provider.jar;C:\Program Files\Java\jdk1.8.0_121\jre\lib\ext\sunmscapi.jar;C:\Program Files\Java\jdk1.8.0_121\jre\lib\ext\sunpkcs11.jar;C:\Program Files\Java\jdk1.8.0_121\jre\lib\ext\zipfs.jar;C:\Program Files\Java\jdk1.8.0_121\jre\lib\javaws.jar;C:\Program Files\Java\jdk1.8.0_121\jre\lib\jce.jar;C:\Program Files\Java\jdk1.8.0_121\jre\lib\jfr.jar;C:\Program Files\Java\jdk1.8.0_121\jre\lib\jfxswt.jar;C:\Program Files\Java\jdk1.8.0_121\jre\lib\jsse.jar;C:\Program Files\Java\jdk1.8.0_121\jre\lib\management-agent.jar;C:\Program Files\Java\jdk1.8.0_121\jre\lib\plugin.jar;C:\Program Files\Java\jdk1.8.0_121\jre\lib\resources.jar;C:\Program Files\Java\jdk1.8.0_121\jre\lib\rt.jar;C:\Users\andre\IdeaProjects\ambientes2.0\out\production\ambientes2.0;C:\Users\andre\IdeaProjects\ambientes2.0\libs\p3.01\core.jar;C:\Users\andre\IdeaProjects\ambientes2.0\libs\p3.01\jogl-all.jar;C:\Users\andre\IdeaProjects\ambientes2.0\libs\p3.01\gluegen-rt.jar;C:\Users\andre\IdeaProjects\ambientes2.0\libs\p3.01\jogl-all-natives-linux-i586.jar;C:\Users\andre\IdeaProjects\ambientes2.0\libs\p3.01\jogl-all-natives-linux-amd64.jar;C:\Users\andre\IdeaProjects\ambientes2.0\libs\p3.01\gluegen-rt-natives-linux-i586.jar;C:\Users\andre\IdeaProjects\ambientes2.0\libs\p3.01\jogl-all-natives-windows-i586.jar;C:\Users\andre\IdeaProjects\ambientes2.0\libs\
Launcher Type: SUN_STANDARD

Environment Variables:
PATH=C:\ProgramData\Oracle\Java\javapath;C:\Program Files (x86)\Intel\iCLS Client\;C:\Program Files\Intel\iCLS Client\;C:\Windows\system32;C:\Windows;C:\Windows\System32\Wbem;C:\Windows\System32\WindowsPowerShell\v1.0\;C:\Program Files (x86)\NVIDIA Corporation\PhysX\Common;C:\Program Files (x86)\Intel\Intel(R) Management Engine Components\DAL;C:\Program Files\Intel\Intel(R) Management Engine Components\DAL;C:\Program Files (x86)\Intel\Intel(R) Management Engine Components\IPT;C:\Program Files\Intel\Intel(R) Management Engine Components\IPT;C:\Program Files\Intel\WiFi\bin\;C:\Program Files\Common Files\Intel\WirelessCommon\;C:\Windows\system32;C:\Windows;C:\Windows\System32\Wbem;C:\Windows\System32\WindowsPowerShell\v1.0\;C:\Program Files\Git\cmd;C:\Program Files (x86)\Brackets\command;C:\Program Files\nodejs\;C:\Users\andre\AppData\Local\Microsoft\WindowsApps;C:\Users\andre\AppData\Roaming\npm
USERNAME=andre
OS=Windows_NT
PROCESSOR_IDENTIFIER=Intel64 Family 6 Model 94 Stepping 3, GenuineIntel



---------------  S Y S T E M  ---------------

OS: Windows 10.0 , 64 bit Build 14393 (10.0.14393.0)

CPU:total 8 (4 cores per cpu, 2 threads per core) family 6 model 94 stepping 3, cmov, cx8, fxsr, mmx, sse, sse2, sse3, ssse3, sse4.1, sse4.2, popcnt, avx, avx2, aes, clmul, erms, rtm, 3dnowpref, lzcnt, ht, tsc, tscinvbit, bmi1, bmi2, adx

Memory: 4k page, physical 14770404k(8163076k free), swap 16998628k(8136500k free)

vm_info: Java HotSpot(TM) 64-Bit Server VM (25.121-b13) for windows-amd64 JRE (1.8.0_121-b13), built on Dec 12 2016 18:21:36 by "java_re" with MS VC++ 10.0 (VS2010)

time: Sun Mar 05 12:03:00 2017
elapsed time: 24 seconds (0d 0h 0m 24s)

