#
# A fatal error has been detected by the Java Runtime Environment:
#
#  EXCEPTION_ACCESS_VIOLATION (0xc0000005) at pc=0x00007ffd42ae5536, pid=7272, tid=0x0000000000002280
#
# JRE version: Java(TM) SE Runtime Environment (8.0_121-b13) (build 1.8.0_121-b13)
# Java VM: Java HotSpot(TM) 64-Bit Server VM (25.121-b13 mixed mode windows-amd64 compressed oops)
# Problematic frame:
# C  [KinectPV2.dll+0x5536]
#
# Failed to write core dump. Minidumps are not enabled by default on client versions of Windows
#
# If you would like to submit a bug report, please visit:
#   http://bugreport.java.com/bugreport/crash.jsp
# The crash happened outside the Java Virtual Machine in native code.
# See problematic frame for where to report the bug.
#

---------------  T H R E A D  ---------------

Current thread (0x000000001ee6f800):  JavaThread "main-FPSAWTAnimator#00-Timer0" [_thread_in_native, id=8832, stack(0x0000000028980000,0x0000000028a80000)]

siginfo: ExceptionCode=0xc0000005, reading address 0xffffffffffffffff

Registers:
RAX=0x0000000000000001, RBX=0x0000000025a89770, RCX=0x0068006700690055, RDX=0x0000000000000000
RSP=0x0000000028a7de10, RBP=0x0000000000000000, RSI=0x0000000000000006, RDI=0x0000000025a899a0
R8 =0x0000000028a7daf8, R9 =0x0000000000008000, R10=0x0000000000000000, R11=0x0000000028a7dd40
R12=0x0000000000000000, R13=0x0000000029e05f30, R14=0x0000000028a7df00, R15=0x000000001ee6f800
RIP=0x00007ffd42ae5536, EFLAGS=0x0000000000010206

Top of Stack: (sp=0x0000000028a7de10)
0x0000000028a7de10:   0000000025a89770 0000000029e05f30
0x0000000028a7de20:   0000000000000000 000000001e7fb510
0x0000000028a7de30:   000000001e7fb510 00007ffd42ae177a
0x0000000028a7de40:   0000000028a7df00 0000000028a7dee0
0x0000000028a7de50:   000000001ee6f9f8 000000001ee6f800
0x0000000028a7de60:   0000000002e3835d 0000000002e47f74
0x0000000028a7de70:   0000000029e05f30 000000001ee6f800
0x0000000028a7de80:   000000001ee6f800 000000001ee6f800
0x0000000028a7de90:   0000000028a7df58 0000000002e47ca2
0x0000000028a7dea0:   0000000028a7dea0 0000000029e05f30
0x0000000028a7deb0:   0000000028a7df00 0000000029e07bc8
0x0000000028a7dec0:   0000000000000000 0000000029e05f30
0x0000000028a7ded0:   0000000000000000 0000000028a7df00
0x0000000028a7dee0:   0000000028a7df48 0000000002e37b30
0x0000000028a7def0:   0000000000000000 0000000002e419c0
0x0000000028a7df00:   00000006e28b97f8 0000000028a7df08 

Instructions: (pc=0x00007ffd42ae5536)
0x00007ffd42ae5516:   8f 90 00 00 00 48 85 c9 74 0d 48 8b 01 ff 50 10
0x00007ffd42ae5526:   48 89 af 90 00 00 00 48 8b 4f 30 48 85 c9 74 0a
0x00007ffd42ae5536:   48 8b 01 ff 50 10 48 89 6f 30 48 8b 4f 60 48 85
0x00007ffd42ae5546:   c9 74 0a 48 8b 01 ff 50 10 48 89 6f 60 48 8b 8f 


Register to memory mapping:

RAX=0x0000000000000001 is an unknown value
RBX=0x0000000025a89770 is an unknown value
RCX=0x0068006700690055 is an unknown value
RDX=0x0000000000000000 is an unknown value
RSP=0x0000000028a7de10 is pointing into the stack for thread: 0x000000001ee6f800
RBP=0x0000000000000000 is an unknown value
RSI=0x0000000000000006 is an unknown value
RDI=0x0000000025a899a0 is an unknown value
R8 =0x0000000028a7daf8 is pointing into the stack for thread: 0x000000001ee6f800
R9 =0x0000000000008000 is an unknown value
R10=0x0000000000000000 is an unknown value
R11=0x0000000028a7dd40 is pointing into the stack for thread: 0x000000001ee6f800
R12=0x0000000000000000 is an unknown value
R13={method} {0x0000000029e05f38} 'jniStopSignal' '()Z' in 'KinectPV2/Device'
R14=0x0000000028a7df00 is pointing into the stack for thread: 0x000000001ee6f800
R15=0x000000001ee6f800 is a thread


Stack: [0x0000000028980000,0x0000000028a80000],  sp=0x0000000028a7de10,  free space=1015k
Native frames: (J=compiled Java code, j=interpreted, Vv=VM code, C=native code)

Java frames: (J=compiled Java code, j=interpreted, Vv=VM code)
j  KinectPV2.Device.jniStopSignal()Z+0
j  KinectPV2.Device.cleanDevice()Z+1
j  KinectPV2.KinectPV2.dispose()V+10
v  ~StubRoutines::call_stub
j  sun.reflect.NativeMethodAccessorImpl.invoke0(Ljava/lang/reflect/Method;Ljava/lang/Object;[Ljava/lang/Object;)Ljava/lang/Object;+0
j  sun.reflect.NativeMethodAccessorImpl.invoke(Ljava/lang/Object;[Ljava/lang/Object;)Ljava/lang/Object;+100
j  sun.reflect.DelegatingMethodAccessorImpl.invoke(Ljava/lang/Object;[Ljava/lang/Object;)Ljava/lang/Object;+6
j  java.lang.reflect.Method.invoke(Ljava/lang/Object;[Ljava/lang/Object;)Ljava/lang/Object;+56
j  processing.core.PApplet$RegisteredMethods.handle([Ljava/lang/Object;)V+18
J 1195 C1 processing.core.PApplet.handleMethods(Ljava/lang/String;)V (21 bytes) @ 0x000000000329addc [0x000000000329ab20+0x2bc]
j  processing.core.PApplet.dispose()V+35
J 1632 C1 processing.opengl.PSurfaceJOGL$DrawListener.display(Lcom/jogamp/opengl/GLAutoDrawable;)V (194 bytes) @ 0x0000000003417e34 [0x00000000034172e0+0xb54]
J 1631 C1 jogamp.opengl.GLDrawableHelper.displayImpl(Lcom/jogamp/opengl/GLAutoDrawable;)V (86 bytes) @ 0x0000000003415e8c [0x0000000003415560+0x92c]
J 1567 C1 jogamp.opengl.GLAutoDrawableBase$2.run()V (73 bytes) @ 0x00000000033e3694 [0x00000000033e32a0+0x3f4]
J 1565 C1 jogamp.opengl.GLDrawableHelper.invokeGLImpl(Lcom/jogamp/opengl/GLDrawable;Lcom/jogamp/opengl/GLContext;Ljava/lang/Runnable;Ljava/lang/Runnable;)V (579 bytes) @ 0x00000000033df43c [0x00000000033de5e0+0xe5c]
J 1564 C1 jogamp.opengl.GLDrawableHelper.invokeGL(Lcom/jogamp/opengl/GLDrawable;Lcom/jogamp/opengl/GLContext;Ljava/lang/Runnable;Ljava/lang/Runnable;)V (76 bytes) @ 0x00000000033d6884 [0x00000000033d67c0+0xc4]
J 1625 C1 com.jogamp.newt.opengl.GLWindow.display()V (144 bytes) @ 0x000000000340c754 [0x000000000340be60+0x8f4]
J 1556 C1 com.jogamp.opengl.util.AWTAnimatorImpl.display(Ljava/util/ArrayList;ZZ)V (170 bytes) @ 0x00000000033ceafc [0x00000000033ce400+0x6fc]
J 1554 C1 com.jogamp.opengl.util.FPSAnimator$MainTask.run()V (805 bytes) @ 0x00000000033d2794 [0x00000000033d1a00+0xd94]
j  java.util.TimerThread.mainLoop()V+221
j  java.util.TimerThread.run()V+1
v  ~StubRoutines::call_stub

---------------  P R O C E S S  ---------------

Java Threads: ( => current thread )
  0x0000000002d32800 JavaThread "DestroyJavaVM" [_thread_blocked, id=13716, stack(0x0000000002c30000,0x0000000002d30000)]
=>0x000000001ee6f800 JavaThread "main-FPSAWTAnimator#00-Timer0" [_thread_in_native, id=8832, stack(0x0000000028980000,0x0000000028a80000)]
  0x000000001ee6e000 JavaThread "Thread-3" [_thread_blocked, id=14020, stack(0x0000000028880000,0x0000000028980000)]
  0x000000001ee55800 JavaThread "main-SharedResourceRunner" daemon [_thread_blocked, id=13872, stack(0x00000000244b0000,0x00000000245b0000)]
  0x000000001ed16000 JavaThread "main-Display-.windows_nil-1-EDT-1" daemon [_thread_blocked, id=14008, stack(0x00000000243b0000,0x00000000244b0000)]
  0x000000001e7f5800 JavaThread "AWT-Windows" daemon [_thread_in_native, id=5028, stack(0x000000001f080000,0x000000001f180000)]
  0x000000001e7f4800 JavaThread "Java2D Disposer" daemon [_thread_blocked, id=13420, stack(0x000000001ee80000,0x000000001ef80000)]
  0x000000001d8cc800 JavaThread "Monitor Ctrl-Break" daemon [_thread_in_native, id=12356, stack(0x000000001e450000,0x000000001e550000)]
  0x000000001d738000 JavaThread "Service Thread" daemon [_thread_blocked, id=14012, stack(0x000000001e250000,0x000000001e350000)]
  0x000000001d6f8800 JavaThread "C1 CompilerThread3" daemon [_thread_blocked, id=14328, stack(0x000000001e150000,0x000000001e250000)]
  0x000000001d696800 JavaThread "C2 CompilerThread2" daemon [_thread_blocked, id=6492, stack(0x000000001e050000,0x000000001e150000)]
  0x000000001d68c800 JavaThread "C2 CompilerThread1" daemon [_thread_blocked, id=476, stack(0x000000001df50000,0x000000001e050000)]
  0x000000001d689000 JavaThread "C2 CompilerThread0" daemon [_thread_blocked, id=12772, stack(0x000000001de50000,0x000000001df50000)]
  0x000000001d687800 JavaThread "Attach Listener" daemon [_thread_blocked, id=184, stack(0x000000001dd50000,0x000000001de50000)]
  0x000000001b78e800 JavaThread "Signal Dispatcher" daemon [_thread_blocked, id=11604, stack(0x000000001dc50000,0x000000001dd50000)]
  0x000000001d680800 JavaThread "Finalizer" daemon [_thread_blocked, id=13488, stack(0x000000001da60000,0x000000001db60000)]
  0x0000000002e27800 JavaThread "Reference Handler" daemon [_thread_blocked, id=13364, stack(0x000000001d560000,0x000000001d660000)]

Other Threads:
  0x000000001b779800 VMThread [stack: 0x000000001d460000,0x000000001d560000] [id=13336]
  0x000000001d74d800 WatcherThread [stack: 0x000000001e350000,0x000000001e450000] [id=12112]

VM state:not at safepoint (normal execution)

VM Mutex/Monitor currently owned by a thread: None

Heap:
 PSYoungGen      total 547840K, used 115677K [0x0000000774d80000, 0x00000007b6380000, 0x00000007c0000000)
  eden space 515584K, 22% used [0x0000000774d80000,0x000000077be576e0,0x0000000794500000)
  from space 32256K, 0% used [0x00000007b2480000,0x00000007b24a0000,0x00000007b4400000)
  to   space 30208K, 0% used [0x00000007b4600000,0x00000007b4600000,0x00000007b6380000)
 ParOldGen       total 154624K, used 76239K [0x00000006de800000, 0x00000006e7f00000, 0x0000000774d80000)
  object space 154624K, 49% used [0x00000006de800000,0x00000006e3273cb0,0x00000006e7f00000)
 Metaspace       used 17137K, capacity 17304K, committed 17536K, reserved 1064960K
  class space    used 1548K, capacity 1616K, committed 1664K, reserved 1048576K

Card table byte_map: [0x00000000121f0000,0x0000000012900000] byte_map_base: 0x000000000eafc000

Marking Bits: (ParMarkBitMap*) 0x000000005707b6d0
 Begin Bits: [0x00000000135c0000, 0x0000000016e20000)
 End Bits:   [0x0000000016e20000, 0x000000001a680000)

Polling page: 0x0000000000f10000

CodeCache: size=245760Kb used=6336Kb max_used=6346Kb free=239423Kb
 bounds [0x0000000002e30000, 0x0000000003470000, 0x0000000011e30000]
 total_blobs=2598 nmethods=1713 adapters=798
 compilation: enabled

Compilation events (10 events):
Event: 19.246 Thread 0x000000001d696800 1710  s    4       jogamp.opengl.GLBufferObjectTracker::createBufferStorage (457 bytes)
Event: 19.259 Thread 0x000000001d696800 nmethod 1710 0x0000000003465fd0 code [0x00000000034661a0, 0x0000000003466e70]
Event: 19.577 Thread 0x000000001d68c800 1711       4       processing.opengl.PJOGL::useProgram (11 bytes)
Event: 19.580 Thread 0x000000001d68c800 nmethod 1711 0x0000000003464410 code [0x0000000003464560, 0x0000000003464668]
Event: 20.345 Thread 0x000000001d689000 1712   !   4       jogamp.common.util.locks.RecursiveLockImpl01Unfairish::validateLocked (147 bytes)
Event: 20.348 Thread 0x000000001d689000 nmethod 1712 0x0000000003463e90 code [0x0000000003463fe0, 0x00000000034642b8]
Event: 20.766 Thread 0x000000001d696800 1713       4       processing.opengl.PShader::setUniformMatrix (79 bytes)
Event: 20.778 Thread 0x000000001d696800 nmethod 1713 0x00000000034614d0 code [0x0000000003461660, 0x0000000003461b58]
Event: 20.823 Thread 0x000000001d68c800 1714       4       processing.opengl.PGL::bindTexture (97 bytes)
Event: 20.826 Thread 0x000000001d68c800 nmethod 1714 0x0000000003460e90 code [0x0000000003461000, 0x0000000003461208]

GC Heap History (10 events):
Event: 15.447 GC heap before
{Heap before GC invocations=15 (full 0):
 PSYoungGen      total 649728K, used 645383K [0x0000000774d80000, 0x00000007ba900000, 0x00000007c0000000)
  eden space 649216K, 99% used [0x0000000774d80000,0x000000079c3a1f78,0x000000079c780000)
  from space 512K, 25% used [0x00000007ba880000,0x00000007ba8a0000,0x00000007ba900000)
  to   space 39936K, 0% used [0x00000007b5b00000,0x00000007b5b00000,0x00000007b8200000)
 ParOldGen       total 154624K, used 76111K [0x00000006de800000, 0x00000006e7f00000, 0x0000000774d80000)
  object space 154624K, 49% used [0x00000006de800000,0x00000006e3253cb0,0x00000006e7f00000)
 Metaspace       used 17132K, capacity 17304K, committed 17536K, reserved 1064960K
  class space    used 1547K, capacity 1616K, committed 1664K, reserved 1048576K
Event: 15.449 GC heap after
Heap after GC invocations=15 (full 0):
 PSYoungGen      total 659456K, used 96K [0x0000000774d80000, 0x00000007ba900000, 0x00000007c0000000)
  eden space 619520K, 0% used [0x0000000774d80000,0x0000000774d80000,0x000000079aa80000)
  from space 39936K, 0% used [0x00000007b5b00000,0x00000007b5b18000,0x00000007b8200000)
  to   space 37888K, 0% used [0x00000007b8400000,0x00000007b8400000,0x00000007ba900000)
 ParOldGen       total 154624K, used 76135K [0x00000006de800000, 0x00000006e7f00000, 0x0000000774d80000)
  object space 154624K, 49% used [0x00000006de800000,0x00000006e3259cb0,0x00000006e7f00000)
 Metaspace       used 17132K, capacity 17304K, committed 17536K, reserved 1064960K
  class space    used 1547K, capacity 1616K, committed 1664K, reserved 1048576K
}
Event: 16.890 GC heap before
{Heap before GC invocations=16 (full 0):
 PSYoungGen      total 659456K, used 612147K [0x0000000774d80000, 0x00000007ba900000, 0x00000007c0000000)
  eden space 619520K, 98% used [0x0000000774d80000,0x000000079a334cd0,0x000000079aa80000)
  from space 39936K, 0% used [0x00000007b5b00000,0x00000007b5b18000,0x00000007b8200000)
  to   space 37888K, 0% used [0x00000007b8400000,0x00000007b8400000,0x00000007ba900000)
 ParOldGen       total 154624K, used 76135K [0x00000006de800000, 0x00000006e7f00000, 0x0000000774d80000)
  object space 154624K, 49% used [0x00000006de800000,0x00000006e3259cb0,0x00000006e7f00000)
 Metaspace       used 17132K, capacity 17304K, committed 17536K, reserved 1064960K
  class space    used 1547K, capacity 1616K, committed 1664K, reserved 1048576K
Event: 16.891 GC heap after
Heap after GC invocations=16 (full 0):
 PSYoungGen      total 591872K, used 96K [0x0000000774d80000, 0x00000007b8480000, 0x00000007c0000000)
  eden space 591360K, 0% used [0x0000000774d80000,0x0000000774d80000,0x0000000798f00000)
  from space 512K, 18% used [0x00000007b8400000,0x00000007b8418000,0x00000007b8480000)
  to   space 36352K, 0% used [0x00000007b3d80000,0x00000007b3d80000,0x00000007b6100000)
 ParOldGen       total 154624K, used 76183K [0x00000006de800000, 0x00000006e7f00000, 0x0000000774d80000)
  object space 154624K, 49% used [0x00000006de800000,0x00000006e3265cb0,0x00000006e7f00000)
 Metaspace       used 17132K, capacity 17304K, committed 17536K, reserved 1064960K
  class space    used 1547K, capacity 1616K, committed 1664K, reserved 1048576K
}
Event: 18.265 GC heap before
{Heap before GC invocations=17 (full 0):
 PSYoungGen      total 591872K, used 587106K [0x0000000774d80000, 0x00000007b8480000, 0x00000007c0000000)
  eden space 591360K, 99% used [0x0000000774d80000,0x0000000798ac0a80,0x0000000798f00000)
  from space 512K, 18% used [0x00000007b8400000,0x00000007b8418000,0x00000007b8480000)
  to   space 36352K, 0% used [0x00000007b3d80000,0x00000007b3d80000,0x00000007b6100000)
 ParOldGen       total 154624K, used 76183K [0x00000006de800000, 0x00000006e7f00000, 0x0000000774d80000)
  object space 154624K, 49% used [0x00000006de800000,0x00000006e3265cb0,0x00000006e7f00000)
 Metaspace       used 17132K, capacity 17304K, committed 17536K, reserved 1064960K
  class space    used 1547K, capacity 1616K, committed 1664K, reserved 1048576K
Event: 18.266 GC heap after
Heap after GC invocations=17 (full 0):
 PSYoungGen      total 601088K, used 64K [0x0000000774d80000, 0x00000007b8480000, 0x00000007c0000000)
  eden space 564736K, 0% used [0x0000000774d80000,0x0000000774d80000,0x0000000797500000)
  from space 36352K, 0% used [0x00000007b3d80000,0x00000007b3d90000,0x00000007b6100000)
  to   space 34304K, 0% used [0x00000007b6300000,0x00000007b6300000,0x00000007b8480000)
 ParOldGen       total 154624K, used 76199K [0x00000006de800000, 0x00000006e7f00000, 0x0000000774d80000)
  object space 154624K, 49% used [0x00000006de800000,0x00000006e3269cb0,0x00000006e7f00000)
 Metaspace       used 17132K, capacity 17304K, committed 17536K, reserved 1064960K
  class space    used 1547K, capacity 1616K, committed 1664K, reserved 1048576K
}
Event: 19.536 GC heap before
{Heap before GC invocations=18 (full 0):
 PSYoungGen      total 601088K, used 557283K [0x0000000774d80000, 0x00000007b8480000, 0x00000007c0000000)
  eden space 564736K, 98% used [0x0000000774d80000,0x0000000796da8de8,0x0000000797500000)
  from space 36352K, 0% used [0x00000007b3d80000,0x00000007b3d90000,0x00000007b6100000)
  to   space 34304K, 0% used [0x00000007b6300000,0x00000007b6300000,0x00000007b8480000)
 ParOldGen       total 154624K, used 76199K [0x00000006de800000, 0x00000006e7f00000, 0x0000000774d80000)
  object space 154624K, 49% used [0x00000006de800000,0x00000006e3269cb0,0x00000006e7f00000)
 Metaspace       used 17133K, capacity 17304K, committed 17536K, reserved 1064960K
  class space    used 1547K, capacity 1616K, committed 1664K, reserved 1048576K
Event: 19.538 GC heap after
Heap after GC invocations=18 (full 0):
 PSYoungGen      total 540160K, used 96K [0x0000000774d80000, 0x00000007b6380000, 0x00000007c0000000)
  eden space 539648K, 0% used [0x0000000774d80000,0x0000000774d80000,0x0000000795c80000)
  from space 512K, 18% used [0x00000007b6300000,0x00000007b6318000,0x00000007b6380000)
  to   space 32256K, 0% used [0x00000007b2480000,0x00000007b2480000,0x00000007b4400000)
 ParOldGen       total 154624K, used 76199K [0x00000006de800000, 0x00000006e7f00000, 0x0000000774d80000)
  object space 154624K, 49% used [0x00000006de800000,0x00000006e3269cb0,0x00000006e7f00000)
 Metaspace       used 17133K, capacity 17304K, committed 17536K, reserved 1064960K
  class space    used 1547K, capacity 1616K, committed 1664K, reserved 1048576K
}
Event: 20.810 GC heap before
{Heap before GC invocations=19 (full 0):
 PSYoungGen      total 540160K, used 537313K [0x0000000774d80000, 0x00000007b6380000, 0x00000007c0000000)
  eden space 539648K, 99% used [0x0000000774d80000,0x0000000795a20428,0x0000000795c80000)
  from space 512K, 18% used [0x00000007b6300000,0x00000007b6318000,0x00000007b6380000)
  to   space 32256K, 0% used [0x00000007b2480000,0x00000007b2480000,0x00000007b4400000)
 ParOldGen       total 154624K, used 76199K [0x00000006de800000, 0x00000006e7f00000, 0x0000000774d80000)
  object space 154624K, 49% used [0x00000006de800000,0x00000006e3269cb0,0x00000006e7f00000)
 Metaspace       used 17133K, capacity 17304K, committed 17536K, reserved 1064960K
  class space    used 1547K, capacity 1616K, committed 1664K, reserved 1048576K
Event: 20.811 GC heap after
Heap after GC invocations=19 (full 0):
 PSYoungGen      total 547840K, used 128K [0x0000000774d80000, 0x00000007b6380000, 0x00000007c0000000)
  eden space 515584K, 0% used [0x0000000774d80000,0x0000000774d80000,0x0000000794500000)
  from space 32256K, 0% used [0x00000007b2480000,0x00000007b24a0000,0x00000007b4400000)
  to   space 30208K, 0% used [0x00000007b4600000,0x00000007b4600000,0x00000007b6380000)
 ParOldGen       total 154624K, used 76239K [0x00000006de800000, 0x00000006e7f00000, 0x0000000774d80000)
  object space 154624K, 49% used [0x00000006de800000,0x00000006e3273cb0,0x00000006e7f00000)
 Metaspace       used 17133K, capacity 17304K, committed 17536K, reserved 1064960K
  class space    used 1547K, capacity 1616K, committed 1664K, reserved 1048576K
}

Deoptimization events (7 events):
Event: 1.431 Thread 0x0000000002d32800 Uncommon trap: reason=unstable_if action=reinterpret pc=0x0000000002fece64 method=java.lang.String.indexOf([CII[CIII)I @ 3
Event: 2.920 Thread 0x0000000002d32800 Uncommon trap: reason=unstable_if action=reinterpret pc=0x000000000314d534 method=java.lang.reflect.AccessibleObject.setAccessible0(Ljava/lang/reflect/AccessibleObject;Z)V @ 4
Event: 2.924 Thread 0x0000000002d32800 Uncommon trap: reason=unstable_if action=reinterpret pc=0x000000000314fd08 method=java.util.HashMap.containsKey(Ljava/lang/Object;)Z @ 9
Event: 3.287 Thread 0x000000001ee6f800 Uncommon trap: reason=unstable_if action=reinterpret pc=0x0000000003203eac method=processing.opengl.Texture.convertToRGBA([IIII)V @ 339
Event: 8.791 Thread 0x000000001ee6f800 Uncommon trap: reason=unstable_if action=reinterpret pc=0x000000000326aa64 method=processing.opengl.PGraphicsOpenGL$InGeometry.addVertex(FFFIFFFFFIFIIIFIZ)I @ 379
Event: 8.791 Thread 0x000000001ee6f800 Uncommon trap: reason=unstable_if action=reinterpret pc=0x00000000032f20b4 method=processing.opengl.PGraphicsOpenGL.tessellate(I)V @ 153
Event: 8.808 Thread 0x000000001ee6f800 Uncommon trap: reason=predicate action=maybe_recompile pc=0x0000000003379694 method=java.util.regex.Pattern$Slice.match(Ljava/util/regex/Matcher;ILjava/lang/CharSequence;)Z @ 21

Internal exceptions (10 events):
Event: 0.036 Thread 0x0000000002d32800 Exception <a 'java/lang/NoSuchMethodError': Method sun.misc.Unsafe.defineClass(Ljava/lang/String;[BII)Ljava/lang/Class; name or signature does not match> (0x0000000774d87ca8) thrown at [C:\re\workspace\8-2-build-windows-amd64-cygwin\jdk8u121\8372\hotspot\
Event: 0.036 Thread 0x0000000002d32800 Exception <a 'java/lang/NoSuchMethodError': Method sun.misc.Unsafe.prefetchRead(Ljava/lang/Object;J)V name or signature does not match> (0x0000000774d87f90) thrown at [C:\re\workspace\8-2-build-windows-amd64-cygwin\jdk8u121\8372\hotspot\src\share\vm\prims
Event: 0.197 Thread 0x0000000002d32800 Exception <a 'java/security/PrivilegedActionException'> (0x0000000775148260) thrown at [C:\re\workspace\8-2-build-windows-amd64-cygwin\jdk8u121\8372\hotspot\src\share\vm\prims\jvm.cpp, line 1390]
Event: 0.197 Thread 0x0000000002d32800 Exception <a 'java/security/PrivilegedActionException'> (0x0000000775148470) thrown at [C:\re\workspace\8-2-build-windows-amd64-cygwin\jdk8u121\8372\hotspot\src\share\vm\prims\jvm.cpp, line 1390]
Event: 0.197 Thread 0x0000000002d32800 Exception <a 'java/security/PrivilegedActionException'> (0x000000077514c568) thrown at [C:\re\workspace\8-2-build-windows-amd64-cygwin\jdk8u121\8372\hotspot\src\share\vm\prims\jvm.cpp, line 1390]
Event: 0.197 Thread 0x0000000002d32800 Exception <a 'java/security/PrivilegedActionException'> (0x000000077514c778) thrown at [C:\re\workspace\8-2-build-windows-amd64-cygwin\jdk8u121\8372\hotspot\src\share\vm\prims\jvm.cpp, line 1390]
Event: 0.202 Thread 0x0000000002d32800 Exception <a 'java/io/FileNotFoundException'> (0x000000077514e9f0) thrown at [C:\re\workspace\8-2-build-windows-amd64-cygwin\jdk8u121\8372\hotspot\src\share\vm\prims\jni.cpp, line 709]
Event: 0.236 Thread 0x0000000002d32800 Exception <a 'java/lang/NoSuchFieldError': method resolution failed> (0x000000077521bde8) thrown at [C:\re\workspace\8-2-build-windows-amd64-cygwin\jdk8u121\8372\hotspot\src\share\vm\prims\methodHandles.cpp, line 1146]
Event: 0.238 Thread 0x0000000002d32800 Exception <a 'java/lang/NoSuchFieldError': method resolution failed> (0x0000000775229320) thrown at [C:\re\workspace\8-2-build-windows-amd64-cygwin\jdk8u121\8372\hotspot\src\share\vm\prims\methodHandles.cpp, line 1146]
Event: 0.287 Thread 0x0000000002d32800 Exception <a 'java/io/FileNotFoundException'> (0x00000007752c4ad0) thrown at [C:\re\workspace\8-2-build-windows-amd64-cygwin\jdk8u121\8372\hotspot\src\share\vm\prims\jni.cpp, line 709]

Events (10 events):
Event: 18.265 Executing VM operation: ParallelGCFailedAllocation
Event: 18.266 Executing VM operation: ParallelGCFailedAllocation done
Event: 19.109 Thread 0x000000001ee6f800 DEOPT PACKING pc=0x00000000032b044e sp=0x0000000028a7e630
Event: 19.109 Thread 0x000000001ee6f800 DEOPT UNPACKING pc=0x0000000002e7787f sp=0x0000000028a7e350 mode 0
Event: 19.536 Executing VM operation: ParallelGCFailedAllocation
Event: 19.538 Executing VM operation: ParallelGCFailedAllocation done
Event: 20.810 Executing VM operation: ParallelGCFailedAllocation
Event: 20.812 Executing VM operation: ParallelGCFailedAllocation done
Event: 21.053 loading class com/jogamp/newt/event/KeyEvent$NonPrintableRange
Event: 21.053 loading class com/jogamp/newt/event/KeyEvent$NonPrintableRange done


Dynamic libraries:
0x00007ff79f3f0000 - 0x00007ff79f427000 	C:\Program Files\Java\jdk1.8.0_121\bin\java.exe
0x00007ffd51fa0000 - 0x00007ffd52171000 	C:\Windows\SYSTEM32\ntdll.dll
0x00007ffd506b0000 - 0x00007ffd5075b000 	C:\Windows\System32\KERNEL32.DLL
0x00007ffd4ef00000 - 0x00007ffd4f11d000 	C:\Windows\System32\KERNELBASE.dll
0x00007ffd4ff40000 - 0x00007ffd4ffe2000 	C:\Windows\System32\ADVAPI32.dll
0x00007ffd50760000 - 0x00007ffd507fe000 	C:\Windows\System32\msvcrt.dll
0x00007ffd4fcf0000 - 0x00007ffd4fd49000 	C:\Windows\System32\sechost.dll
0x00007ffd4f810000 - 0x00007ffd4f931000 	C:\Windows\System32\RPCRT4.dll
0x00007ffd4f9b0000 - 0x00007ffd4fb15000 	C:\Windows\System32\USER32.dll
0x00007ffd4e5e0000 - 0x00007ffd4e5fe000 	C:\Windows\System32\win32u.dll
0x00007ffd509f0000 - 0x00007ffd50a24000 	C:\Windows\System32\GDI32.dll
0x00007ffd4f1d0000 - 0x00007ffd4f352000 	C:\Windows\System32\gdi32full.dll
0x00007ffd3f8e0000 - 0x00007ffd3fb59000 	C:\Windows\WinSxS\amd64_microsoft.windows.common-controls_6595b64144ccf1df_6.0.14393.0_none_2d0f50fcbdb171b8\COMCTL32.dll
0x00007ffd4f530000 - 0x00007ffd4f7f7000 	C:\Windows\System32\combase.dll
0x00007ffd4e600000 - 0x00007ffd4e6f5000 	C:\Windows\System32\ucrtbase.dll
0x00007ffd4e700000 - 0x00007ffd4e76a000 	C:\Windows\System32\bcryptPrimitives.dll
0x00007ffd4fb20000 - 0x00007ffd4fb4e000 	C:\Windows\System32\IMM32.DLL
0x0000000057100000 - 0x00000000571d2000 	C:\Program Files\Java\jdk1.8.0_121\jre\bin\msvcr100.dll
0x0000000056860000 - 0x00000000570fb000 	C:\Program Files\Java\jdk1.8.0_121\jre\bin\server\jvm.dll
0x00007ffd4f800000 - 0x00007ffd4f808000 	C:\Windows\System32\PSAPI.DLL
0x00007ffd4b360000 - 0x00007ffd4b369000 	C:\Windows\SYSTEM32\WSOCK32.dll
0x00007ffd4c090000 - 0x00007ffd4c0b3000 	C:\Windows\SYSTEM32\WINMM.dll
0x00007ffd49510000 - 0x00007ffd4951a000 	C:\Windows\SYSTEM32\VERSION.dll
0x00007ffd50210000 - 0x00007ffd5027a000 	C:\Windows\System32\WS2_32.dll
0x00007ffd4bc90000 - 0x00007ffd4bcbb000 	C:\Windows\SYSTEM32\WINMMBASE.dll
0x00007ffd4eeb0000 - 0x00007ffd4eef2000 	C:\Windows\System32\cfgmgr32.dll
0x0000000056850000 - 0x000000005685f000 	C:\Program Files\Java\jdk1.8.0_121\jre\bin\verify.dll
0x0000000056820000 - 0x0000000056849000 	C:\Program Files\Java\jdk1.8.0_121\jre\bin\java.dll
0x0000000056800000 - 0x0000000056816000 	C:\Program Files\Java\jdk1.8.0_121\jre\bin\zip.dll
0x00007ffd50a90000 - 0x00007ffd51f98000 	C:\Windows\System32\SHELL32.dll
0x00007ffd4e7d0000 - 0x00007ffd4eeaa000 	C:\Windows\System32\windows.storage.dll
0x00007ffd4e4c0000 - 0x00007ffd4e50c000 	C:\Windows\System32\powrprof.dll
0x00007ffd50050000 - 0x00007ffd500a2000 	C:\Windows\System32\shlwapi.dll
0x00007ffd4e510000 - 0x00007ffd4e51f000 	C:\Windows\System32\kernel.appcore.dll
0x00007ffd4f120000 - 0x00007ffd4f1c9000 	C:\Windows\System32\shcore.dll
0x00007ffd4e4a0000 - 0x00007ffd4e4b4000 	C:\Windows\System32\profapi.dll
0x00007ffd4b1b0000 - 0x00007ffd4b1c0000 	C:\Program Files (x86)\JetBrains\IntelliJ IDEA 2016.3.4\bin\breakgen64.dll
0x00000000567e0000 - 0x00000000567fa000 	C:\Program Files\Java\jdk1.8.0_121\jre\bin\net.dll
0x00007ffd4ddd0000 - 0x00007ffd4de2c000 	C:\Windows\system32\mswsock.dll
0x0000000056640000 - 0x00000000567d8000 	C:\Program Files\Java\jdk1.8.0_121\jre\bin\awt.dll
0x00007ffd4fd70000 - 0x00007ffd4fe2c000 	C:\Windows\System32\OLEAUT32.dll
0x00007ffd4c6f0000 - 0x00007ffd4c76a000 	C:\Windows\SYSTEM32\apphelp.dll
0x00007ffd4cb80000 - 0x00007ffd4cc15000 	C:\Windows\system32\uxtheme.dll
0x00007ffd500b0000 - 0x00007ffd5020b000 	C:\Windows\System32\MSCTF.dll
0x00007ffd4b9e0000 - 0x00007ffd4ba06000 	C:\Windows\system32\dwmapi.dll
0x00007ffd50800000 - 0x00007ffd50937000 	C:\Windows\System32\ole32.dll
0x00007ffd18e40000 - 0x00007ffd18f63000 	C:\Windows\system32\opengl32.dll
0x00007ffd37d80000 - 0x00007ffd37dad000 	C:\Windows\SYSTEM32\GLU32.dll
0x00007ffd17d70000 - 0x00007ffd17e67000 	C:\Windows\SYSTEM32\DDRAW.dll
0x00007ffd4c7c0000 - 0x00007ffd4c7c8000 	C:\Windows\SYSTEM32\DCIMAN32.dll
0x00007ffd1ba60000 - 0x00007ffd1bbed000 	C:\Windows\system32\d3d9.dll
0x00007ffd0d540000 - 0x00007ffd0e54f000 	C:\Windows\System32\DriverStore\FileRepository\nvami.inf_amd64_fba2180c780ad9c0\nvd3dumx.dll
0x00007ffd403e0000 - 0x00007ffd405b1000 	C:\Windows\system32\nvspcap64.dll
0x00007ffd50280000 - 0x00007ffd506a9000 	C:\Windows\System32\SETUPAPI.dll
0x00007ffd45690000 - 0x00007ffd4575c000 	C:\Windows\SYSTEM32\WINHTTP.dll
0x00007ffd4b800000 - 0x00007ffd4b813000 	C:\Windows\SYSTEM32\WTSAPI32.dll
0x00007ffd46250000 - 0x00007ffd4666e000 	C:\Windows\system32\nvapi64.dll
0x00007ffd4d430000 - 0x00007ffd4d4cf000 	C:\Windows\SYSTEM32\dxgi.dll
0x00007ffd4d170000 - 0x00007ffd4d198000 	C:\Windows\SYSTEM32\DEVOBJ.dll
0x00007ffd4e770000 - 0x00007ffd4e7c5000 	C:\Windows\System32\WINTRUST.dll
0x00007ffd4e520000 - 0x00007ffd4e530000 	C:\Windows\System32\MSASN1.dll
0x00007ffd4f360000 - 0x00007ffd4f528000 	C:\Windows\System32\CRYPT32.dll
0x00007ffd477c0000 - 0x00007ffd478a7000 	C:\Program Files (x86)\NVIDIA Corporation\3D Vision\nvSCPAPI64.dll
0x00007ffd4df70000 - 0x00007ffd4df87000 	C:\Windows\SYSTEM32\CRYPTSP.dll
0x00007ffd4da60000 - 0x00007ffd4da93000 	C:\Windows\system32\rsaenh.dll
0x00007ffd4e3e0000 - 0x00007ffd4e40b000 	C:\Windows\SYSTEM32\bcrypt.dll
0x00007ffd4dc50000 - 0x00007ffd4dc6f000 	C:\Windows\SYSTEM32\USERENV.dll
0x00007ffd4df90000 - 0x00007ffd4df9b000 	C:\Windows\SYSTEM32\CRYPTBASE.dll
0x00007ffd4db60000 - 0x00007ffd4db98000 	C:\Windows\SYSTEM32\IPHLPAPI.DLL
0x00007ffd50940000 - 0x00007ffd50948000 	C:\Windows\System32\NSI.dll
0x00007ffd49530000 - 0x00007ffd49546000 	C:\Windows\SYSTEM32\dhcpcsvc6.DLL
0x00007ffd499d0000 - 0x00007ffd499ea000 	C:\Windows\SYSTEM32\dhcpcsvc.DLL
0x0000000056620000 - 0x0000000056631000 	C:\Program Files\Java\jdk1.8.0_121\jre\bin\nio.dll
0x00000000637c0000 - 0x00000000637cd000 	C:\Users\andre\AppData\Local\Temp\jogamp_0000\file_cache\jln4939566002431879623\jln8094660198141422251\natives\windows-amd64\gluegen-rt.dll
0x0000000056550000 - 0x0000000056557000 	C:\Program Files\Java\jdk1.8.0_121\jre\bin\jawt.dll
0x000000006a440000 - 0x000000006a44d000 	C:\Users\andre\AppData\Local\Temp\jogamp_0000\file_cache\jln4939566002431879623\jln8094660198141422251\natives\windows-amd64\nativewindow_awt.dll
0x000000006c100000 - 0x000000006c10f000 	C:\Users\andre\AppData\Local\Temp\jogamp_0000\file_cache\jln4939566002431879623\jln8094660198141422251\natives\windows-amd64\nativewindow_win32.dll
0x000000006cbc0000 - 0x000000006cbd3000 	C:\Users\andre\AppData\Local\Temp\jogamp_0000\file_cache\jln4939566002431879623\jln8094660198141422251\natives\windows-amd64\newt.dll
0x00007ffd3a410000 - 0x00007ffd3a4a1000 	C:\Windows\SYSTEM32\mscms.dll
0x00007ffd28d60000 - 0x00007ffd28da2000 	C:\Windows\SYSTEM32\icm32.dll
0x0000000064500000 - 0x00000000645b1000 	C:\Users\andre\AppData\Local\Temp\jogamp_0000\file_cache\jln4939566002431879623\jln8094660198141422251\natives\windows-amd64\jogl_desktop.dll
0x0000000064340000 - 0x00000000643a2000 	C:\Users\andre\AppData\Local\Temp\jogamp_0000\file_cache\jln4939566002431879623\jln8094660198141422251\natives\windows-amd64\jogl_mobile.dll
0x0000000057210000 - 0x00000000593a4000 	C:\Windows\SYSTEM32\nvoglv64.DLL
0x00007ffd4d8b0000 - 0x00007ffd4d8e2000 	C:\Windows\SYSTEM32\ntmarta.dll
0x00007ffd4d610000 - 0x00007ffd4d666000 	C:\Windows\SYSTEM32\WINSTA.dll
0x0000000056500000 - 0x0000000056547000 	C:\Program Files\Java\jdk1.8.0_121\jre\bin\fontmanager.dll
0x00000000564b0000 - 0x00000000564f2000 	C:\Program Files\Java\jdk1.8.0_121\jre\bin\t2k.dll
0x00007ffd16ad0000 - 0x00007ffd16c6c000 	C:\Users\andre\IdeaProjects\ambientes2.0\libs\kinectPV2\Kinect20.Face.dll
0x00007ffd446c0000 - 0x00007ffd44767000 	C:\Windows\SYSTEM32\MSVCP110.dll
0x00007ffd44cd0000 - 0x00007ffd44da4000 	C:\Windows\SYSTEM32\MSVCR110.dll
0x00007ffd42ae0000 - 0x00007ffd42af1000 	C:\Users\andre\IdeaProjects\ambientes2.0\libs\kinectPV2\KinectPV2.dll
0x00007ffd17560000 - 0x00007ffd1761a000 	C:\Windows\SYSTEM32\Kinect20.dll
0x00007ffd4aac0000 - 0x00007ffd4ac28000 	C:\Windows\SYSTEM32\MFPlat.DLL
0x00007ffd4a9a0000 - 0x00007ffd4a9ce000 	C:\Windows\SYSTEM32\RTWorkQ.DLL
0x00007ffd4a800000 - 0x00007ffd4a992000 	C:\Windows\SYSTEM32\dbghelp.dll

VM Arguments:
jvm_args: -Djava.library.path=C:\Users\andre\IdeaProjects\ambientes2.0\libs\kinectPV2 -Didea.launcher.port=7534 -Didea.launcher.bin.path=C:\Program Files (x86)\JetBrains\IntelliJ IDEA 2016.3.4\bin -Dfile.encoding=UTF-8 
java_command: com.intellij.rt.execution.application.AppMain root.Main
java_class_path (initial): C:\Program Files\Java\jdk1.8.0_121\jre\lib\charsets.jar;C:\Program Files\Java\jdk1.8.0_121\jre\lib\deploy.jar;C:\Program Files\Java\jdk1.8.0_121\jre\lib\ext\access-bridge-64.jar;C:\Program Files\Java\jdk1.8.0_121\jre\lib\ext\cldrdata.jar;C:\Program Files\Java\jdk1.8.0_121\jre\lib\ext\dnsns.jar;C:\Program Files\Java\jdk1.8.0_121\jre\lib\ext\jaccess.jar;C:\Program Files\Java\jdk1.8.0_121\jre\lib\ext\jfxrt.jar;C:\Program Files\Java\jdk1.8.0_121\jre\lib\ext\localedata.jar;C:\Program Files\Java\jdk1.8.0_121\jre\lib\ext\nashorn.jar;C:\Program Files\Java\jdk1.8.0_121\jre\lib\ext\sunec.jar;C:\Program Files\Java\jdk1.8.0_121\jre\lib\ext\sunjce_provider.jar;C:\Program Files\Java\jdk1.8.0_121\jre\lib\ext\sunmscapi.jar;C:\Program Files\Java\jdk1.8.0_121\jre\lib\ext\sunpkcs11.jar;C:\Program Files\Java\jdk1.8.0_121\jre\lib\ext\zipfs.jar;C:\Program Files\Java\jdk1.8.0_121\jre\lib\javaws.jar;C:\Program Files\Java\jdk1.8.0_121\jre\lib\jce.jar;C:\Program Files\Java\jdk1.8.0_121\jre\lib\jfr.jar;C:\Program Files\Java\jdk1.8.0_121\jre\lib\jfxswt.jar;C:\Program Files\Java\jdk1.8.0_121\jre\lib\jsse.jar;C:\Program Files\Java\jdk1.8.0_121\jre\lib\management-agent.jar;C:\Program Files\Java\jdk1.8.0_121\jre\lib\plugin.jar;C:\Program Files\Java\jdk1.8.0_121\jre\lib\resources.jar;C:\Program Files\Java\jdk1.8.0_121\jre\lib\rt.jar;C:\Users\andre\IdeaProjects\ambientes2.0\out\production\ambientes2.0;C:\Users\andre\IdeaProjects\ambientes2.0\libs\p3.01\core.jar;C:\Users\andre\IdeaProjects\ambientes2.0\libs\p3.01\jogl-all.jar;C:\Users\andre\IdeaProjects\ambientes2.0\libs\p3.01\gluegen-rt.jar;C:\Users\andre\IdeaProjects\ambientes2.0\libs\p3.01\jogl-all-natives-linux-i586.jar;C:\Users\andre\IdeaProjects\ambientes2.0\libs\p3.01\jogl-all-natives-linux-amd64.jar;C:\Users\andre\IdeaProjects\ambientes2.0\libs\p3.01\gluegen-rt-natives-linux-i586.jar;C:\Users\andre\IdeaProjects\ambientes2.0\libs\p3.01\jogl-all-natives-windows-i586.jar;C:\Users\andre\IdeaProjects\ambientes2.0\libs\
Launcher Type: SUN_STANDARD

Environment Variables:
PATH=C:\ProgramData\Oracle\Java\javapath;C:\Program Files (x86)\Intel\iCLS Client\;C:\Program Files\Intel\iCLS Client\;C:\Windows\system32;C:\Windows;C:\Windows\System32\Wbem;C:\Windows\System32\WindowsPowerShell\v1.0\;C:\Program Files (x86)\NVIDIA Corporation\PhysX\Common;C:\Program Files (x86)\Intel\Intel(R) Management Engine Components\DAL;C:\Program Files\Intel\Intel(R) Management Engine Components\DAL;C:\Program Files (x86)\Intel\Intel(R) Management Engine Components\IPT;C:\Program Files\Intel\Intel(R) Management Engine Components\IPT;C:\Program Files\Intel\WiFi\bin\;C:\Program Files\Common Files\Intel\WirelessCommon\;C:\Windows\system32;C:\Windows;C:\Windows\System32\Wbem;C:\Windows\System32\WindowsPowerShell\v1.0\;C:\Program Files\Git\cmd;C:\Program Files (x86)\Brackets\command;C:\Program Files\nodejs\;C:\Users\andre\AppData\Local\Microsoft\WindowsApps;C:\Users\andre\AppData\Roaming\npm
USERNAME=andre
OS=Windows_NT
PROCESSOR_IDENTIFIER=Intel64 Family 6 Model 94 Stepping 3, GenuineIntel



---------------  S Y S T E M  ---------------

OS: Windows 10.0 , 64 bit Build 14393 (10.0.14393.0)

CPU:total 8 (4 cores per cpu, 2 threads per core) family 6 model 94 stepping 3, cmov, cx8, fxsr, mmx, sse, sse2, sse3, ssse3, sse4.1, sse4.2, popcnt, avx, avx2, aes, clmul, erms, rtm, 3dnowpref, lzcnt, ht, tsc, tscinvbit, bmi1, bmi2, adx

Memory: 4k page, physical 14770404k(6898316k free), swap 16998628k(6597624k free)

vm_info: Java HotSpot(TM) 64-Bit Server VM (25.121-b13) for windows-amd64 JRE (1.8.0_121-b13), built on Dec 12 2016 18:21:36 by "java_re" with MS VC++ 10.0 (VS2010)

time: Sun Mar 05 12:21:18 2017
elapsed time: 21 seconds (0d 0h 0m 21s)

