#
# A fatal error has been detected by the Java Runtime Environment:
#
#  EXCEPTION_ACCESS_VIOLATION (0xc0000005) at pc=0x00007ffd42ae5536, pid=2004, tid=0x0000000000002580
#
# JRE version: Java(TM) SE Runtime Environment (8.0_121-b13) (build 1.8.0_121-b13)
# Java VM: Java HotSpot(TM) 64-Bit Server VM (25.121-b13 mixed mode windows-amd64 compressed oops)
# Problematic frame:
# C  [KinectPV2.dll+0x5536]
#
# Failed to write core dump. Minidumps are not enabled by default on client versions of Windows
#
# If you would like to submit a bug report, please visit:
#   http://bugreport.java.com/bugreport/crash.jsp
# The crash happened outside the Java Virtual Machine in native code.
# See problematic frame for where to report the bug.
#

---------------  T H R E A D  ---------------

Current thread (0x000000001e700000):  JavaThread "main-FPSAWTAnimator#00-Timer0" [_thread_in_native, id=9600, stack(0x00000000284e0000,0x00000000285e0000)]

siginfo: ExceptionCode=0xc0000005, reading address 0xffffffffffffffff

Registers:
RAX=0x0000000000000001, RBX=0x00000000254f7d10, RCX=0x0068006700690055, RDX=0x0000000000000000
RSP=0x00000000285de3e0, RBP=0x0000000000000000, RSI=0x0000000000000006, RDI=0x00000000254f7f40
R8 =0x00000000285de0c8, R9 =0x0000000000008000, R10=0x0000000000000000, R11=0x00000000285de310
R12=0x0000000000000000, R13=0x0000000029965f38, R14=0x00000000285de4d0, R15=0x000000001e700000
RIP=0x00007ffd42ae5536, EFLAGS=0x0000000000010206

Top of Stack: (sp=0x00000000285de3e0)
0x00000000285de3e0:   00000000254f7d10 0000000029965f38
0x00000000285de3f0:   0000000000000000 000000001e3cb0c0
0x00000000285de400:   000000001e3cb0c0 00007ffd42ae177a
0x00000000285de410:   00000000285de4d0 00000000285de4b0
0x00000000285de420:   000000001e7001f8 000000001e700000
0x00000000285de430:   000000000292835d 0000000002937f74
0x00000000285de440:   0000000029965f38 000000001e700000
0x00000000285de450:   000000001e700000 000000001e700000
0x00000000285de460:   00000000285de528 0000000002937ca2
0x00000000285de470:   00000000285de470 0000000029965f38
0x00000000285de480:   00000000285de4d0 0000000029967bd0
0x00000000285de490:   0000000000000000 0000000029965f38
0x00000000285de4a0:   0000000000000000 00000000285de4d0
0x00000000285de4b0:   00000000285de518 0000000002927b30
0x00000000285de4c0:   0000000000000000 00000000029319c0
0x00000000285de4d0:   00000006e292f668 00000000285de4d8 

Instructions: (pc=0x00007ffd42ae5536)
0x00007ffd42ae5516:   8f 90 00 00 00 48 85 c9 74 0d 48 8b 01 ff 50 10
0x00007ffd42ae5526:   48 89 af 90 00 00 00 48 8b 4f 30 48 85 c9 74 0a
0x00007ffd42ae5536:   48 8b 01 ff 50 10 48 89 6f 30 48 8b 4f 60 48 85
0x00007ffd42ae5546:   c9 74 0a 48 8b 01 ff 50 10 48 89 6f 60 48 8b 8f 


Register to memory mapping:

RAX=0x0000000000000001 is an unknown value
RBX=0x00000000254f7d10 is an unknown value
RCX=0x0068006700690055 is an unknown value
RDX=0x0000000000000000 is an unknown value
RSP=0x00000000285de3e0 is pointing into the stack for thread: 0x000000001e700000
RBP=0x0000000000000000 is an unknown value
RSI=0x0000000000000006 is an unknown value
RDI=0x00000000254f7f40 is an unknown value
R8 =0x00000000285de0c8 is pointing into the stack for thread: 0x000000001e700000
R9 =0x0000000000008000 is an unknown value
R10=0x0000000000000000 is an unknown value
R11=0x00000000285de310 is pointing into the stack for thread: 0x000000001e700000
R12=0x0000000000000000 is an unknown value
R13={method} {0x0000000029965f40} 'jniStopSignal' '()Z' in 'KinectPV2/Device'
R14=0x00000000285de4d0 is pointing into the stack for thread: 0x000000001e700000
R15=0x000000001e700000 is a thread


Stack: [0x00000000284e0000,0x00000000285e0000],  sp=0x00000000285de3e0,  free space=1016k
Native frames: (J=compiled Java code, j=interpreted, Vv=VM code, C=native code)

Java frames: (J=compiled Java code, j=interpreted, Vv=VM code)
j  KinectPV2.Device.jniStopSignal()Z+0
j  KinectPV2.Device.cleanDevice()Z+1
j  KinectPV2.KinectPV2.dispose()V+10
v  ~StubRoutines::call_stub
j  sun.reflect.NativeMethodAccessorImpl.invoke0(Ljava/lang/reflect/Method;Ljava/lang/Object;[Ljava/lang/Object;)Ljava/lang/Object;+0
j  sun.reflect.NativeMethodAccessorImpl.invoke(Ljava/lang/Object;[Ljava/lang/Object;)Ljava/lang/Object;+100
j  sun.reflect.DelegatingMethodAccessorImpl.invoke(Ljava/lang/Object;[Ljava/lang/Object;)Ljava/lang/Object;+6
j  java.lang.reflect.Method.invoke(Ljava/lang/Object;[Ljava/lang/Object;)Ljava/lang/Object;+56
j  processing.core.PApplet$RegisteredMethods.handle([Ljava/lang/Object;)V+18
J 1194 C1 processing.core.PApplet.handleMethods(Ljava/lang/String;)V (21 bytes) @ 0x0000000002d8795c [0x0000000002d876a0+0x2bc]
j  processing.core.PApplet.dispose()V+35
J 1514 C1 processing.opengl.PSurfaceJOGL$DrawListener.display(Lcom/jogamp/opengl/GLAutoDrawable;)V (194 bytes) @ 0x0000000002ea7db4 [0x0000000002ea7260+0xb54]
J 1513 C1 jogamp.opengl.GLDrawableHelper.displayImpl(Lcom/jogamp/opengl/GLAutoDrawable;)V (86 bytes) @ 0x0000000002ea5e0c [0x0000000002ea54e0+0x92c]
J 1474 C1 jogamp.opengl.GLAutoDrawableBase$2.run()V (73 bytes) @ 0x0000000002e875d4 [0x0000000002e871e0+0x3f4]
J 1472 C1 jogamp.opengl.GLDrawableHelper.invokeGLImpl(Lcom/jogamp/opengl/GLDrawable;Lcom/jogamp/opengl/GLContext;Ljava/lang/Runnable;Ljava/lang/Runnable;)V (579 bytes) @ 0x0000000002e8337c [0x0000000002e82520+0xe5c]
J 1507 C1 jogamp.opengl.GLDrawableHelper.invokeGL(Lcom/jogamp/opengl/GLDrawable;Lcom/jogamp/opengl/GLContext;Ljava/lang/Runnable;Ljava/lang/Runnable;)V (76 bytes) @ 0x0000000002ea50c4 [0x0000000002ea5000+0xc4]
J 1467 C1 com.jogamp.newt.opengl.GLWindow.display()V (144 bytes) @ 0x0000000002e7a694 [0x0000000002e79da0+0x8f4]
J 1466 C1 com.jogamp.opengl.util.AWTAnimatorImpl.display(Ljava/util/ArrayList;ZZ)V (170 bytes) @ 0x0000000002e720fc [0x0000000002e71a00+0x6fc]
J 1464 C1 com.jogamp.opengl.util.FPSAnimator$MainTask.run()V (805 bytes) @ 0x0000000002e75914 [0x0000000002e74b80+0xd94]
j  java.util.TimerThread.mainLoop()V+221
j  java.util.TimerThread.run()V+1
v  ~StubRoutines::call_stub

---------------  P R O C E S S  ---------------

Java Threads: ( => current thread )
  0x0000000002812800 JavaThread "DestroyJavaVM" [_thread_blocked, id=5752, stack(0x0000000002700000,0x0000000002800000)]
=>0x000000001e700000 JavaThread "main-FPSAWTAnimator#00-Timer0" [_thread_in_native, id=9600, stack(0x00000000284e0000,0x00000000285e0000)]
  0x000000001e6ff800 JavaThread "Thread-3" [_thread_blocked, id=11760, stack(0x00000000283e0000,0x00000000284e0000)]
  0x000000001e705800 JavaThread "main-SharedResourceRunner" daemon [_thread_blocked, id=14308, stack(0x00000000266a0000,0x00000000267a0000)]
  0x000000001e7da000 JavaThread "main-Display-.windows_nil-1-EDT-1" daemon [_thread_blocked, id=4944, stack(0x0000000023f70000,0x0000000024070000)]
  0x000000001e381000 JavaThread "AWT-Windows" daemon [_thread_in_native, id=7392, stack(0x000000001ec70000,0x000000001ed70000)]
  0x000000001e37f800 JavaThread "Java2D Disposer" daemon [_thread_blocked, id=13464, stack(0x000000001ea70000,0x000000001eb70000)]
  0x000000001d3da800 JavaThread "Monitor Ctrl-Break" daemon [_thread_in_native, id=14032, stack(0x000000001e040000,0x000000001e140000)]
  0x000000001d1d2000 JavaThread "Service Thread" daemon [_thread_blocked, id=7100, stack(0x000000001dd80000,0x000000001de80000)]
  0x000000001d1ba000 JavaThread "C1 CompilerThread3" daemon [_thread_blocked, id=6404, stack(0x000000001dc80000,0x000000001dd80000)]
  0x000000001d1b4000 JavaThread "C2 CompilerThread2" daemon [_thread_blocked, id=11464, stack(0x000000001db80000,0x000000001dc80000)]
  0x000000001d1ad000 JavaThread "C2 CompilerThread1" daemon [_thread_blocked, id=10960, stack(0x000000001da80000,0x000000001db80000)]
  0x000000001d1a9000 JavaThread "C2 CompilerThread0" daemon [_thread_blocked, id=13588, stack(0x000000001d980000,0x000000001da80000)]
  0x000000001d1a7800 JavaThread "Attach Listener" daemon [_thread_blocked, id=13172, stack(0x000000001d880000,0x000000001d980000)]
  0x000000001b2ce800 JavaThread "Signal Dispatcher" daemon [_thread_blocked, id=4548, stack(0x000000001d780000,0x000000001d880000)]
  0x000000001d1a0800 JavaThread "Finalizer" daemon [_thread_blocked, id=13432, stack(0x000000001d580000,0x000000001d680000)]
  0x0000000002907800 JavaThread "Reference Handler" daemon [_thread_blocked, id=14156, stack(0x000000001d080000,0x000000001d180000)]

Other Threads:
  0x000000001b2b9800 VMThread [stack: 0x000000001cf80000,0x000000001d080000] [id=5480]
  0x000000001d267000 WatcherThread [stack: 0x000000001de80000,0x000000001df80000] [id=14056]

VM state:not at safepoint (normal execution)

VM Mutex/Monitor currently owned by a thread: None

Heap:
 PSYoungGen      total 374784K, used 218317K [0x0000000774d80000, 0x00000007ab880000, 0x00000007c0000000)
  eden space 374272K, 58% used [0x0000000774d80000,0x00000007822835d8,0x000000078bb00000)
  from space 512K, 37% used [0x00000007ab800000,0x00000007ab830000,0x00000007ab880000)
  to   space 9728K, 0% used [0x00000007aa580000,0x00000007aa580000,0x00000007aaf00000)
 ParOldGen       total 154624K, used 76541K [0x00000006de800000, 0x00000006e7f00000, 0x0000000774d80000)
  object space 154624K, 49% used [0x00000006de800000,0x00000006e32bf6c0,0x00000006e7f00000)
 Metaspace       used 17102K, capacity 17272K, committed 17536K, reserved 1064960K
  class space    used 1549K, capacity 1648K, committed 1664K, reserved 1048576K

Card table byte_map: [0x0000000011ce0000,0x00000000123f0000] byte_map_base: 0x000000000e5ec000

Marking Bits: (ParMarkBitMap*) 0x000000005707b6d0
 Begin Bits: [0x00000000130b0000, 0x0000000016910000)
 End Bits:   [0x0000000016910000, 0x000000001a170000)

Polling page: 0x00000000026a0000

CodeCache: size=245760Kb used=6361Kb max_used=6370Kb free=239398Kb
 bounds [0x0000000002920000, 0x0000000002f70000, 0x0000000011920000]
 total_blobs=2607 nmethods=1722 adapters=798
 compilation: enabled

Compilation events (10 events):
Event: 47.359 Thread 0x000000001d1a9000 1730       4       KinectPV2.Device::getSkeleton3d (76 bytes)
Event: 47.367 Thread 0x000000001d1b4000 1731       4       com.jogamp.opengl.GLContext::isGL2 (27 bytes)
Event: 47.369 Thread 0x000000001d1b4000 nmethod 1731 0x0000000002f2b650 code [0x0000000002f2b780, 0x0000000002f2b7f8]
Event: 47.371 Thread 0x000000001d1a9000 nmethod 1730 0x0000000002f5d1d0 code [0x0000000002f5d380, 0x0000000002f5db48]
Event: 47.417 Thread 0x000000001d1ba000 1732       3       com.jogamp.newt.event.NEWTEvent::getWhen (5 bytes)
Event: 47.418 Thread 0x000000001d1ba000 nmethod 1732 0x0000000002a69010 code [0x0000000002a69160, 0x0000000002a692b0]
Event: 47.427 Thread 0x000000001d1ba000 1733       3       com.jogamp.newt.event.MouseEvent::getPointerType (23 bytes)
Event: 47.428 Thread 0x000000001d1ba000 nmethod 1733 0x0000000002f3a150 code [0x0000000002f3a2c0, 0x0000000002f3a4b0]
Event: 47.614 Thread 0x000000001d1ad000 1734       4       processing.opengl.PGraphicsOpenGL::updateGLProjmodelview (234 bytes)
Event: 47.616 Thread 0x000000001d1ad000 nmethod 1734 0x0000000002f39d90 code [0x0000000002f39ec0, 0x0000000002f3a058]

GC Heap History (10 events):
Event: 44.182 GC heap before
{Heap before GC invocations=32 (full 0):
 PSYoungGen      total 482304K, used 463465K [0x0000000774d80000, 0x00000007adb80000, 0x00000007c0000000)
  eden space 466944K, 99% used [0x0000000774d80000,0x00000007912126a8,0x0000000791580000)
  from space 15360K, 0% used [0x00000007abd80000,0x00000007abd88000,0x00000007acc80000)
  to   space 14336K, 0% used [0x00000007acd80000,0x00000007acd80000,0x00000007adb80000)
 ParOldGen       total 154624K, used 76493K [0x00000006de800000, 0x00000006e7f00000, 0x0000000774d80000)
  object space 154624K, 49% used [0x00000006de800000,0x00000006e32b36c0,0x00000006e7f00000)
 Metaspace       used 17097K, capacity 17272K, committed 17536K, reserved 1064960K
  class space    used 1548K, capacity 1648K, committed 1664K, reserved 1048576K
Event: 44.185 GC heap after
Heap after GC invocations=32 (full 0):
 PSYoungGen      total 446976K, used 32K [0x0000000774d80000, 0x00000007ace00000, 0x00000007c0000000)
  eden space 446464K, 0% used [0x0000000774d80000,0x0000000774d80000,0x0000000790180000)
  from space 512K, 6% used [0x00000007acd80000,0x00000007acd88000,0x00000007ace00000)
  to   space 13312K, 0% used [0x00000007ab400000,0x00000007ab400000,0x00000007ac100000)
 ParOldGen       total 154624K, used 76517K [0x00000006de800000, 0x00000006e7f00000, 0x0000000774d80000)
  object space 154624K, 49% used [0x00000006de800000,0x00000006e32b96c0,0x00000006e7f00000)
 Metaspace       used 17097K, capacity 17272K, committed 17536K, reserved 1064960K
  class space    used 1548K, capacity 1648K, committed 1664K, reserved 1048576K
}
Event: 45.180 GC heap before
{Heap before GC invocations=33 (full 0):
 PSYoungGen      total 446976K, used 446323K [0x0000000774d80000, 0x00000007ace00000, 0x00000007c0000000)
  eden space 446464K, 99% used [0x0000000774d80000,0x0000000790154ce0,0x0000000790180000)
  from space 512K, 6% used [0x00000007acd80000,0x00000007acd88000,0x00000007ace00000)
  to   space 13312K, 0% used [0x00000007ab400000,0x00000007ab400000,0x00000007ac100000)
 ParOldGen       total 154624K, used 76517K [0x00000006de800000, 0x00000006e7f00000, 0x0000000774d80000)
  object space 154624K, 49% used [0x00000006de800000,0x00000006e32b96c0,0x00000006e7f00000)
 Metaspace       used 17097K, capacity 17272K, committed 17536K, reserved 1064960K
  class space    used 1548K, capacity 1648K, committed 1664K, reserved 1048576K
Event: 45.181 GC heap after
Heap after GC invocations=33 (full 0):
 PSYoungGen      total 440320K, used 32K [0x0000000774d80000, 0x00000007ace00000, 0x00000007c0000000)
  eden space 427008K, 0% used [0x0000000774d80000,0x0000000774d80000,0x000000078ee80000)
  from space 13312K, 0% used [0x00000007ab400000,0x00000007ab408000,0x00000007ac100000)
  to   space 12288K, 0% used [0x00000007ac200000,0x00000007ac200000,0x00000007ace00000)
 ParOldGen       total 154624K, used 76541K [0x00000006de800000, 0x00000006e7f00000, 0x0000000774d80000)
  object space 154624K, 49% used [0x00000006de800000,0x00000006e32bf6c0,0x00000006e7f00000)
 Metaspace       used 17097K, capacity 17272K, committed 17536K, reserved 1064960K
  class space    used 1548K, capacity 1648K, committed 1664K, reserved 1048576K
}
Event: 46.096 GC heap before
{Heap before GC invocations=34 (full 0):
 PSYoungGen      total 440320K, used 422059K [0x0000000774d80000, 0x00000007ace00000, 0x00000007c0000000)
  eden space 427008K, 98% used [0x0000000774d80000,0x000000078e9a2c80,0x000000078ee80000)
  from space 13312K, 0% used [0x00000007ab400000,0x00000007ab408000,0x00000007ac100000)
  to   space 12288K, 0% used [0x00000007ac200000,0x00000007ac200000,0x00000007ace00000)
 ParOldGen       total 154624K, used 76541K [0x00000006de800000, 0x00000006e7f00000, 0x0000000774d80000)
  object space 154624K, 49% used [0x00000006de800000,0x00000006e32bf6c0,0x00000006e7f00000)
 Metaspace       used 17097K, capacity 17272K, committed 17536K, reserved 1064960K
  class space    used 1548K, capacity 1648K, committed 1664K, reserved 1048576K
Event: 46.098 GC heap after
Heap after GC invocations=34 (full 0):
 PSYoungGen      total 409088K, used 32K [0x0000000774d80000, 0x00000007ac280000, 0x00000007c0000000)
  eden space 408576K, 0% used [0x0000000774d80000,0x0000000774d80000,0x000000078dc80000)
  from space 512K, 6% used [0x00000007ac200000,0x00000007ac208000,0x00000007ac280000)
  to   space 11264K, 0% used [0x00000007aac80000,0x00000007aac80000,0x00000007ab780000)
 ParOldGen       total 154624K, used 76541K [0x00000006de800000, 0x00000006e7f00000, 0x0000000774d80000)
  object space 154624K, 49% used [0x00000006de800000,0x00000006e32bf6c0,0x00000006e7f00000)
 Metaspace       used 17097K, capacity 17272K, committed 17536K, reserved 1064960K
  class space    used 1548K, capacity 1648K, committed 1664K, reserved 1048576K
}
Event: 47.017 GC heap before
{Heap before GC invocations=35 (full 0):
 PSYoungGen      total 409088K, used 405339K [0x0000000774d80000, 0x00000007ac280000, 0x00000007c0000000)
  eden space 408576K, 99% used [0x0000000774d80000,0x000000078d94eea8,0x000000078dc80000)
  from space 512K, 6% used [0x00000007ac200000,0x00000007ac208000,0x00000007ac280000)
  to   space 11264K, 0% used [0x00000007aac80000,0x00000007aac80000,0x00000007ab780000)
 ParOldGen       total 154624K, used 76541K [0x00000006de800000, 0x00000006e7f00000, 0x0000000774d80000)
  object space 154624K, 49% used [0x00000006de800000,0x00000006e32bf6c0,0x00000006e7f00000)
 Metaspace       used 17097K, capacity 17272K, committed 17536K, reserved 1064960K
  class space    used 1548K, capacity 1648K, committed 1664K, reserved 1048576K
Event: 47.018 GC heap after
Heap after GC invocations=35 (full 0):
 PSYoungGen      total 402432K, used 96K [0x0000000774d80000, 0x00000007ac280000, 0x00000007c0000000)
  eden space 391168K, 0% used [0x0000000774d80000,0x0000000774d80000,0x000000078cb80000)
  from space 11264K, 0% used [0x00000007aac80000,0x00000007aac98000,0x00000007ab780000)
  to   space 10752K, 0% used [0x00000007ab800000,0x00000007ab800000,0x00000007ac280000)
 ParOldGen       total 154624K, used 76541K [0x00000006de800000, 0x00000006e7f00000, 0x0000000774d80000)
  object space 154624K, 49% used [0x00000006de800000,0x00000006e32bf6c0,0x00000006e7f00000)
 Metaspace       used 17097K, capacity 17272K, committed 17536K, reserved 1064960K
  class space    used 1548K, capacity 1648K, committed 1664K, reserved 1048576K
}
Event: 47.868 GC heap before
{Heap before GC invocations=36 (full 0):
 PSYoungGen      total 402432K, used 388766K [0x0000000774d80000, 0x00000007ac280000, 0x00000007c0000000)
  eden space 391168K, 99% used [0x0000000774d80000,0x000000078c90fa50,0x000000078cb80000)
  from space 11264K, 0% used [0x00000007aac80000,0x00000007aac98000,0x00000007ab780000)
  to   space 10752K, 0% used [0x00000007ab800000,0x00000007ab800000,0x00000007ac280000)
 ParOldGen       total 154624K, used 76541K [0x00000006de800000, 0x00000006e7f00000, 0x0000000774d80000)
  object space 154624K, 49% used [0x00000006de800000,0x00000006e32bf6c0,0x00000006e7f00000)
 Metaspace       used 17098K, capacity 17272K, committed 17536K, reserved 1064960K
  class space    used 1548K, capacity 1648K, committed 1664K, reserved 1048576K
Event: 47.871 GC heap after
Heap after GC invocations=36 (full 0):
 PSYoungGen      total 374784K, used 192K [0x0000000774d80000, 0x00000007ab880000, 0x00000007c0000000)
  eden space 374272K, 0% used [0x0000000774d80000,0x0000000774d80000,0x000000078bb00000)
  from space 512K, 37% used [0x00000007ab800000,0x00000007ab830000,0x00000007ab880000)
  to   space 9728K, 0% used [0x00000007aa580000,0x00000007aa580000,0x00000007aaf00000)
 ParOldGen       total 154624K, used 76541K [0x00000006de800000, 0x00000006e7f00000, 0x0000000774d80000)
  object space 154624K, 49% used [0x00000006de800000,0x00000006e32bf6c0,0x00000006e7f00000)
 Metaspace       used 17098K, capacity 17272K, committed 17536K, reserved 1064960K
  class space    used 1548K, capacity 1648K, committed 1664K, reserved 1048576K
}

Deoptimization events (10 events):
Event: 2.936 Thread 0x0000000002812800 Uncommon trap: reason=unstable_if action=reinterpret pc=0x0000000002c44c34 method=java.lang.reflect.AccessibleObject.setAccessible0(Ljava/lang/reflect/AccessibleObject;Z)V @ 4
Event: 2.940 Thread 0x0000000002812800 Uncommon trap: reason=unstable_if action=reinterpret pc=0x0000000002c3cf08 method=java.util.HashMap.containsKey(Ljava/lang/Object;)Z @ 9
Event: 3.315 Thread 0x000000001e700000 Uncommon trap: reason=unstable_if action=reinterpret pc=0x0000000002cef06c method=processing.opengl.Texture.convertToRGBA([IIII)V @ 339
Event: 16.911 Thread 0x000000001e700000 Uncommon trap: reason=unstable_if action=reinterpret pc=0x0000000002d59e24 method=processing.opengl.PGraphicsOpenGL$InGeometry.addVertex(FFFIFFFFFIFIIIFIZ)I @ 379
Event: 16.911 Thread 0x000000001e700000 Uncommon trap: reason=unstable_if action=reinterpret pc=0x0000000002ddd574 method=processing.opengl.PGraphicsOpenGL.tessellate(I)V @ 153
Event: 16.919 Thread 0x000000001e700000 Uncommon trap: reason=class_check action=maybe_recompile pc=0x0000000002ced6e4 method=java.util.regex.Pattern.compile()V @ 246
Event: 16.920 Thread 0x000000001e700000 Uncommon trap: reason=class_check action=maybe_recompile pc=0x0000000002ced6e4 method=java.util.regex.Pattern.compile()V @ 246
Event: 16.920 Thread 0x000000001e700000 Uncommon trap: reason=class_check action=maybe_recompile pc=0x0000000002ced6e4 method=java.util.regex.Pattern.compile()V @ 246
Event: 16.920 Thread 0x000000001e700000 Uncommon trap: reason=class_check action=maybe_recompile pc=0x0000000002ced6e4 method=java.util.regex.Pattern.compile()V @ 246
Event: 16.929 Thread 0x000000001e700000 Uncommon trap: reason=predicate action=maybe_recompile pc=0x0000000002ecf054 method=java.util.regex.Pattern$Slice.match(Ljava/util/regex/Matcher;ILjava/lang/CharSequence;)Z @ 21

Internal exceptions (10 events):
Event: 0.035 Thread 0x0000000002812800 Exception <a 'java/lang/NoSuchMethodError': Method sun.misc.Unsafe.defineClass(Ljava/lang/String;[BII)Ljava/lang/Class; name or signature does not match> (0x0000000774d87ca8) thrown at [C:\re\workspace\8-2-build-windows-amd64-cygwin\jdk8u121\8372\hotspot\
Event: 0.035 Thread 0x0000000002812800 Exception <a 'java/lang/NoSuchMethodError': Method sun.misc.Unsafe.prefetchRead(Ljava/lang/Object;J)V name or signature does not match> (0x0000000774d87f90) thrown at [C:\re\workspace\8-2-build-windows-amd64-cygwin\jdk8u121\8372\hotspot\src\share\vm\prims
Event: 0.158 Thread 0x0000000002812800 Exception <a 'java/security/PrivilegedActionException'> (0x0000000775148290) thrown at [C:\re\workspace\8-2-build-windows-amd64-cygwin\jdk8u121\8372\hotspot\src\share\vm\prims\jvm.cpp, line 1390]
Event: 0.158 Thread 0x0000000002812800 Exception <a 'java/security/PrivilegedActionException'> (0x00000007751484a0) thrown at [C:\re\workspace\8-2-build-windows-amd64-cygwin\jdk8u121\8372\hotspot\src\share\vm\prims\jvm.cpp, line 1390]
Event: 0.159 Thread 0x0000000002812800 Exception <a 'java/security/PrivilegedActionException'> (0x000000077514c598) thrown at [C:\re\workspace\8-2-build-windows-amd64-cygwin\jdk8u121\8372\hotspot\src\share\vm\prims\jvm.cpp, line 1390]
Event: 0.159 Thread 0x0000000002812800 Exception <a 'java/security/PrivilegedActionException'> (0x000000077514c7a8) thrown at [C:\re\workspace\8-2-build-windows-amd64-cygwin\jdk8u121\8372\hotspot\src\share\vm\prims\jvm.cpp, line 1390]
Event: 0.164 Thread 0x0000000002812800 Exception <a 'java/io/FileNotFoundException'> (0x000000077514ea20) thrown at [C:\re\workspace\8-2-build-windows-amd64-cygwin\jdk8u121\8372\hotspot\src\share\vm\prims\jni.cpp, line 709]
Event: 0.197 Thread 0x0000000002812800 Exception <a 'java/lang/NoSuchFieldError': method resolution failed> (0x000000077521bb40) thrown at [C:\re\workspace\8-2-build-windows-amd64-cygwin\jdk8u121\8372\hotspot\src\share\vm\prims\methodHandles.cpp, line 1146]
Event: 0.198 Thread 0x0000000002812800 Exception <a 'java/lang/NoSuchFieldError': method resolution failed> (0x0000000775229078) thrown at [C:\re\workspace\8-2-build-windows-amd64-cygwin\jdk8u121\8372\hotspot\src\share\vm\prims\methodHandles.cpp, line 1146]
Event: 0.249 Thread 0x0000000002812800 Exception <a 'java/io/FileNotFoundException'> (0x00000007752c48b0) thrown at [C:\re\workspace\8-2-build-windows-amd64-cygwin\jdk8u121\8372\hotspot\src\share\vm\prims\jni.cpp, line 709]

Events (10 events):
Event: 45.180 Executing VM operation: ParallelGCFailedAllocation
Event: 45.181 Executing VM operation: ParallelGCFailedAllocation done
Event: 46.096 Executing VM operation: ParallelGCFailedAllocation
Event: 46.098 Executing VM operation: ParallelGCFailedAllocation done
Event: 47.017 Executing VM operation: ParallelGCFailedAllocation
Event: 47.018 Executing VM operation: ParallelGCFailedAllocation done
Event: 47.868 Executing VM operation: ParallelGCFailedAllocation
Event: 47.871 Executing VM operation: ParallelGCFailedAllocation done
Event: 48.319 loading class com/jogamp/newt/event/KeyEvent$NonPrintableRange
Event: 48.319 loading class com/jogamp/newt/event/KeyEvent$NonPrintableRange done


Dynamic libraries:
0x00007ff79f3f0000 - 0x00007ff79f427000 	C:\Program Files\Java\jdk1.8.0_121\bin\java.exe
0x00007ffd51fa0000 - 0x00007ffd52171000 	C:\Windows\SYSTEM32\ntdll.dll
0x00007ffd506b0000 - 0x00007ffd5075b000 	C:\Windows\System32\KERNEL32.DLL
0x00007ffd4ef00000 - 0x00007ffd4f11d000 	C:\Windows\System32\KERNELBASE.dll
0x00007ffd4ff40000 - 0x00007ffd4ffe2000 	C:\Windows\System32\ADVAPI32.dll
0x00007ffd50760000 - 0x00007ffd507fe000 	C:\Windows\System32\msvcrt.dll
0x00007ffd4fcf0000 - 0x00007ffd4fd49000 	C:\Windows\System32\sechost.dll
0x00007ffd4f810000 - 0x00007ffd4f931000 	C:\Windows\System32\RPCRT4.dll
0x00007ffd4f9b0000 - 0x00007ffd4fb15000 	C:\Windows\System32\USER32.dll
0x00007ffd4e5e0000 - 0x00007ffd4e5fe000 	C:\Windows\System32\win32u.dll
0x00007ffd509f0000 - 0x00007ffd50a24000 	C:\Windows\System32\GDI32.dll
0x00007ffd4f1d0000 - 0x00007ffd4f352000 	C:\Windows\System32\gdi32full.dll
0x00007ffd3f8e0000 - 0x00007ffd3fb59000 	C:\Windows\WinSxS\amd64_microsoft.windows.common-controls_6595b64144ccf1df_6.0.14393.0_none_2d0f50fcbdb171b8\COMCTL32.dll
0x00007ffd4f530000 - 0x00007ffd4f7f7000 	C:\Windows\System32\combase.dll
0x00007ffd4e600000 - 0x00007ffd4e6f5000 	C:\Windows\System32\ucrtbase.dll
0x00007ffd4e700000 - 0x00007ffd4e76a000 	C:\Windows\System32\bcryptPrimitives.dll
0x00007ffd4fb20000 - 0x00007ffd4fb4e000 	C:\Windows\System32\IMM32.DLL
0x0000000057100000 - 0x00000000571d2000 	C:\Program Files\Java\jdk1.8.0_121\jre\bin\msvcr100.dll
0x0000000056860000 - 0x00000000570fb000 	C:\Program Files\Java\jdk1.8.0_121\jre\bin\server\jvm.dll
0x00007ffd4f800000 - 0x00007ffd4f808000 	C:\Windows\System32\PSAPI.DLL
0x00007ffd4c090000 - 0x00007ffd4c0b3000 	C:\Windows\SYSTEM32\WINMM.dll
0x00007ffd4b360000 - 0x00007ffd4b369000 	C:\Windows\SYSTEM32\WSOCK32.dll
0x00007ffd49510000 - 0x00007ffd4951a000 	C:\Windows\SYSTEM32\VERSION.dll
0x00007ffd50210000 - 0x00007ffd5027a000 	C:\Windows\System32\WS2_32.dll
0x00007ffd4bc90000 - 0x00007ffd4bcbb000 	C:\Windows\SYSTEM32\WINMMBASE.dll
0x00007ffd4eeb0000 - 0x00007ffd4eef2000 	C:\Windows\System32\cfgmgr32.dll
0x0000000056850000 - 0x000000005685f000 	C:\Program Files\Java\jdk1.8.0_121\jre\bin\verify.dll
0x0000000056820000 - 0x0000000056849000 	C:\Program Files\Java\jdk1.8.0_121\jre\bin\java.dll
0x0000000056800000 - 0x0000000056816000 	C:\Program Files\Java\jdk1.8.0_121\jre\bin\zip.dll
0x00007ffd50a90000 - 0x00007ffd51f98000 	C:\Windows\System32\SHELL32.dll
0x00007ffd4e7d0000 - 0x00007ffd4eeaa000 	C:\Windows\System32\windows.storage.dll
0x00007ffd4e4c0000 - 0x00007ffd4e50c000 	C:\Windows\System32\powrprof.dll
0x00007ffd50050000 - 0x00007ffd500a2000 	C:\Windows\System32\shlwapi.dll
0x00007ffd4e510000 - 0x00007ffd4e51f000 	C:\Windows\System32\kernel.appcore.dll
0x00007ffd4f120000 - 0x00007ffd4f1c9000 	C:\Windows\System32\shcore.dll
0x00007ffd4e4a0000 - 0x00007ffd4e4b4000 	C:\Windows\System32\profapi.dll
0x00007ffd4b1b0000 - 0x00007ffd4b1c0000 	C:\Program Files (x86)\JetBrains\IntelliJ IDEA 2016.3.4\bin\breakgen64.dll
0x00000000567e0000 - 0x00000000567fa000 	C:\Program Files\Java\jdk1.8.0_121\jre\bin\net.dll
0x00007ffd4ddd0000 - 0x00007ffd4de2c000 	C:\Windows\system32\mswsock.dll
0x0000000056640000 - 0x00000000567d8000 	C:\Program Files\Java\jdk1.8.0_121\jre\bin\awt.dll
0x00007ffd4fd70000 - 0x00007ffd4fe2c000 	C:\Windows\System32\OLEAUT32.dll
0x00007ffd4c6f0000 - 0x00007ffd4c76a000 	C:\Windows\SYSTEM32\apphelp.dll
0x00007ffd4cb80000 - 0x00007ffd4cc15000 	C:\Windows\system32\uxtheme.dll
0x00007ffd500b0000 - 0x00007ffd5020b000 	C:\Windows\System32\MSCTF.dll
0x00007ffd4b9e0000 - 0x00007ffd4ba06000 	C:\Windows\system32\dwmapi.dll
0x00007ffd50800000 - 0x00007ffd50937000 	C:\Windows\System32\ole32.dll
0x00007ffd18e40000 - 0x00007ffd18f63000 	C:\Windows\system32\opengl32.dll
0x00007ffd37d80000 - 0x00007ffd37dad000 	C:\Windows\SYSTEM32\GLU32.dll
0x00007ffd17d70000 - 0x00007ffd17e67000 	C:\Windows\SYSTEM32\DDRAW.dll
0x00007ffd4c7c0000 - 0x00007ffd4c7c8000 	C:\Windows\SYSTEM32\DCIMAN32.dll
0x00007ffd1ba60000 - 0x00007ffd1bbed000 	C:\Windows\system32\d3d9.dll
0x00007ffd0d540000 - 0x00007ffd0e54f000 	C:\Windows\System32\DriverStore\FileRepository\nvami.inf_amd64_fba2180c780ad9c0\nvd3dumx.dll
0x00007ffd403e0000 - 0x00007ffd405b1000 	C:\Windows\system32\nvspcap64.dll
0x00007ffd50280000 - 0x00007ffd506a9000 	C:\Windows\System32\SETUPAPI.dll
0x00007ffd4b800000 - 0x00007ffd4b813000 	C:\Windows\SYSTEM32\WTSAPI32.dll
0x00007ffd45690000 - 0x00007ffd4575c000 	C:\Windows\SYSTEM32\WINHTTP.dll
0x00007ffd46250000 - 0x00007ffd4666e000 	C:\Windows\system32\nvapi64.dll
0x00007ffd4d430000 - 0x00007ffd4d4cf000 	C:\Windows\SYSTEM32\dxgi.dll
0x00007ffd4d170000 - 0x00007ffd4d198000 	C:\Windows\SYSTEM32\DEVOBJ.dll
0x00007ffd4e770000 - 0x00007ffd4e7c5000 	C:\Windows\System32\WINTRUST.dll
0x00007ffd4e520000 - 0x00007ffd4e530000 	C:\Windows\System32\MSASN1.dll
0x00007ffd4f360000 - 0x00007ffd4f528000 	C:\Windows\System32\CRYPT32.dll
0x00007ffd477c0000 - 0x00007ffd478a7000 	C:\Program Files (x86)\NVIDIA Corporation\3D Vision\nvSCPAPI64.dll
0x00007ffd4df70000 - 0x00007ffd4df87000 	C:\Windows\SYSTEM32\CRYPTSP.dll
0x00007ffd4da60000 - 0x00007ffd4da93000 	C:\Windows\system32\rsaenh.dll
0x00007ffd4e3e0000 - 0x00007ffd4e40b000 	C:\Windows\SYSTEM32\bcrypt.dll
0x00007ffd4dc50000 - 0x00007ffd4dc6f000 	C:\Windows\SYSTEM32\USERENV.dll
0x00007ffd4df90000 - 0x00007ffd4df9b000 	C:\Windows\SYSTEM32\CRYPTBASE.dll
0x00007ffd4db60000 - 0x00007ffd4db98000 	C:\Windows\SYSTEM32\IPHLPAPI.DLL
0x00007ffd50940000 - 0x00007ffd50948000 	C:\Windows\System32\NSI.dll
0x00007ffd49530000 - 0x00007ffd49546000 	C:\Windows\SYSTEM32\dhcpcsvc6.DLL
0x00007ffd499d0000 - 0x00007ffd499ea000 	C:\Windows\SYSTEM32\dhcpcsvc.DLL
0x0000000056620000 - 0x0000000056631000 	C:\Program Files\Java\jdk1.8.0_121\jre\bin\nio.dll
0x00000000637c0000 - 0x00000000637cd000 	C:\Users\andre\AppData\Local\Temp\jogamp_0000\file_cache\jln8315878672704214560\jln3220268591152208509\natives\windows-amd64\gluegen-rt.dll
0x0000000056550000 - 0x0000000056557000 	C:\Program Files\Java\jdk1.8.0_121\jre\bin\jawt.dll
0x000000006a440000 - 0x000000006a44d000 	C:\Users\andre\AppData\Local\Temp\jogamp_0000\file_cache\jln8315878672704214560\jln3220268591152208509\natives\windows-amd64\nativewindow_awt.dll
0x000000006c100000 - 0x000000006c10f000 	C:\Users\andre\AppData\Local\Temp\jogamp_0000\file_cache\jln8315878672704214560\jln3220268591152208509\natives\windows-amd64\nativewindow_win32.dll
0x000000006cbc0000 - 0x000000006cbd3000 	C:\Users\andre\AppData\Local\Temp\jogamp_0000\file_cache\jln8315878672704214560\jln3220268591152208509\natives\windows-amd64\newt.dll
0x00007ffd3a410000 - 0x00007ffd3a4a1000 	C:\Windows\SYSTEM32\mscms.dll
0x00007ffd28d60000 - 0x00007ffd28da2000 	C:\Windows\SYSTEM32\icm32.dll
0x0000000064500000 - 0x00000000645b1000 	C:\Users\andre\AppData\Local\Temp\jogamp_0000\file_cache\jln8315878672704214560\jln3220268591152208509\natives\windows-amd64\jogl_desktop.dll
0x0000000064340000 - 0x00000000643a2000 	C:\Users\andre\AppData\Local\Temp\jogamp_0000\file_cache\jln8315878672704214560\jln3220268591152208509\natives\windows-amd64\jogl_mobile.dll
0x0000000057210000 - 0x00000000593a4000 	C:\Windows\SYSTEM32\nvoglv64.DLL
0x00007ffd4d8b0000 - 0x00007ffd4d8e2000 	C:\Windows\SYSTEM32\ntmarta.dll
0x00007ffd4d610000 - 0x00007ffd4d666000 	C:\Windows\SYSTEM32\WINSTA.dll
0x0000000056500000 - 0x0000000056547000 	C:\Program Files\Java\jdk1.8.0_121\jre\bin\fontmanager.dll
0x00000000564b0000 - 0x00000000564f2000 	C:\Program Files\Java\jdk1.8.0_121\jre\bin\t2k.dll
0x00007ffd16ad0000 - 0x00007ffd16c6c000 	C:\Users\andre\IdeaProjects\ambientes2.0\libs\kinectPV2\Kinect20.Face.dll
0x00007ffd446c0000 - 0x00007ffd44767000 	C:\Windows\SYSTEM32\MSVCP110.dll
0x00007ffd44cd0000 - 0x00007ffd44da4000 	C:\Windows\SYSTEM32\MSVCR110.dll
0x00007ffd42ae0000 - 0x00007ffd42af1000 	C:\Users\andre\IdeaProjects\ambientes2.0\libs\kinectPV2\KinectPV2.dll
0x00007ffd19080000 - 0x00007ffd1913a000 	C:\Windows\SYSTEM32\Kinect20.dll
0x00007ffd4aac0000 - 0x00007ffd4ac28000 	C:\Windows\SYSTEM32\MFPlat.DLL
0x00007ffd4a9a0000 - 0x00007ffd4a9ce000 	C:\Windows\SYSTEM32\RTWorkQ.DLL
0x00007ffd4a800000 - 0x00007ffd4a992000 	C:\Windows\SYSTEM32\dbghelp.dll

VM Arguments:
jvm_args: -Djava.library.path=C:\Users\andre\IdeaProjects\ambientes2.0\libs\kinectPV2 -Didea.launcher.port=7535 -Didea.launcher.bin.path=C:\Program Files (x86)\JetBrains\IntelliJ IDEA 2016.3.4\bin -Dfile.encoding=UTF-8 
java_command: com.intellij.rt.execution.application.AppMain root.Main
java_class_path (initial): C:\Program Files\Java\jdk1.8.0_121\jre\lib\charsets.jar;C:\Program Files\Java\jdk1.8.0_121\jre\lib\deploy.jar;C:\Program Files\Java\jdk1.8.0_121\jre\lib\ext\access-bridge-64.jar;C:\Program Files\Java\jdk1.8.0_121\jre\lib\ext\cldrdata.jar;C:\Program Files\Java\jdk1.8.0_121\jre\lib\ext\dnsns.jar;C:\Program Files\Java\jdk1.8.0_121\jre\lib\ext\jaccess.jar;C:\Program Files\Java\jdk1.8.0_121\jre\lib\ext\jfxrt.jar;C:\Program Files\Java\jdk1.8.0_121\jre\lib\ext\localedata.jar;C:\Program Files\Java\jdk1.8.0_121\jre\lib\ext\nashorn.jar;C:\Program Files\Java\jdk1.8.0_121\jre\lib\ext\sunec.jar;C:\Program Files\Java\jdk1.8.0_121\jre\lib\ext\sunjce_provider.jar;C:\Program Files\Java\jdk1.8.0_121\jre\lib\ext\sunmscapi.jar;C:\Program Files\Java\jdk1.8.0_121\jre\lib\ext\sunpkcs11.jar;C:\Program Files\Java\jdk1.8.0_121\jre\lib\ext\zipfs.jar;C:\Program Files\Java\jdk1.8.0_121\jre\lib\javaws.jar;C:\Program Files\Java\jdk1.8.0_121\jre\lib\jce.jar;C:\Program Files\Java\jdk1.8.0_121\jre\lib\jfr.jar;C:\Program Files\Java\jdk1.8.0_121\jre\lib\jfxswt.jar;C:\Program Files\Java\jdk1.8.0_121\jre\lib\jsse.jar;C:\Program Files\Java\jdk1.8.0_121\jre\lib\management-agent.jar;C:\Program Files\Java\jdk1.8.0_121\jre\lib\plugin.jar;C:\Program Files\Java\jdk1.8.0_121\jre\lib\resources.jar;C:\Program Files\Java\jdk1.8.0_121\jre\lib\rt.jar;C:\Users\andre\IdeaProjects\ambientes2.0\out\production\ambientes2.0;C:\Users\andre\IdeaProjects\ambientes2.0\libs\p3.01\core.jar;C:\Users\andre\IdeaProjects\ambientes2.0\libs\p3.01\jogl-all.jar;C:\Users\andre\IdeaProjects\ambientes2.0\libs\p3.01\gluegen-rt.jar;C:\Users\andre\IdeaProjects\ambientes2.0\libs\p3.01\jogl-all-natives-linux-i586.jar;C:\Users\andre\IdeaProjects\ambientes2.0\libs\p3.01\jogl-all-natives-linux-amd64.jar;C:\Users\andre\IdeaProjects\ambientes2.0\libs\p3.01\gluegen-rt-natives-linux-i586.jar;C:\Users\andre\IdeaProjects\ambientes2.0\libs\p3.01\jogl-all-natives-windows-i586.jar;C:\Users\andre\IdeaProjects\ambientes2.0\libs\
Launcher Type: SUN_STANDARD

Environment Variables:
PATH=C:\ProgramData\Oracle\Java\javapath;C:\Program Files (x86)\Intel\iCLS Client\;C:\Program Files\Intel\iCLS Client\;C:\Windows\system32;C:\Windows;C:\Windows\System32\Wbem;C:\Windows\System32\WindowsPowerShell\v1.0\;C:\Program Files (x86)\NVIDIA Corporation\PhysX\Common;C:\Program Files (x86)\Intel\Intel(R) Management Engine Components\DAL;C:\Program Files\Intel\Intel(R) Management Engine Components\DAL;C:\Program Files (x86)\Intel\Intel(R) Management Engine Components\IPT;C:\Program Files\Intel\Intel(R) Management Engine Components\IPT;C:\Program Files\Intel\WiFi\bin\;C:\Program Files\Common Files\Intel\WirelessCommon\;C:\Windows\system32;C:\Windows;C:\Windows\System32\Wbem;C:\Windows\System32\WindowsPowerShell\v1.0\;C:\Program Files\Git\cmd;C:\Program Files (x86)\Brackets\command;C:\Program Files\nodejs\;C:\Users\andre\AppData\Local\Microsoft\WindowsApps;C:\Users\andre\AppData\Roaming\npm
USERNAME=andre
OS=Windows_NT
PROCESSOR_IDENTIFIER=Intel64 Family 6 Model 94 Stepping 3, GenuineIntel



---------------  S Y S T E M  ---------------

OS: Windows 10.0 , 64 bit Build 14393 (10.0.14393.0)

CPU:total 8 (4 cores per cpu, 2 threads per core) family 6 model 94 stepping 3, cmov, cx8, fxsr, mmx, sse, sse2, sse3, ssse3, sse4.1, sse4.2, popcnt, avx, avx2, aes, clmul, erms, rtm, 3dnowpref, lzcnt, ht, tsc, tscinvbit, bmi1, bmi2, adx

Memory: 4k page, physical 14770404k(6819340k free), swap 16998628k(6767260k free)

vm_info: Java HotSpot(TM) 64-Bit Server VM (25.121-b13) for windows-amd64 JRE (1.8.0_121-b13), built on Dec 12 2016 18:21:36 by "java_re" with MS VC++ 10.0 (VS2010)

time: Sun Mar 05 12:22:22 2017
elapsed time: 48 seconds (0d 0h 0m 48s)

